{"meta": {"format": 3, "version": "7.11.0", "timestamp": "2025-11-29T09:42:23.979144", "branch_coverage": true, "show_contexts": false}, "files": {"claude_verify_i1t4_completion.py": {"executed_lines": [], "summary": {"covered_lines": 0, "num_statements": 81, "percent_covered": 0.0, "percent_covered_display": "0", "missing_lines": 81, "excluded_lines": 2, "num_branches": 18, "num_partial_branches": 0, "covered_branches": 0, "missing_branches": 18}, "missing_lines": [17, 18, 19, 22, 24, 27, 29, 30, 31, 32, 35, 36, 38, 39, 40, 41, 42, 43, 46, 47, 48, 49, 50, 51, 54, 55, 62, 63, 64, 65, 68, 69, 70, 73, 74, 84, 85, 87, 88, 89, 92, 93, 94, 95, 96, 98, 99, 102, 103, 105, 115, 116, 117, 119, 120, 121, 124, 125, 126, 128, 129, 130, 133, 134, 135, 137, 138, 139, 142, 143, 144, 145, 146, 147, 148, 149, 150, 151, 152, 153, 155], "excluded_lines": [158, 159], "executed_branches": [], "missing_branches": [[39, 40], [39, 42], [47, 48], [47, 50], [62, 63], [62, 68], [85, 87], [85, 98], [93, 94], [93, 96], [115, 116], [115, 121], [116, 117], [116, 119], [125, 126], [125, 128], [134, 135], [134, 137]], "functions": {"run_command": {"executed_lines": [], "summary": {"covered_lines": 0, "num_statements": 1, "percent_covered": 0.0, "percent_covered_display": "0", "missing_lines": 1, "excluded_lines": 0, "num_branches": 0, "num_partial_branches": 0, "covered_branches": 0, "missing_branches": 0}, "missing_lines": [24], "excluded_lines": [], "executed_branches": [], "missing_branches": []}, "main": {"executed_lines": [], "summary": {"covered_lines": 0, "num_statements": 75, "percent_covered": 0.0, "percent_covered_display": "0", "missing_lines": 75, "excluded_lines": 0, "num_branches": 18, "num_partial_branches": 0, "covered_branches": 0, "missing_branches": 18}, "missing_lines": [29, 30, 31, 32, 35, 36, 38, 39, 40, 41, 42, 43, 46, 47, 48, 49, 50, 51, 54, 55, 62, 63, 64, 65, 68, 69, 70, 73, 74, 84, 85, 87, 88, 89, 92, 93, 94, 95, 96, 98, 99, 102, 103, 105, 115, 116, 117, 119, 120, 121, 124, 125, 126, 128, 129, 130, 133, 134, 135, 137, 138, 139, 142, 143, 144, 145, 146, 147, 148, 149, 150, 151, 152, 153, 155], "excluded_lines": [], "executed_branches": [], "missing_branches": [[39, 40], [39, 42], [47, 48], [47, 50], [62, 63], [62, 68], [85, 87], [85, 98], [93, 94], [93, 96], [115, 116], [115, 121], [116, 117], [116, 119], [125, 126], [125, 128], [134, 135], [134, 137]]}, "": {"executed_lines": [], "summary": {"covered_lines": 0, "num_statements": 5, "percent_covered": 0.0, "percent_covered_display": "0", "missing_lines": 5, "excluded_lines": 2, "num_branches": 0, "num_partial_branches": 0, "covered_branches": 0, "missing_branches": 0}, "missing_lines": [17, 18, 19, 22, 27], "excluded_lines": [158, 159], "executed_branches": [], "missing_branches": []}}, "classes": {"": {"executed_lines": [], "summary": {"covered_lines": 0, "num_statements": 81, "percent_covered": 0.0, "percent_covered_display": "0", "missing_lines": 81, "excluded_lines": 2, "num_branches": 18, "num_partial_branches": 0, "covered_branches": 0, "missing_branches": 18}, "missing_lines": [17, 18, 19, 22, 24, 27, 29, 30, 31, 32, 35, 36, 38, 39, 40, 41, 42, 43, 46, 47, 48, 49, 50, 51, 54, 55, 62, 63, 64, 65, 68, 69, 70, 73, 74, 84, 85, 87, 88, 89, 92, 93, 94, 95, 96, 98, 99, 102, 103, 105, 115, 116, 117, 119, 120, 121, 124, 125, 126, 128, 129, 130, 133, 134, 135, 137, 138, 139, 142, 143, 144, 145, 146, 147, 148, 149, 150, 151, 152, 153, 155], "excluded_lines": [158, 159], "executed_branches": [], "missing_branches": [[39, 40], [39, 42], [47, 48], [47, 50], [62, 63], [62, 68], [85, 87], [85, 98], [93, 94], [93, 96], [115, 116], [115, 121], [116, 117], [116, 119], [125, 126], [125, 128], [134, 135], [134, 137]]}}}, "claude_verify_i2t1.py": {"executed_lines": [], "summary": {"covered_lines": 0, "num_statements": 198, "percent_covered": 0.0, "percent_covered_display": "0", "missing_lines": 198, "excluded_lines": 2, "num_branches": 2, "num_partial_branches": 0, "covered_branches": 0, "missing_branches": 2}, "missing_lines": [7, 8, 9, 12, 21, 31, 33, 36, 37, 40, 41, 44, 45, 46, 47, 48, 49, 52, 53, 54, 55, 56, 57, 60, 62, 65, 66, 67, 68, 69, 72, 73, 74, 75, 76, 79, 80, 81, 82, 83, 86, 88, 91, 92, 93, 94, 95, 98, 99, 100, 101, 104, 105, 106, 107, 108, 109, 112, 114, 117, 118, 119, 120, 121, 122, 125, 126, 127, 128, 131, 132, 133, 136, 137, 138, 139, 140, 143, 145, 147, 148, 149, 150, 151, 154, 156, 158, 159, 160, 163, 164, 165, 168, 170, 173, 174, 175, 176, 177, 179, 181, 182, 183, 184, 185, 186, 189, 190, 191, 192, 193, 194, 197, 199, 202, 213, 214, 215, 216, 217, 218, 219, 220, 223, 224, 225, 226, 229, 230, 239, 240, 241, 244, 246, 249, 250, 251, 254, 255, 266, 267, 268, 271, 272, 273, 276, 277, 278, 279, 280, 282, 283, 284, 285, 286, 289, 290, 291, 292, 293, 296, 297, 298, 299, 300, 303, 304, 305, 306, 307, 310, 311, 312, 315, 317, 318, 319, 321, 322, 323, 324, 325, 326, 327, 328, 329, 330, 332, 333, 334, 335, 336, 337, 338, 339, 340, 341, 342], "excluded_lines": [345, 346], "executed_branches": [], "missing_branches": [[47, 48], [47, 49]], "functions": {"test_njit_decorator": {"executed_lines": [], "summary": {"covered_lines": 0, "num_statements": 13, "percent_covered": 0.0, "percent_covered_display": "0", "missing_lines": 13, "excluded_lines": 0, "num_branches": 0, "num_partial_branches": 0, "covered_branches": 0, "missing_branches": 0}, "missing_lines": [33, 36, 37, 40, 41, 44, 45, 52, 53, 54, 55, 56, 57], "excluded_lines": [], "executed_branches": [], "missing_branches": []}, "test_njit_decorator.add_arrays": {"executed_lines": [], "summary": {"covered_lines": 0, "num_statements": 4, "percent_covered": 0.0, "percent_covered_display": "0", "missing_lines": 4, "excluded_lines": 0, "num_branches": 2, "num_partial_branches": 0, "covered_branches": 0, "missing_branches": 2}, "missing_lines": [46, 47, 48, 49], "excluded_lines": [], "executed_branches": [], "missing_branches": [[47, 48], [47, 49]]}, "test_ensure_float64": {"executed_lines": [], "summary": {"covered_lines": 0, "num_statements": 16, "percent_covered": 0.0, "percent_covered_display": "0", "missing_lines": 16, "excluded_lines": 0, "num_branches": 0, "num_partial_branches": 0, "covered_branches": 0, "missing_branches": 0}, "missing_lines": [62, 65, 66, 67, 68, 69, 72, 73, 74, 75, 76, 79, 80, 81, 82, 83], "excluded_lines": [], "executed_branches": [], "missing_branches": []}, "test_ensure_int64": {"executed_lines": [], "summary": {"covered_lines": 0, "num_statements": 16, "percent_covered": 0.0, "percent_covered_display": "0", "missing_lines": 16, "excluded_lines": 0, "num_branches": 0, "num_partial_branches": 0, "covered_branches": 0, "missing_branches": 0}, "missing_lines": [88, 91, 92, 93, 94, 95, 98, 99, 100, 101, 104, 105, 106, 107, 108, 109], "excluded_lines": [], "executed_branches": [], "missing_branches": []}, "test_preallocate_array": {"executed_lines": [], "summary": {"covered_lines": 0, "num_statements": 19, "percent_covered": 0.0, "percent_covered_display": "0", "missing_lines": 19, "excluded_lines": 0, "num_branches": 0, "num_partial_branches": 0, "covered_branches": 0, "missing_branches": 0}, "missing_lines": [114, 117, 118, 119, 120, 121, 122, 125, 126, 127, 128, 131, 132, 133, 136, 137, 138, 139, 140], "excluded_lines": [], "executed_branches": [], "missing_branches": []}, "test_preallocate_2d_array": {"executed_lines": [], "summary": {"covered_lines": 0, "num_statements": 6, "percent_covered": 0.0, "percent_covered_display": "0", "missing_lines": 6, "excluded_lines": 0, "num_branches": 0, "num_partial_branches": 0, "covered_branches": 0, "missing_branches": 0}, "missing_lines": [145, 147, 148, 149, 150, 151], "excluded_lines": [], "executed_branches": [], "missing_branches": []}, "test_is_contiguous": {"executed_lines": [], "summary": {"covered_lines": 0, "num_statements": 7, "percent_covered": 0.0, "percent_covered_display": "0", "missing_lines": 7, "excluded_lines": 0, "num_branches": 0, "num_partial_branches": 0, "covered_branches": 0, "missing_branches": 0}, "missing_lines": [156, 158, 159, 160, 163, 164, 165], "excluded_lines": [], "executed_branches": [], "missing_branches": []}, "test_validate_ohlcv_arrays": {"executed_lines": [], "summary": {"covered_lines": 0, "num_statements": 19, "percent_covered": 0.0, "percent_covered_display": "0", "missing_lines": 19, "excluded_lines": 0, "num_branches": 0, "num_partial_branches": 0, "covered_branches": 0, "missing_branches": 0}, "missing_lines": [170, 173, 174, 175, 176, 177, 179, 181, 182, 183, 184, 185, 186, 189, 190, 191, 192, 193, 194], "excluded_lines": [], "executed_branches": [], "missing_branches": []}, "test_bar_series": {"executed_lines": [], "summary": {"covered_lines": 0, "num_statements": 19, "percent_covered": 0.0, "percent_covered_display": "0", "missing_lines": 19, "excluded_lines": 0, "num_branches": 0, "num_partial_branches": 0, "covered_branches": 0, "missing_branches": 0}, "missing_lines": [199, 202, 213, 214, 215, 216, 217, 218, 219, 220, 223, 224, 225, 226, 229, 230, 239, 240, 241], "excluded_lines": [], "executed_branches": [], "missing_branches": []}, "test_bar_factory_registry": {"executed_lines": [], "summary": {"covered_lines": 0, "num_statements": 39, "percent_covered": 0.0, "percent_covered_display": "0", "missing_lines": 39, "excluded_lines": 0, "num_branches": 0, "num_partial_branches": 0, "covered_branches": 0, "missing_branches": 0}, "missing_lines": [246, 249, 250, 251, 254, 266, 267, 268, 271, 272, 273, 276, 277, 278, 279, 280, 282, 283, 284, 285, 286, 289, 290, 291, 292, 293, 296, 297, 298, 299, 300, 303, 304, 305, 306, 307, 310, 311, 312], "excluded_lines": [], "executed_branches": [], "missing_branches": []}, "test_bar_factory_registry.test_generator": {"executed_lines": [], "summary": {"covered_lines": 0, "num_statements": 1, "percent_covered": 0.0, "percent_covered_display": "0", "missing_lines": 1, "excluded_lines": 0, "num_branches": 0, "num_partial_branches": 0, "covered_branches": 0, "missing_branches": 0}, "missing_lines": [255], "excluded_lines": [], "executed_branches": [], "missing_branches": []}, "main": {"executed_lines": [], "summary": {"covered_lines": 0, "num_statements": 24, "percent_covered": 0.0, "percent_covered_display": "0", "missing_lines": 24, "excluded_lines": 0, "num_branches": 0, "num_partial_branches": 0, "covered_branches": 0, "missing_branches": 0}, "missing_lines": [317, 318, 319, 321, 322, 323, 324, 325, 326, 327, 328, 329, 330, 332, 333, 334, 335, 336, 337, 338, 339, 340, 341, 342], "excluded_lines": [], "executed_branches": [], "missing_branches": []}, "": {"executed_lines": [], "summary": {"covered_lines": 0, "num_statements": 15, "percent_covered": 0.0, "percent_covered_display": "0", "missing_lines": 15, "excluded_lines": 2, "num_branches": 0, "num_partial_branches": 0, "covered_branches": 0, "missing_branches": 0}, "missing_lines": [7, 8, 9, 12, 21, 31, 60, 86, 112, 143, 154, 168, 197, 244, 315], "excluded_lines": [345, 346], "executed_branches": [], "missing_branches": []}}, "classes": {"": {"executed_lines": [], "summary": {"covered_lines": 0, "num_statements": 198, "percent_covered": 0.0, "percent_covered_display": "0", "missing_lines": 198, "excluded_lines": 2, "num_branches": 2, "num_partial_branches": 0, "covered_branches": 0, "missing_branches": 2}, "missing_lines": [7, 8, 9, 12, 21, 31, 33, 36, 37, 40, 41, 44, 45, 46, 47, 48, 49, 52, 53, 54, 55, 56, 57, 60, 62, 65, 66, 67, 68, 69, 72, 73, 74, 75, 76, 79, 80, 81, 82, 83, 86, 88, 91, 92, 93, 94, 95, 98, 99, 100, 101, 104, 105, 106, 107, 108, 109, 112, 114, 117, 118, 119, 120, 121, 122, 125, 126, 127, 128, 131, 132, 133, 136, 137, 138, 139, 140, 143, 145, 147, 148, 149, 150, 151, 154, 156, 158, 159, 160, 163, 164, 165, 168, 170, 173, 174, 175, 176, 177, 179, 181, 182, 183, 184, 185, 186, 189, 190, 191, 192, 193, 194, 197, 199, 202, 213, 214, 215, 216, 217, 218, 219, 220, 223, 224, 225, 226, 229, 230, 239, 240, 241, 244, 246, 249, 250, 251, 254, 255, 266, 267, 268, 271, 272, 273, 276, 277, 278, 279, 280, 282, 283, 284, 285, 286, 289, 290, 291, 292, 293, 296, 297, 298, 299, 300, 303, 304, 305, 306, 307, 310, 311, 312, 315, 317, 318, 319, 321, 322, 323, 324, 325, 326, 327, 328, 329, 330, 332, 333, 334, 335, 336, 337, 338, 339, 340, 341, 342], "excluded_lines": [345, 346], "executed_branches": [], "missing_branches": [[47, 48], [47, 49]]}}}, "claude_verify_i4t3.py": {"executed_lines": [], "summary": {"covered_lines": 0, "num_statements": 135, "percent_covered": 0.0, "percent_covered_display": "0", "missing_lines": 135, "excluded_lines": 4, "num_branches": 4, "num_partial_branches": 0, "covered_branches": 0, "missing_branches": 4}, "missing_lines": [13, 14, 16, 17, 19, 20, 21, 24, 26, 27, 30, 47, 50, 51, 54, 59, 60, 63, 64, 65, 66, 67, 69, 70, 73, 75, 76, 79, 80, 97, 100, 101, 104, 105, 106, 107, 111, 112, 113, 115, 116, 117, 119, 120, 121, 123, 124, 125, 127, 128, 129, 132, 133, 142, 143, 144, 147, 148, 149, 151, 152, 155, 157, 158, 161, 177, 193, 203, 206, 207, 210, 211, 212, 214, 215, 218, 220, 221, 224, 225, 241, 257, 267, 270, 271, 274, 275, 276, 277, 281, 282, 283, 284, 285, 286, 287, 288, 291, 292, 293, 296, 297, 298, 299, 300, 301, 304, 305, 306, 307, 309, 310, 313, 315, 316, 317, 319, 320, 321, 322, 323, 325, 326, 327, 328, 329, 330, 331, 332, 333, 334, 335, 337, 338, 339], "excluded_lines": [108, 278, 342, 343], "executed_branches": [], "missing_branches": [[142, 143], [142, 144], [304, 305], [304, 307]], "functions": {"test_backtest_text_report": {"executed_lines": [], "summary": {"covered_lines": 0, "num_statements": 16, "percent_covered": 0.0, "percent_covered_display": "0", "missing_lines": 16, "excluded_lines": 0, "num_branches": 0, "num_partial_branches": 0, "covered_branches": 0, "missing_branches": 0}, "missing_lines": [26, 27, 30, 47, 50, 51, 54, 59, 60, 63, 64, 65, 66, 67, 69, 70], "excluded_lines": [], "executed_branches": [], "missing_branches": []}, "test_backtest_json_report": {"executed_lines": [], "summary": {"covered_lines": 0, "num_statements": 36, "percent_covered": 0.0, "percent_covered_display": "0", "missing_lines": 36, "excluded_lines": 1, "num_branches": 2, "num_partial_branches": 0, "covered_branches": 0, "missing_branches": 2}, "missing_lines": [75, 76, 79, 80, 97, 100, 101, 104, 105, 106, 107, 111, 112, 113, 115, 116, 117, 119, 120, 121, 123, 124, 125, 127, 128, 129, 132, 133, 142, 143, 144, 147, 148, 149, 151, 152], "excluded_lines": [108], "executed_branches": [], "missing_branches": [[142, 143], [142, 144]]}, "test_sweep_text_report": {"executed_lines": [], "summary": {"covered_lines": 0, "num_statements": 13, "percent_covered": 0.0, "percent_covered_display": "0", "missing_lines": 13, "excluded_lines": 0, "num_branches": 0, "num_partial_branches": 0, "covered_branches": 0, "missing_branches": 0}, "missing_lines": [157, 158, 161, 177, 193, 203, 206, 207, 210, 211, 212, 214, 215], "excluded_lines": [], "executed_branches": [], "missing_branches": []}, "test_sweep_json_report": {"executed_lines": [], "summary": {"covered_lines": 0, "num_statements": 36, "percent_covered": 0.0, "percent_covered_display": "0", "missing_lines": 36, "excluded_lines": 1, "num_branches": 2, "num_partial_branches": 0, "covered_branches": 0, "missing_branches": 2}, "missing_lines": [220, 221, 224, 225, 241, 257, 267, 270, 271, 274, 275, 276, 277, 281, 282, 283, 284, 285, 286, 287, 288, 291, 292, 293, 296, 297, 298, 299, 300, 301, 304, 305, 306, 307, 309, 310], "excluded_lines": [278], "executed_branches": [], "missing_branches": [[304, 305], [304, 307]]}, "main": {"executed_lines": [], "summary": {"covered_lines": 0, "num_statements": 22, "percent_covered": 0.0, "percent_covered_display": "0", "missing_lines": 22, "excluded_lines": 0, "num_branches": 0, "num_partial_branches": 0, "covered_branches": 0, "missing_branches": 0}, "missing_lines": [315, 316, 317, 319, 320, 321, 322, 323, 325, 326, 327, 328, 329, 330, 331, 332, 333, 334, 335, 337, 338, 339], "excluded_lines": [], "executed_branches": [], "missing_branches": []}, "": {"executed_lines": [], "summary": {"covered_lines": 0, "num_statements": 12, "percent_covered": 0.0, "percent_covered_display": "0", "missing_lines": 12, "excluded_lines": 2, "num_branches": 0, "num_partial_branches": 0, "covered_branches": 0, "missing_branches": 0}, "missing_lines": [13, 14, 16, 17, 19, 20, 21, 24, 73, 155, 218, 313], "excluded_lines": [342, 343], "executed_branches": [], "missing_branches": []}}, "classes": {"": {"executed_lines": [], "summary": {"covered_lines": 0, "num_statements": 135, "percent_covered": 0.0, "percent_covered_display": "0", "missing_lines": 135, "excluded_lines": 4, "num_branches": 4, "num_partial_branches": 0, "covered_branches": 0, "missing_branches": 4}, "missing_lines": [13, 14, 16, 17, 19, 20, 21, 24, 26, 27, 30, 47, 50, 51, 54, 59, 60, 63, 64, 65, 66, 67, 69, 70, 73, 75, 76, 79, 80, 97, 100, 101, 104, 105, 106, 107, 111, 112, 113, 115, 116, 117, 119, 120, 121, 123, 124, 125, 127, 128, 129, 132, 133, 142, 143, 144, 147, 148, 149, 151, 152, 155, 157, 158, 161, 177, 193, 203, 206, 207, 210, 211, 212, 214, 215, 218, 220, 221, 224, 225, 241, 257, 267, 270, 271, 274, 275, 276, 277, 281, 282, 283, 284, 285, 286, 287, 288, 291, 292, 293, 296, 297, 298, 299, 300, 301, 304, 305, 306, 307, 309, 310, 313, 315, 316, 317, 319, 320, 321, 322, 323, 325, 326, 327, 328, 329, 330, 331, 332, 333, 334, 335, 337, 338, 339], "excluded_lines": [108, 278, 342, 343], "executed_branches": [], "missing_branches": [[142, 143], [142, 144], [304, 305], [304, 307]]}}}, "claude_verify_i4t4.py": {"executed_lines": [], "summary": {"covered_lines": 0, "num_statements": 215, "percent_covered": 0.0, "percent_covered_display": "0", "missing_lines": 215, "excluded_lines": 2, "num_branches": 24, "num_partial_branches": 0, "covered_branches": 0, "missing_branches": 24}, "missing_lines": [7, 8, 9, 11, 12, 13, 15, 16, 19, 20, 22, 23, 24, 27, 29, 30, 33, 34, 37, 48, 65, 67, 68, 71, 72, 73, 78, 79, 84, 87, 88, 95, 96, 103, 104, 111, 112, 113, 120, 121, 128, 129, 130, 131, 136, 137, 144, 145, 146, 147, 153, 156, 158, 159, 162, 163, 164, 169, 170, 175, 178, 179, 186, 187, 188, 189, 196, 197, 204, 205, 206, 213, 214, 221, 222, 223, 229, 232, 234, 235, 236, 239, 240, 241, 246, 247, 252, 255, 256, 263, 264, 271, 272, 279, 280, 281, 282, 289, 290, 291, 292, 299, 300, 307, 308, 309, 316, 317, 324, 325, 326, 327, 328, 333, 334, 340, 343, 345, 346, 349, 350, 351, 356, 357, 362, 365, 366, 373, 374, 381, 382, 383, 390, 391, 392, 393, 400, 401, 408, 409, 410, 411, 412, 413, 418, 419, 425, 428, 430, 431, 432, 435, 436, 437, 438, 441, 447, 454, 460, 467, 468, 469, 470, 472, 478, 484, 487, 489, 492, 493, 494, 499, 500, 507, 508, 509, 514, 515, 521, 524, 526, 527, 528, 529, 531, 533, 542, 543, 544, 545, 546, 548, 549, 550, 551, 552, 555, 556, 557, 559, 560, 561, 563, 564, 565, 566, 568, 569, 570, 572, 573, 574, 575, 576, 577], "excluded_lines": [580, 581], "executed_branches": [], "missing_branches": [[145, 146], [145, 153], [187, 188], [187, 196], [221, 222], [221, 229], [280, 281], [280, 289], [290, 291], [290, 299], [391, 392], [391, 408], [542, 543], [542, 555], [548, 542], [548, 549], [551, 548], [551, 552], [568, 569], [568, 572], [574, 575], [574, 577], [575, 574], [575, 576]], "functions": {"create_sample_result": {"executed_lines": [], "summary": {"covered_lines": 0, "num_statements": 6, "percent_covered": 0.0, "percent_covered_display": "0", "missing_lines": 6, "excluded_lines": 0, "num_branches": 0, "num_partial_branches": 0, "covered_branches": 0, "missing_branches": 0}, "missing_lines": [29, 30, 33, 34, 37, 48], "excluded_lines": [], "executed_branches": [], "missing_branches": []}, "verify_equity_curve": {"executed_lines": [], "summary": {"covered_lines": 0, "num_statements": 30, "percent_covered": 0.0, "percent_covered_display": "0", "missing_lines": 30, "excluded_lines": 0, "num_branches": 2, "num_partial_branches": 0, "covered_branches": 0, "missing_branches": 2}, "missing_lines": [67, 68, 71, 72, 73, 78, 79, 84, 87, 88, 95, 96, 103, 104, 111, 112, 113, 120, 121, 128, 129, 130, 131, 136, 137, 144, 145, 146, 147, 153], "excluded_lines": [], "executed_branches": [], "missing_branches": [[145, 146], [145, 153]]}, "verify_drawdown_chart": {"executed_lines": [], "summary": {"covered_lines": 0, "num_statements": 25, "percent_covered": 0.0, "percent_covered_display": "0", "missing_lines": 25, "excluded_lines": 0, "num_branches": 4, "num_partial_branches": 0, "covered_branches": 0, "missing_branches": 4}, "missing_lines": [158, 159, 162, 163, 164, 169, 170, 175, 178, 179, 186, 187, 188, 189, 196, 197, 204, 205, 206, 213, 214, 221, 222, 223, 229], "excluded_lines": [], "executed_branches": [], "missing_branches": [[187, 188], [187, 196], [221, 222], [221, 229]]}, "verify_trades_chart": {"executed_lines": [], "summary": {"covered_lines": 0, "num_statements": 38, "percent_covered": 0.0, "percent_covered_display": "0", "missing_lines": 38, "excluded_lines": 0, "num_branches": 4, "num_partial_branches": 0, "covered_branches": 0, "missing_branches": 4}, "missing_lines": [234, 235, 236, 239, 240, 241, 246, 247, 252, 255, 256, 263, 264, 271, 272, 279, 280, 281, 282, 289, 290, 291, 292, 299, 300, 307, 308, 309, 316, 317, 324, 325, 326, 327, 328, 333, 334, 340], "excluded_lines": [], "executed_branches": [], "missing_branches": [[280, 281], [280, 289], [290, 291], [290, 299]]}, "verify_monthly_heatmap": {"executed_lines": [], "summary": {"covered_lines": 0, "num_statements": 30, "percent_covered": 0.0, "percent_covered_display": "0", "missing_lines": 30, "excluded_lines": 0, "num_branches": 2, "num_partial_branches": 0, "covered_branches": 0, "missing_branches": 2}, "missing_lines": [345, 346, 349, 350, 351, 356, 357, 362, 365, 366, 373, 374, 381, 382, 383, 390, 391, 392, 393, 400, 401, 408, 409, 410, 411, 412, 413, 418, 419, 425], "excluded_lines": [], "executed_branches": [], "missing_branches": [[391, 392], [391, 408]]}, "verify_consistent_styling": {"executed_lines": [], "summary": {"covered_lines": 0, "num_statements": 18, "percent_covered": 0.0, "percent_covered_display": "0", "missing_lines": 18, "excluded_lines": 0, "num_branches": 0, "num_partial_branches": 0, "covered_branches": 0, "missing_branches": 0}, "missing_lines": [430, 431, 432, 435, 436, 437, 438, 441, 447, 454, 460, 467, 468, 469, 470, 472, 478, 484], "excluded_lines": [], "executed_branches": [], "missing_branches": []}, "verify_exports": {"executed_lines": [], "summary": {"covered_lines": 0, "num_statements": 12, "percent_covered": 0.0, "percent_covered_display": "0", "missing_lines": 12, "excluded_lines": 0, "num_branches": 0, "num_partial_branches": 0, "covered_branches": 0, "missing_branches": 0}, "missing_lines": [489, 492, 493, 494, 499, 500, 507, 508, 509, 514, 515, 521], "excluded_lines": [], "executed_branches": [], "missing_branches": []}, "main": {"executed_lines": [], "summary": {"covered_lines": 0, "num_statements": 35, "percent_covered": 0.0, "percent_covered_display": "0", "missing_lines": 35, "excluded_lines": 0, "num_branches": 12, "num_partial_branches": 0, "covered_branches": 0, "missing_branches": 12}, "missing_lines": [526, 527, 528, 529, 531, 533, 542, 543, 544, 545, 546, 548, 549, 550, 551, 552, 555, 556, 557, 559, 560, 561, 563, 564, 565, 566, 568, 569, 570, 572, 573, 574, 575, 576, 577], "excluded_lines": [], "executed_branches": [], "missing_branches": [[542, 543], [542, 555], [548, 542], [548, 549], [551, 548], [551, 552], [568, 569], [568, 572], [574, 575], [574, 577], [575, 574], [575, 576]]}, "": {"executed_lines": [], "summary": {"covered_lines": 0, "num_statements": 21, "percent_covered": 0.0, "percent_covered_display": "0", "missing_lines": 21, "excluded_lines": 2, "num_branches": 0, "num_partial_branches": 0, "covered_branches": 0, "missing_branches": 0}, "missing_lines": [7, 8, 9, 11, 12, 13, 15, 16, 19, 20, 22, 23, 24, 27, 65, 156, 232, 343, 428, 487, 524], "excluded_lines": [580, 581], "executed_branches": [], "missing_branches": []}}, "classes": {"TestResult": {"executed_lines": [], "summary": {"covered_lines": 0, "num_statements": 0, "percent_covered": 100.0, "percent_covered_display": "100", "missing_lines": 0, "excluded_lines": 0, "num_branches": 0, "num_partial_branches": 0, "covered_branches": 0, "missing_branches": 0}, "missing_lines": [], "excluded_lines": [], "executed_branches": [], "missing_branches": []}, "": {"executed_lines": [], "summary": {"covered_lines": 0, "num_statements": 215, "percent_covered": 0.0, "percent_covered_display": "0", "missing_lines": 215, "excluded_lines": 2, "num_branches": 24, "num_partial_branches": 0, "covered_branches": 0, "missing_branches": 24}, "missing_lines": [7, 8, 9, 11, 12, 13, 15, 16, 19, 20, 22, 23, 24, 27, 29, 30, 33, 34, 37, 48, 65, 67, 68, 71, 72, 73, 78, 79, 84, 87, 88, 95, 96, 103, 104, 111, 112, 113, 120, 121, 128, 129, 130, 131, 136, 137, 144, 145, 146, 147, 153, 156, 158, 159, 162, 163, 164, 169, 170, 175, 178, 179, 186, 187, 188, 189, 196, 197, 204, 205, 206, 213, 214, 221, 222, 223, 229, 232, 234, 235, 236, 239, 240, 241, 246, 247, 252, 255, 256, 263, 264, 271, 272, 279, 280, 281, 282, 289, 290, 291, 292, 299, 300, 307, 308, 309, 316, 317, 324, 325, 326, 327, 328, 333, 334, 340, 343, 345, 346, 349, 350, 351, 356, 357, 362, 365, 366, 373, 374, 381, 382, 383, 390, 391, 392, 393, 400, 401, 408, 409, 410, 411, 412, 413, 418, 419, 425, 428, 430, 431, 432, 435, 436, 437, 438, 441, 447, 454, 460, 467, 468, 469, 470, 472, 478, 484, 487, 489, 492, 493, 494, 499, 500, 507, 508, 509, 514, 515, 521, 524, 526, 527, 528, 529, 531, 533, 542, 543, 544, 545, 546, 548, 549, 550, 551, 552, 555, 556, 557, 559, 560, 561, 563, 564, 565, 566, 568, 569, 570, 572, 573, 574, 575, 576, 577], "excluded_lines": [580, 581], "executed_branches": [], "missing_branches": [[145, 146], [145, 153], [187, 188], [187, 196], [221, 222], [221, 229], [280, 281], [280, 289], [290, 291], [290, 299], [391, 392], [391, 408], [542, 543], [542, 555], [548, 542], [548, 549], [551, 548], [551, 552], [568, 569], [568, 572], [574, 575], [574, 577], [575, 574], [575, 576]]}}}, "claude_verify_i4t4_standalone.py": {"executed_lines": [], "summary": {"covered_lines": 0, "num_statements": 141, "percent_covered": 0.0, "percent_covered_display": "0", "missing_lines": 141, "excluded_lines": 2, "num_branches": 38, "num_partial_branches": 0, "covered_branches": 0, "missing_branches": 38}, "missing_lines": [8, 9, 10, 11, 14, 16, 18, 21, 22, 24, 25, 28, 31, 32, 35, 42, 43, 44, 47, 48, 51, 52, 55, 56, 59, 60, 62, 65, 67, 69, 70, 73, 74, 75, 76, 77, 79, 82, 83, 84, 85, 86, 88, 89, 90, 92, 95, 114, 115, 116, 117, 118, 121, 122, 125, 126, 133, 134, 141, 146, 152, 155, 157, 159, 160, 162, 170, 172, 173, 174, 180, 183, 185, 187, 188, 190, 213, 214, 216, 219, 221, 224, 226, 227, 230, 231, 234, 235, 237, 239, 242, 244, 246, 247, 249, 272, 273, 275, 278, 280, 281, 283, 284, 285, 286, 287, 289, 292, 294, 295, 296, 297, 298, 299, 301, 303, 312, 313, 314, 317, 318, 319, 321, 322, 323, 325, 326, 327, 328, 330, 331, 332, 333, 335, 336, 337, 338, 339, 340, 341, 342], "excluded_lines": [345, 346], "executed_branches": [], "missing_branches": [[21, 22], [21, 24], [42, 43], [42, 47], [83, 84], [83, 88], [84, 83], [84, 85], [88, 89], [88, 92], [114, 115], [114, 152], [115, 114], [115, 116], [117, 114], [117, 118], [170, 172], [170, 180], [213, 214], [213, 216], [226, 227], [226, 237], [272, 273], [272, 275], [283, 284], [283, 289], [286, 283], [286, 287], [312, 313], [312, 317], [330, 331], [330, 335], [337, 338], [337, 342], [338, 337], [338, 339], [340, 337], [340, 341]], "functions": {"verify_file_structure": {"executed_lines": [], "summary": {"covered_lines": 0, "num_statements": 22, "percent_covered": 0.0, "percent_covered_display": "0", "missing_lines": 22, "excluded_lines": 0, "num_branches": 4, "num_partial_branches": 0, "covered_branches": 0, "missing_branches": 4}, "missing_lines": [16, 18, 21, 22, 24, 25, 28, 31, 32, 35, 42, 43, 44, 47, 48, 51, 52, 55, 56, 59, 60, 62], "excluded_lines": [], "executed_branches": [], "missing_branches": [[21, 22], [21, 24], [42, 43], [42, 47]]}, "verify_method_signatures": {"executed_lines": [], "summary": {"covered_lines": 0, "num_statements": 33, "percent_covered": 0.0, "percent_covered_display": "0", "missing_lines": 33, "excluded_lines": 0, "num_branches": 12, "num_partial_branches": 0, "covered_branches": 0, "missing_branches": 12}, "missing_lines": [67, 69, 70, 73, 74, 75, 76, 77, 79, 82, 83, 84, 85, 86, 88, 89, 90, 92, 95, 114, 115, 116, 117, 118, 121, 122, 125, 126, 133, 134, 141, 146, 152], "excluded_lines": [], "executed_branches": [], "missing_branches": [[83, 84], [83, 88], [84, 83], [84, 85], [88, 89], [88, 92], [114, 115], [114, 152], [115, 114], [115, 116], [117, 114], [117, 118]]}, "verify_color_values": {"executed_lines": [], "summary": {"covered_lines": 0, "num_statements": 9, "percent_covered": 0.0, "percent_covered_display": "0", "missing_lines": 9, "excluded_lines": 0, "num_branches": 2, "num_partial_branches": 0, "covered_branches": 0, "missing_branches": 2}, "missing_lines": [157, 159, 160, 162, 170, 172, 173, 174, 180], "excluded_lines": [], "executed_branches": [], "missing_branches": [[170, 172], [170, 180]]}, "verify_implementation_details": {"executed_lines": [], "summary": {"covered_lines": 0, "num_statements": 7, "percent_covered": 0.0, "percent_covered_display": "0", "missing_lines": 7, "excluded_lines": 0, "num_branches": 2, "num_partial_branches": 0, "covered_branches": 0, "missing_branches": 2}, "missing_lines": [185, 187, 188, 190, 213, 214, 216], "excluded_lines": [], "executed_branches": [], "missing_branches": [[213, 214], [213, 216]]}, "verify_exports": {"executed_lines": [], "summary": {"covered_lines": 0, "num_statements": 10, "percent_covered": 0.0, "percent_covered_display": "0", "missing_lines": 10, "excluded_lines": 0, "num_branches": 2, "num_partial_branches": 0, "covered_branches": 0, "missing_branches": 2}, "missing_lines": [221, 224, 226, 227, 230, 231, 234, 235, 237, 239], "excluded_lines": [], "executed_branches": [], "missing_branches": [[226, 227], [226, 237]]}, "verify_acceptance_criteria": {"executed_lines": [], "summary": {"covered_lines": 0, "num_statements": 7, "percent_covered": 0.0, "percent_covered_display": "0", "missing_lines": 7, "excluded_lines": 0, "num_branches": 2, "num_partial_branches": 0, "covered_branches": 0, "missing_branches": 2}, "missing_lines": [244, 246, 247, 249, 272, 273, 275], "excluded_lines": [], "executed_branches": [], "missing_branches": [[272, 273], [272, 275]]}, "print_results": {"executed_lines": [], "summary": {"covered_lines": 0, "num_statements": 8, "percent_covered": 0.0, "percent_covered_display": "0", "missing_lines": 8, "excluded_lines": 0, "num_branches": 4, "num_partial_branches": 0, "covered_branches": 0, "missing_branches": 4}, "missing_lines": [280, 281, 283, 284, 285, 286, 287, 289], "excluded_lines": [], "executed_branches": [], "missing_branches": [[283, 284], [283, 289], [286, 283], [286, 287]]}, "main": {"executed_lines": [], "summary": {"covered_lines": 0, "num_statements": 33, "percent_covered": 0.0, "percent_covered_display": "0", "missing_lines": 33, "excluded_lines": 0, "num_branches": 10, "num_partial_branches": 0, "covered_branches": 0, "missing_branches": 10}, "missing_lines": [294, 295, 296, 297, 298, 299, 301, 303, 312, 313, 314, 317, 318, 319, 321, 322, 323, 325, 326, 327, 328, 330, 331, 332, 333, 335, 336, 337, 338, 339, 340, 341, 342], "excluded_lines": [], "executed_branches": [], "missing_branches": [[312, 313], [312, 317], [330, 331], [330, 335], [337, 338], [337, 342], [338, 337], [338, 339], [340, 337], [340, 341]]}, "": {"executed_lines": [], "summary": {"covered_lines": 0, "num_statements": 12, "percent_covered": 0.0, "percent_covered_display": "0", "missing_lines": 12, "excluded_lines": 2, "num_branches": 0, "num_partial_branches": 0, "covered_branches": 0, "missing_branches": 0}, "missing_lines": [8, 9, 10, 11, 14, 65, 155, 183, 219, 242, 278, 292], "excluded_lines": [345, 346], "executed_branches": [], "missing_branches": []}}, "classes": {"": {"executed_lines": [], "summary": {"covered_lines": 0, "num_statements": 141, "percent_covered": 0.0, "percent_covered_display": "0", "missing_lines": 141, "excluded_lines": 2, "num_branches": 38, "num_partial_branches": 0, "covered_branches": 0, "missing_branches": 38}, "missing_lines": [8, 9, 10, 11, 14, 16, 18, 21, 22, 24, 25, 28, 31, 32, 35, 42, 43, 44, 47, 48, 51, 52, 55, 56, 59, 60, 62, 65, 67, 69, 70, 73, 74, 75, 76, 77, 79, 82, 83, 84, 85, 86, 88, 89, 90, 92, 95, 114, 115, 116, 117, 118, 121, 122, 125, 126, 133, 134, 141, 146, 152, 155, 157, 159, 160, 162, 170, 172, 173, 174, 180, 183, 185, 187, 188, 190, 213, 214, 216, 219, 221, 224, 226, 227, 230, 231, 234, 235, 237, 239, 242, 244, 246, 247, 249, 272, 273, 275, 278, 280, 281, 283, 284, 285, 286, 287, 289, 292, 294, 295, 296, 297, 298, 299, 301, 303, 312, 313, 314, 317, 318, 319, 321, 322, 323, 325, 326, 327, 328, 330, 331, 332, 333, 335, 336, 337, 338, 339, 340, 341, 342], "excluded_lines": [345, 346], "executed_branches": [], "missing_branches": [[21, 22], [21, 24], [42, 43], [42, 47], [83, 84], [83, 88], [84, 83], [84, 85], [88, 89], [88, 92], [114, 115], [114, 152], [115, 114], [115, 116], [117, 114], [117, 118], [170, 172], [170, 180], [213, 214], [213, 216], [226, 227], [226, 237], [272, 273], [272, 275], [283, 284], [283, 289], [286, 283], [286, 287], [312, 313], [312, 317], [330, 331], [330, 335], [337, 338], [337, 342], [338, 337], [338, 339], [340, 337], [340, 341]]}}}, "claude_verify_reports.py": {"executed_lines": [], "summary": {"covered_lines": 0, "num_statements": 215, "percent_covered": 0.0, "percent_covered_display": "0", "missing_lines": 215, "excluded_lines": 2, "num_branches": 0, "num_partial_branches": 0, "covered_branches": 0, "missing_branches": 0}, "missing_lines": [7, 9, 10, 11, 13, 14, 15, 18, 20, 21, 22, 25, 27, 35, 37, 54, 56, 59, 62, 63, 78, 81, 82, 97, 99, 106, 108, 109, 110, 112, 113, 116, 117, 120, 121, 122, 123, 124, 125, 126, 127, 130, 131, 132, 135, 136, 137, 140, 141, 143, 146, 147, 148, 151, 153, 154, 155, 157, 158, 161, 164, 165, 166, 167, 170, 171, 173, 174, 176, 177, 180, 181, 183, 184, 185, 186, 187, 188, 189, 192, 193, 194, 197, 198, 199, 201, 202, 203, 206, 207, 208, 209, 210, 211, 212, 215, 216, 217, 219, 222, 223, 226, 228, 229, 230, 232, 233, 235, 236, 239, 240, 243, 244, 247, 249, 252, 253, 254, 257, 259, 260, 261, 263, 264, 266, 269, 270, 273, 274, 275, 278, 279, 280, 283, 284, 287, 288, 291, 292, 294, 295, 296, 297, 298, 299, 302, 303, 305, 308, 309, 312, 314, 315, 316, 319, 335, 336, 338, 339, 341, 344, 360, 361, 363, 364, 366, 369, 385, 386, 388, 389, 391, 394, 395, 396, 397, 398, 399, 402, 404, 405, 406, 408, 409, 410, 411, 412, 413, 415, 416, 417, 418, 419, 420, 421, 422, 423, 424, 425, 426, 427, 428, 429, 430, 432, 434, 435, 436, 437, 438, 439, 440, 441, 442, 443], "excluded_lines": [446, 447], "executed_branches": [], "missing_branches": [], "functions": {"create_sample_backtest_result": {"executed_lines": [], "summary": {"covered_lines": 0, "num_statements": 3, "percent_covered": 0.0, "percent_covered_display": "0", "missing_lines": 3, "excluded_lines": 0, "num_branches": 0, "num_partial_branches": 0, "covered_branches": 0, "missing_branches": 0}, "missing_lines": [27, 35, 37], "excluded_lines": [], "executed_branches": [], "missing_branches": []}, "create_sample_sweep_result": {"executed_lines": [], "summary": {"covered_lines": 0, "num_statements": 9, "percent_covered": 0.0, "percent_covered_display": "0", "missing_lines": 9, "excluded_lines": 0, "num_branches": 0, "num_partial_branches": 0, "covered_branches": 0, "missing_branches": 0}, "missing_lines": [56, 59, 62, 63, 78, 81, 82, 97, 99], "excluded_lines": [], "executed_branches": [], "missing_branches": []}, "test_backtest_text_report": {"executed_lines": [], "summary": {"covered_lines": 0, "num_statements": 27, "percent_covered": 0.0, "percent_covered_display": "0", "missing_lines": 27, "excluded_lines": 0, "num_branches": 0, "num_partial_branches": 0, "covered_branches": 0, "missing_branches": 0}, "missing_lines": [108, 109, 110, 112, 113, 116, 117, 120, 121, 122, 123, 124, 125, 126, 127, 130, 131, 132, 135, 136, 137, 140, 141, 143, 146, 147, 148], "excluded_lines": [], "executed_branches": [], "missing_branches": []}, "test_backtest_json_report": {"executed_lines": [], "summary": {"covered_lines": 0, "num_statements": 47, "percent_covered": 0.0, "percent_covered_display": "0", "missing_lines": 47, "excluded_lines": 0, "num_branches": 0, "num_partial_branches": 0, "covered_branches": 0, "missing_branches": 0}, "missing_lines": [153, 154, 155, 157, 158, 161, 164, 165, 166, 167, 170, 171, 173, 174, 176, 177, 180, 181, 183, 184, 185, 186, 187, 188, 189, 192, 193, 194, 197, 198, 199, 201, 202, 203, 206, 207, 208, 209, 210, 211, 212, 215, 216, 217, 219, 222, 223], "excluded_lines": [], "executed_branches": [], "missing_branches": []}, "test_sweep_text_report": {"executed_lines": [], "summary": {"covered_lines": 0, "num_statements": 16, "percent_covered": 0.0, "percent_covered_display": "0", "missing_lines": 16, "excluded_lines": 0, "num_branches": 0, "num_partial_branches": 0, "covered_branches": 0, "missing_branches": 0}, "missing_lines": [228, 229, 230, 232, 233, 235, 236, 239, 240, 243, 244, 247, 249, 252, 253, 254], "excluded_lines": [], "executed_branches": [], "missing_branches": []}, "test_sweep_json_report": {"executed_lines": [], "summary": {"covered_lines": 0, "num_statements": 31, "percent_covered": 0.0, "percent_covered_display": "0", "missing_lines": 31, "excluded_lines": 0, "num_branches": 0, "num_partial_branches": 0, "covered_branches": 0, "missing_branches": 0}, "missing_lines": [259, 260, 261, 263, 264, 266, 269, 270, 273, 274, 275, 278, 279, 280, 283, 284, 287, 288, 291, 292, 294, 295, 296, 297, 298, 299, 302, 303, 305, 308, 309], "excluded_lines": [], "executed_branches": [], "missing_branches": []}, "test_edge_cases": {"executed_lines": [], "summary": {"covered_lines": 0, "num_statements": 27, "percent_covered": 0.0, "percent_covered_display": "0", "missing_lines": 27, "excluded_lines": 0, "num_branches": 0, "num_partial_branches": 0, "covered_branches": 0, "missing_branches": 0}, "missing_lines": [314, 315, 316, 319, 335, 336, 338, 339, 341, 344, 360, 361, 363, 364, 366, 369, 385, 386, 388, 389, 391, 394, 395, 396, 397, 398, 399], "excluded_lines": [], "executed_branches": [], "missing_branches": []}, "main": {"executed_lines": [], "summary": {"covered_lines": 0, "num_statements": 36, "percent_covered": 0.0, "percent_covered_display": "0", "missing_lines": 36, "excluded_lines": 0, "num_branches": 0, "num_partial_branches": 0, "covered_branches": 0, "missing_branches": 0}, "missing_lines": [404, 405, 406, 408, 409, 410, 411, 412, 413, 415, 416, 417, 418, 419, 420, 421, 422, 423, 424, 425, 426, 427, 428, 429, 430, 432, 434, 435, 436, 437, 438, 439, 440, 441, 442, 443], "excluded_lines": [], "executed_branches": [], "missing_branches": []}, "": {"executed_lines": [], "summary": {"covered_lines": 0, "num_statements": 19, "percent_covered": 0.0, "percent_covered_display": "0", "missing_lines": 19, "excluded_lines": 2, "num_branches": 0, "num_partial_branches": 0, "covered_branches": 0, "missing_branches": 0}, "missing_lines": [7, 9, 10, 11, 13, 14, 15, 18, 20, 21, 22, 25, 54, 106, 151, 226, 257, 312, 402], "excluded_lines": [446, 447], "executed_branches": [], "missing_branches": []}}, "classes": {"": {"executed_lines": [], "summary": {"covered_lines": 0, "num_statements": 215, "percent_covered": 0.0, "percent_covered_display": "0", "missing_lines": 215, "excluded_lines": 2, "num_branches": 0, "num_partial_branches": 0, "covered_branches": 0, "missing_branches": 0}, "missing_lines": [7, 9, 10, 11, 13, 14, 15, 18, 20, 21, 22, 25, 27, 35, 37, 54, 56, 59, 62, 63, 78, 81, 82, 97, 99, 106, 108, 109, 110, 112, 113, 116, 117, 120, 121, 122, 123, 124, 125, 126, 127, 130, 131, 132, 135, 136, 137, 140, 141, 143, 146, 147, 148, 151, 153, 154, 155, 157, 158, 161, 164, 165, 166, 167, 170, 171, 173, 174, 176, 177, 180, 181, 183, 184, 185, 186, 187, 188, 189, 192, 193, 194, 197, 198, 199, 201, 202, 203, 206, 207, 208, 209, 210, 211, 212, 215, 216, 217, 219, 222, 223, 226, 228, 229, 230, 232, 233, 235, 236, 239, 240, 243, 244, 247, 249, 252, 253, 254, 257, 259, 260, 261, 263, 264, 266, 269, 270, 273, 274, 275, 278, 279, 280, 283, 284, 287, 288, 291, 292, 294, 295, 296, 297, 298, 299, 302, 303, 305, 308, 309, 312, 314, 315, 316, 319, 335, 336, 338, 339, 341, 344, 360, 361, 363, 364, 366, 369, 385, 386, 388, 389, 391, 394, 395, 396, 397, 398, 399, 402, 404, 405, 406, 408, 409, 410, 411, 412, 413, 415, 416, 417, 418, 419, 420, 421, 422, 423, 424, 425, 426, 427, 428, 429, 430, 432, 434, 435, 436, 437, 438, 439, 440, 441, 442, 443], "excluded_lines": [446, 447], "executed_branches": [], "missing_branches": []}}}, "claude_verify_reports_standalone.py": {"executed_lines": [], "summary": {"covered_lines": 0, "num_statements": 236, "percent_covered": 0.0, "percent_covered_display": "0", "missing_lines": 236, "excluded_lines": 2, "num_branches": 0, "num_partial_branches": 0, "covered_branches": 0, "missing_branches": 0}, "missing_lines": [8, 10, 11, 12, 13, 14, 16, 17, 18, 19, 22, 26, 27, 30, 31, 32, 33, 34, 35, 36, 37, 38, 39, 40, 41, 42, 45, 46, 49, 50, 51, 55, 58, 60, 68, 70, 87, 89, 92, 95, 96, 111, 114, 115, 130, 132, 139, 141, 142, 143, 145, 146, 149, 150, 153, 154, 155, 156, 157, 158, 159, 160, 163, 164, 165, 168, 169, 170, 173, 174, 176, 179, 180, 181, 184, 186, 187, 188, 190, 191, 194, 197, 198, 199, 200, 203, 204, 206, 207, 209, 210, 213, 214, 216, 217, 218, 219, 220, 221, 222, 225, 226, 227, 230, 231, 232, 234, 235, 236, 239, 240, 241, 242, 243, 244, 245, 248, 249, 250, 252, 255, 256, 259, 261, 262, 263, 265, 266, 268, 269, 272, 273, 276, 277, 280, 282, 285, 286, 287, 290, 292, 293, 294, 296, 297, 299, 302, 303, 306, 307, 308, 311, 312, 313, 316, 317, 320, 321, 324, 325, 327, 328, 329, 330, 331, 332, 335, 336, 338, 341, 342, 345, 347, 348, 349, 352, 368, 369, 371, 372, 374, 377, 393, 394, 396, 397, 399, 402, 418, 419, 421, 422, 424, 427, 428, 429, 430, 431, 432, 435, 437, 438, 439, 441, 442, 443, 444, 445, 446, 448, 449, 450, 451, 452, 453, 454, 455, 456, 457, 458, 459, 460, 461, 462, 463, 465, 467, 468, 469, 470, 471, 472, 473, 474, 475, 476], "excluded_lines": [479, 480], "executed_branches": [], "missing_branches": [], "functions": {"create_sample_backtest_result": {"executed_lines": [], "summary": {"covered_lines": 0, "num_statements": 3, "percent_covered": 0.0, "percent_covered_display": "0", "missing_lines": 3, "excluded_lines": 0, "num_branches": 0, "num_partial_branches": 0, "covered_branches": 0, "missing_branches": 0}, "missing_lines": [60, 68, 70], "excluded_lines": [], "executed_branches": [], "missing_branches": []}, "create_sample_sweep_result": {"executed_lines": [], "summary": {"covered_lines": 0, "num_statements": 9, "percent_covered": 0.0, "percent_covered_display": "0", "missing_lines": 9, "excluded_lines": 0, "num_branches": 0, "num_partial_branches": 0, "covered_branches": 0, "missing_branches": 0}, "missing_lines": [89, 92, 95, 96, 111, 114, 115, 130, 132], "excluded_lines": [], "executed_branches": [], "missing_branches": []}, "test_backtest_text_report": {"executed_lines": [], "summary": {"covered_lines": 0, "num_statements": 27, "percent_covered": 0.0, "percent_covered_display": "0", "missing_lines": 27, "excluded_lines": 0, "num_branches": 0, "num_partial_branches": 0, "covered_branches": 0, "missing_branches": 0}, "missing_lines": [141, 142, 143, 145, 146, 149, 150, 153, 154, 155, 156, 157, 158, 159, 160, 163, 164, 165, 168, 169, 170, 173, 174, 176, 179, 180, 181], "excluded_lines": [], "executed_branches": [], "missing_branches": []}, "test_backtest_json_report": {"executed_lines": [], "summary": {"covered_lines": 0, "num_statements": 47, "percent_covered": 0.0, "percent_covered_display": "0", "missing_lines": 47, "excluded_lines": 0, "num_branches": 0, "num_partial_branches": 0, "covered_branches": 0, "missing_branches": 0}, "missing_lines": [186, 187, 188, 190, 191, 194, 197, 198, 199, 200, 203, 204, 206, 207, 209, 210, 213, 214, 216, 217, 218, 219, 220, 221, 222, 225, 226, 227, 230, 231, 232, 234, 235, 236, 239, 240, 241, 242, 243, 244, 245, 248, 249, 250, 252, 255, 256], "excluded_lines": [], "executed_branches": [], "missing_branches": []}, "test_sweep_text_report": {"executed_lines": [], "summary": {"covered_lines": 0, "num_statements": 16, "percent_covered": 0.0, "percent_covered_display": "0", "missing_lines": 16, "excluded_lines": 0, "num_branches": 0, "num_partial_branches": 0, "covered_branches": 0, "missing_branches": 0}, "missing_lines": [261, 262, 263, 265, 266, 268, 269, 272, 273, 276, 277, 280, 282, 285, 286, 287], "excluded_lines": [], "executed_branches": [], "missing_branches": []}, "test_sweep_json_report": {"executed_lines": [], "summary": {"covered_lines": 0, "num_statements": 31, "percent_covered": 0.0, "percent_covered_display": "0", "missing_lines": 31, "excluded_lines": 0, "num_branches": 0, "num_partial_branches": 0, "covered_branches": 0, "missing_branches": 0}, "missing_lines": [292, 293, 294, 296, 297, 299, 302, 303, 306, 307, 308, 311, 312, 313, 316, 317, 320, 321, 324, 325, 327, 328, 329, 330, 331, 332, 335, 336, 338, 341, 342], "excluded_lines": [], "executed_branches": [], "missing_branches": []}, "test_edge_cases": {"executed_lines": [], "summary": {"covered_lines": 0, "num_statements": 27, "percent_covered": 0.0, "percent_covered_display": "0", "missing_lines": 27, "excluded_lines": 0, "num_branches": 0, "num_partial_branches": 0, "covered_branches": 0, "missing_branches": 0}, "missing_lines": [347, 348, 349, 352, 368, 369, 371, 372, 374, 377, 393, 394, 396, 397, 399, 402, 418, 419, 421, 422, 424, 427, 428, 429, 430, 431, 432], "excluded_lines": [], "executed_branches": [], "missing_branches": []}, "main": {"executed_lines": [], "summary": {"covered_lines": 0, "num_statements": 36, "percent_covered": 0.0, "percent_covered_display": "0", "missing_lines": 36, "excluded_lines": 0, "num_branches": 0, "num_partial_branches": 0, "covered_branches": 0, "missing_branches": 0}, "missing_lines": [437, 438, 439, 441, 442, 443, 444, 445, 446, 448, 449, 450, 451, 452, 453, 454, 455, 456, 457, 458, 459, 460, 461, 462, 463, 465, 467, 468, 469, 470, 471, 472, 473, 474, 475, 476], "excluded_lines": [], "executed_branches": [], "missing_branches": []}, "": {"executed_lines": [], "summary": {"covered_lines": 0, "num_statements": 40, "percent_covered": 0.0, "percent_covered_display": "0", "missing_lines": 40, "excluded_lines": 2, "num_branches": 0, "num_partial_branches": 0, "covered_branches": 0, "missing_branches": 0}, "missing_lines": [8, 10, 11, 12, 13, 14, 16, 17, 18, 19, 22, 26, 27, 30, 31, 32, 33, 34, 35, 36, 37, 38, 39, 40, 41, 42, 45, 46, 49, 50, 51, 55, 58, 87, 139, 184, 259, 290, 345, 435], "excluded_lines": [479, 480], "executed_branches": [], "missing_branches": []}}, "classes": {"BacktestResult": {"executed_lines": [], "summary": {"covered_lines": 0, "num_statements": 0, "percent_covered": 100.0, "percent_covered_display": "100", "missing_lines": 0, "excluded_lines": 0, "num_branches": 0, "num_partial_branches": 0, "covered_branches": 0, "missing_branches": 0}, "missing_lines": [], "excluded_lines": [], "executed_branches": [], "missing_branches": []}, "SweepResult": {"executed_lines": [], "summary": {"covered_lines": 0, "num_statements": 0, "percent_covered": 100.0, "percent_covered_display": "100", "missing_lines": 0, "excluded_lines": 0, "num_branches": 0, "num_partial_branches": 0, "covered_branches": 0, "missing_branches": 0}, "missing_lines": [], "excluded_lines": [], "executed_branches": [], "missing_branches": []}, "": {"executed_lines": [], "summary": {"covered_lines": 0, "num_statements": 236, "percent_covered": 0.0, "percent_covered_display": "0", "missing_lines": 236, "excluded_lines": 2, "num_branches": 0, "num_partial_branches": 0, "covered_branches": 0, "missing_branches": 0}, "missing_lines": [8, 10, 11, 12, 13, 14, 16, 17, 18, 19, 22, 26, 27, 30, 31, 32, 33, 34, 35, 36, 37, 38, 39, 40, 41, 42, 45, 46, 49, 50, 51, 55, 58, 60, 68, 70, 87, 89, 92, 95, 96, 111, 114, 115, 130, 132, 139, 141, 142, 143, 145, 146, 149, 150, 153, 154, 155, 156, 157, 158, 159, 160, 163, 164, 165, 168, 169, 170, 173, 174, 176, 179, 180, 181, 184, 186, 187, 188, 190, 191, 194, 197, 198, 199, 200, 203, 204, 206, 207, 209, 210, 213, 214, 216, 217, 218, 219, 220, 221, 222, 225, 226, 227, 230, 231, 232, 234, 235, 236, 239, 240, 241, 242, 243, 244, 245, 248, 249, 250, 252, 255, 256, 259, 261, 262, 263, 265, 266, 268, 269, 272, 273, 276, 277, 280, 282, 285, 286, 287, 290, 292, 293, 294, 296, 297, 299, 302, 303, 306, 307, 308, 311, 312, 313, 316, 317, 320, 321, 324, 325, 327, 328, 329, 330, 331, 332, 335, 336, 338, 341, 342, 345, 347, 348, 349, 352, 368, 369, 371, 372, 374, 377, 393, 394, 396, 397, 399, 402, 418, 419, 421, 422, 424, 427, 428, 429, 430, 431, 432, 435, 437, 438, 439, 441, 442, 443, 444, 445, 446, 448, 449, 450, 451, 452, 453, 454, 455, 456, 457, 458, 459, 460, 461, 462, 463, 465, 467, 468, 469, 470, 471, 472, 473, 474, 475, 476], "excluded_lines": [479, 480], "executed_branches": [], "missing_branches": []}}}, "setup.py": {"executed_lines": [], "summary": {"covered_lines": 0, "num_statements": 1, "percent_covered": 0.0, "percent_covered_display": "0", "missing_lines": 1, "excluded_lines": 2, "num_branches": 0, "num_partial_branches": 0, "covered_branches": 0, "missing_branches": 0}, "missing_lines": [7], "excluded_lines": [9, 10], "executed_branches": [], "missing_branches": [], "functions": {"": {"executed_lines": [], "summary": {"covered_lines": 0, "num_statements": 1, "percent_covered": 0.0, "percent_covered_display": "0", "missing_lines": 1, "excluded_lines": 2, "num_branches": 0, "num_partial_branches": 0, "covered_branches": 0, "missing_branches": 0}, "missing_lines": [7], "excluded_lines": [9, 10], "executed_branches": [], "missing_branches": []}}, "classes": {"": {"executed_lines": [], "summary": {"covered_lines": 0, "num_statements": 1, "percent_covered": 0.0, "percent_covered_display": "0", "missing_lines": 1, "excluded_lines": 2, "num_branches": 0, "num_partial_branches": 0, "covered_branches": 0, "missing_branches": 0}, "missing_lines": [7], "excluded_lines": [9, 10], "executed_branches": [], "missing_branches": []}}}, "simple_futures_backtester/__init__.py": {"executed_lines": [1, 8, 9, 11, 12, 23], "summary": {"covered_lines": 5, "num_statements": 5, "percent_covered": 100.0, "percent_covered_display": "100", "missing_lines": 0, "excluded_lines": 0, "num_branches": 0, "num_partial_branches": 0, "covered_branches": 0, "missing_branches": 0}, "missing_lines": [], "excluded_lines": [], "executed_branches": [], "missing_branches": [], "functions": {"": {"executed_lines": [1, 8, 9, 11, 12, 23], "summary": {"covered_lines": 5, "num_statements": 5, "percent_covered": 100.0, "percent_covered_display": "100", "missing_lines": 0, "excluded_lines": 0, "num_branches": 0, "num_partial_branches": 0, "covered_branches": 0, "missing_branches": 0}, "missing_lines": [], "excluded_lines": [], "executed_branches": [], "missing_branches": []}}, "classes": {"": {"executed_lines": [1, 8, 9, 11, 12, 23], "summary": {"covered_lines": 5, "num_statements": 5, "percent_covered": 100.0, "percent_covered_display": "100", "missing_lines": 0, "excluded_lines": 0, "num_branches": 0, "num_partial_branches": 0, "covered_branches": 0, "missing_branches": 0}, "missing_lines": [], "excluded_lines": [], "executed_branches": [], "missing_branches": []}}}, "simple_futures_backtester/backtest/__init__.py": {"executed_lines": [], "summary": {"covered_lines": 0, "num_statements": 3, "percent_covered": 0.0, "percent_covered_display": "0", "missing_lines": 3, "excluded_lines": 0, "num_branches": 0, "num_partial_branches": 0, "covered_branches": 0, "missing_branches": 0}, "missing_lines": [8, 9, 11], "excluded_lines": [], "executed_branches": [], "missing_branches": [], "functions": {"": {"executed_lines": [], "summary": {"covered_lines": 0, "num_statements": 3, "percent_covered": 0.0, "percent_covered_display": "0", "missing_lines": 3, "excluded_lines": 0, "num_branches": 0, "num_partial_branches": 0, "covered_branches": 0, "missing_branches": 0}, "missing_lines": [8, 9, 11], "excluded_lines": [], "executed_branches": [], "missing_branches": []}}, "classes": {"": {"executed_lines": [], "summary": {"covered_lines": 0, "num_statements": 3, "percent_covered": 0.0, "percent_covered_display": "0", "missing_lines": 3, "excluded_lines": 0, "num_branches": 0, "num_partial_branches": 0, "covered_branches": 0, "missing_branches": 0}, "missing_lines": [8, 9, 11], "excluded_lines": [], "executed_branches": [], "missing_branches": []}}}, "simple_futures_backtester/backtest/engine.py": {"executed_lines": [], "summary": {"covered_lines": 0, "num_statements": 108, "percent_covered": 0.0, "percent_covered_display": "0", "missing_lines": 108, "excluded_lines": 2, "num_branches": 26, "num_partial_branches": 0, "covered_branches": 0, "missing_branches": 26}, "missing_lines": [27, 29, 30, 31, 32, 33, 35, 36, 37, 38, 40, 49, 61, 62, 86, 87, 88, 89, 90, 91, 92, 93, 96, 97, 98, 101, 102, 105, 115, 116, 117, 118, 119, 120, 121, 122, 123, 126, 136, 137, 138, 139, 140, 141, 142, 143, 144, 147, 156, 164, 167, 183, 212, 213, 219, 220, 221, 222, 223, 226, 229, 232, 235, 236, 239, 240, 243, 249, 254, 267, 268, 270, 285, 289, 292, 295, 296, 298, 301, 302, 304, 307, 308, 310, 313, 314, 316, 319, 320, 321, 322, 324, 325, 328, 329, 330, 332, 335, 336, 337, 342, 345, 346, 349, 363, 364, 366, 383], "excluded_lines": [42, 43], "executed_branches": [], "missing_branches": [[115, 116], [115, 117], [119, 120], [119, 121], [136, 137], [136, 138], [140, 141], [140, 142], [212, 213], [212, 219], [222, 223], [222, 226], [295, 296], [295, 298], [301, 302], [301, 304], [307, 308], [307, 310], [313, 314], [313, 316], [319, 320], [319, 324], [329, 330], [329, 332], [345, 346], [345, 349]], "functions": {"_safe_float": {"executed_lines": [], "summary": {"covered_lines": 0, "num_statements": 9, "percent_covered": 0.0, "percent_covered_display": "0", "missing_lines": 9, "excluded_lines": 0, "num_branches": 4, "num_partial_branches": 0, "covered_branches": 0, "missing_branches": 4}, "missing_lines": [115, 116, 117, 118, 119, 120, 121, 122, 123], "excluded_lines": [], "executed_branches": [], "missing_branches": [[115, 116], [115, 117], [119, 120], [119, 121]]}, "_safe_int": {"executed_lines": [], "summary": {"covered_lines": 0, "num_statements": 9, "percent_covered": 0.0, "percent_covered_display": "0", "missing_lines": 9, "excluded_lines": 0, "num_branches": 4, "num_partial_branches": 0, "covered_branches": 0, "missing_branches": 4}, "missing_lines": [136, 137, 138, 139, 140, 141, 142, 143, 144], "excluded_lines": [], "executed_branches": [], "missing_branches": [[136, 137], [136, 138], [140, 141], [140, 142]]}, "_compute_config_hash": {"executed_lines": [], "summary": {"covered_lines": 0, "num_statements": 2, "percent_covered": 0.0, "percent_covered_display": "0", "missing_lines": 2, "excluded_lines": 0, "num_branches": 0, "num_partial_branches": 0, "covered_branches": 0, "missing_branches": 0}, "missing_lines": [156, 164], "excluded_lines": [], "executed_branches": [], "missing_branches": []}, "BacktestEngine.run": {"executed_lines": [], "summary": {"covered_lines": 0, "num_statements": 19, "percent_covered": 0.0, "percent_covered_display": "0", "missing_lines": 19, "excluded_lines": 0, "num_branches": 4, "num_partial_branches": 0, "covered_branches": 0, "missing_branches": 4}, "missing_lines": [212, 213, 219, 220, 221, 222, 223, 226, 229, 232, 235, 236, 239, 240, 243, 249, 254, 267, 268], "excluded_lines": [], "executed_branches": [], "missing_branches": [[212, 213], [212, 219], [222, 223], [222, 226]]}, "BacktestEngine._extract_metrics": {"executed_lines": [], "summary": {"covered_lines": 0, "num_statements": 35, "percent_covered": 0.0, "percent_covered_display": "0", "missing_lines": 35, "excluded_lines": 0, "num_branches": 14, "num_partial_branches": 0, "covered_branches": 0, "missing_branches": 14}, "missing_lines": [285, 289, 292, 295, 296, 298, 301, 302, 304, 307, 308, 310, 313, 314, 316, 319, 320, 321, 322, 324, 325, 328, 329, 330, 332, 335, 336, 337, 342, 345, 346, 349, 363, 364, 366], "excluded_lines": [], "executed_branches": [], "missing_branches": [[295, 296], [295, 298], [301, 302], [301, 304], [307, 308], [307, 310], [313, 314], [313, 316], [319, 320], [319, 324], [329, 330], [329, 332], [345, 346], [345, 349]]}, "": {"executed_lines": [], "summary": {"covered_lines": 0, "num_statements": 34, "percent_covered": 0.0, "percent_covered_display": "0", "missing_lines": 34, "excluded_lines": 2, "num_branches": 0, "num_partial_branches": 0, "covered_branches": 0, "missing_branches": 0}, "missing_lines": [27, 29, 30, 31, 32, 33, 35, 36, 37, 38, 40, 49, 61, 62, 86, 87, 88, 89, 90, 91, 92, 93, 96, 97, 98, 101, 102, 105, 126, 147, 167, 183, 270, 383], "excluded_lines": [42, 43], "executed_branches": [], "missing_branches": []}}, "classes": {"BacktestResult": {"executed_lines": [], "summary": {"covered_lines": 0, "num_statements": 0, "percent_covered": 100.0, "percent_covered_display": "100", "missing_lines": 0, "excluded_lines": 0, "num_branches": 0, "num_partial_branches": 0, "covered_branches": 0, "missing_branches": 0}, "missing_lines": [], "excluded_lines": [], "executed_branches": [], "missing_branches": []}, "BacktestEngine": {"executed_lines": [], "summary": {"covered_lines": 0, "num_statements": 54, "percent_covered": 0.0, "percent_covered_display": "0", "missing_lines": 54, "excluded_lines": 0, "num_branches": 18, "num_partial_branches": 0, "covered_branches": 0, "missing_branches": 18}, "missing_lines": [212, 213, 219, 220, 221, 222, 223, 226, 229, 232, 235, 236, 239, 240, 243, 249, 254, 267, 268, 285, 289, 292, 295, 296, 298, 301, 302, 304, 307, 308, 310, 313, 314, 316, 319, 320, 321, 322, 324, 325, 328, 329, 330, 332, 335, 336, 337, 342, 345, 346, 349, 363, 364, 366], "excluded_lines": [], "executed_branches": [], "missing_branches": [[212, 213], [212, 219], [222, 223], [222, 226], [295, 296], [295, 298], [301, 302], [301, 304], [307, 308], [307, 310], [313, 314], [313, 316], [319, 320], [319, 324], [329, 330], [329, 332], [345, 346], [345, 349]]}, "": {"executed_lines": [], "summary": {"covered_lines": 0, "num_statements": 54, "percent_covered": 0.0, "percent_covered_display": "0", "missing_lines": 54, "excluded_lines": 2, "num_branches": 8, "num_partial_branches": 0, "covered_branches": 0, "missing_branches": 8}, "missing_lines": [27, 29, 30, 31, 32, 33, 35, 36, 37, 38, 40, 49, 61, 62, 86, 87, 88, 89, 90, 91, 92, 93, 96, 97, 98, 101, 102, 105, 115, 116, 117, 118, 119, 120, 121, 122, 123, 126, 136, 137, 138, 139, 140, 141, 142, 143, 144, 147, 156, 164, 167, 183, 270, 383], "excluded_lines": [42, 43], "executed_branches": [], "missing_branches": [[115, 116], [115, 117], [119, 120], [119, 121], [136, 137], [136, 138], [140, 141], [140, 142]]}}}, "simple_futures_backtester/backtest/sweep.py": {"executed_lines": [], "summary": {"covered_lines": 0, "num_statements": 96, "percent_covered": 0.0, "percent_covered_display": "0", "missing_lines": 96, "excluded_lines": 2, "num_branches": 24, "num_partial_branches": 0, "covered_branches": 0, "missing_branches": 24}, "missing_lines": [49, 51, 52, 53, 54, 55, 56, 57, 59, 60, 64, 65, 66, 67, 68, 69, 75, 76, 98, 99, 100, 103, 138, 141, 144, 148, 151, 160, 161, 163, 166, 212, 227, 228, 229, 230, 232, 235, 237, 305, 306, 313, 319, 320, 321, 322, 324, 326, 328, 343, 358, 365, 366, 367, 369, 370, 372, 378, 413, 415, 417, 419, 422, 426, 429, 438, 441, 444, 445, 447, 449, 486, 488, 490, 507, 508, 509, 510, 511, 513, 514, 519, 520, 522, 524, 538, 539, 541, 542, 544, 555, 556, 567, 568, 569, 572], "excluded_lines": [71, 72], "executed_branches": [], "missing_branches": [[227, 228], [227, 229], [229, 230], [229, 232], [305, 306], [305, 313], [326, 328], [326, 343], [365, 366], [365, 369], [417, 419], [417, 447], [444, 417], [444, 445], [507, 508], [507, 522], [519, 507], [519, 520], [538, 539], [538, 541], [541, 542], [541, 544], [567, 568], [567, 569]], "functions": {"_run_single_backtest": {"executed_lines": [], "summary": {"covered_lines": 0, "num_statements": 8, "percent_covered": 0.0, "percent_covered_display": "0", "missing_lines": 8, "excluded_lines": 0, "num_branches": 0, "num_partial_branches": 0, "covered_branches": 0, "missing_branches": 0}, "missing_lines": [138, 141, 144, 148, 151, 160, 161, 163], "excluded_lines": [], "executed_branches": [], "missing_branches": []}, "ParameterSweep.__init__": {"executed_lines": [], "summary": {"covered_lines": 0, "num_statements": 6, "percent_covered": 0.0, "percent_covered_display": "0", "missing_lines": 6, "excluded_lines": 0, "num_branches": 4, "num_partial_branches": 0, "covered_branches": 0, "missing_branches": 4}, "missing_lines": [227, 228, 229, 230, 232, 235], "excluded_lines": [], "executed_branches": [], "missing_branches": [[227, 228], [227, 229], [229, 230], [229, 232]]}, "ParameterSweep.run": {"executed_lines": [], "summary": {"covered_lines": 0, "num_statements": 18, "percent_covered": 0.0, "percent_covered_display": "0", "missing_lines": 18, "excluded_lines": 0, "num_branches": 6, "num_partial_branches": 0, "covered_branches": 0, "missing_branches": 6}, "missing_lines": [305, 306, 313, 319, 320, 321, 322, 324, 326, 328, 343, 358, 365, 366, 367, 369, 370, 372], "excluded_lines": [], "executed_branches": [], "missing_branches": [[305, 306], [305, 313], [326, 328], [326, 343], [365, 366], [365, 369]]}, "ParameterSweep._run_sequential": {"executed_lines": [], "summary": {"covered_lines": 0, "num_statements": 12, "percent_covered": 0.0, "percent_covered_display": "0", "missing_lines": 12, "excluded_lines": 0, "num_branches": 4, "num_partial_branches": 0, "covered_branches": 0, "missing_branches": 4}, "missing_lines": [413, 415, 417, 419, 422, 426, 429, 438, 441, 444, 445, 447], "excluded_lines": [], "executed_branches": [], "missing_branches": [[417, 419], [417, 447], [444, 417], [444, 445]]}, "ParameterSweep._run_parallel": {"executed_lines": [], "summary": {"covered_lines": 0, "num_statements": 13, "percent_covered": 0.0, "percent_covered_display": "0", "missing_lines": 13, "excluded_lines": 0, "num_branches": 4, "num_partial_branches": 0, "covered_branches": 0, "missing_branches": 4}, "missing_lines": [486, 488, 490, 507, 508, 509, 510, 511, 513, 514, 519, 520, 522], "excluded_lines": [], "executed_branches": [], "missing_branches": [[507, 508], [507, 522], [519, 507], [519, 520]]}, "ParameterSweep._build_backtest_config": {"executed_lines": [], "summary": {"covered_lines": 0, "num_statements": 5, "percent_covered": 0.0, "percent_covered_display": "0", "missing_lines": 5, "excluded_lines": 0, "num_branches": 4, "num_partial_branches": 0, "covered_branches": 0, "missing_branches": 4}, "missing_lines": [538, 539, 541, 542, 544], "excluded_lines": [], "executed_branches": [], "missing_branches": [[538, 539], [538, 541], [541, 542], [541, 544]]}, "ParameterSweep._safe_sharpe": {"executed_lines": [], "summary": {"covered_lines": 0, "num_statements": 3, "percent_covered": 0.0, "percent_covered_display": "0", "missing_lines": 3, "excluded_lines": 0, "num_branches": 2, "num_partial_branches": 0, "covered_branches": 0, "missing_branches": 2}, "missing_lines": [567, 568, 569], "excluded_lines": [], "executed_branches": [], "missing_branches": [[567, 568], [567, 569]]}, "": {"executed_lines": [], "summary": {"covered_lines": 0, "num_statements": 31, "percent_covered": 0.0, "percent_covered_display": "0", "missing_lines": 31, "excluded_lines": 2, "num_branches": 0, "num_partial_branches": 0, "covered_branches": 0, "missing_branches": 0}, "missing_lines": [49, 51, 52, 53, 54, 55, 56, 57, 59, 60, 64, 65, 66, 67, 68, 69, 75, 76, 98, 99, 100, 103, 166, 212, 237, 378, 449, 524, 555, 556, 572], "excluded_lines": [71, 72], "executed_branches": [], "missing_branches": []}}, "classes": {"SweepResult": {"executed_lines": [], "summary": {"covered_lines": 0, "num_statements": 0, "percent_covered": 100.0, "percent_covered_display": "100", "missing_lines": 0, "excluded_lines": 0, "num_branches": 0, "num_partial_branches": 0, "covered_branches": 0, "missing_branches": 0}, "missing_lines": [], "excluded_lines": [], "executed_branches": [], "missing_branches": []}, "ParameterSweep": {"executed_lines": [], "summary": {"covered_lines": 0, "num_statements": 57, "percent_covered": 0.0, "percent_covered_display": "0", "missing_lines": 57, "excluded_lines": 0, "num_branches": 24, "num_partial_branches": 0, "covered_branches": 0, "missing_branches": 24}, "missing_lines": [227, 228, 229, 230, 232, 235, 305, 306, 313, 319, 320, 321, 322, 324, 326, 328, 343, 358, 365, 366, 367, 369, 370, 372, 413, 415, 417, 419, 422, 426, 429, 438, 441, 444, 445, 447, 486, 488, 490, 507, 508, 509, 510, 511, 513, 514, 519, 520, 522, 538, 539, 541, 542, 544, 567, 568, 569], "excluded_lines": [], "executed_branches": [], "missing_branches": [[227, 228], [227, 229], [229, 230], [229, 232], [305, 306], [305, 313], [326, 328], [326, 343], [365, 366], [365, 369], [417, 419], [417, 447], [444, 417], [444, 445], [507, 508], [507, 522], [519, 507], [519, 520], [538, 539], [538, 541], [541, 542], [541, 544], [567, 568], [567, 569]]}, "": {"executed_lines": [], "summary": {"covered_lines": 0, "num_statements": 39, "percent_covered": 0.0, "percent_covered_display": "0", "missing_lines": 39, "excluded_lines": 2, "num_branches": 0, "num_partial_branches": 0, "covered_branches": 0, "missing_branches": 0}, "missing_lines": [49, 51, 52, 53, 54, 55, 56, 57, 59, 60, 64, 65, 66, 67, 68, 69, 75, 76, 98, 99, 100, 103, 138, 141, 144, 148, 151, 160, 161, 163, 166, 212, 237, 378, 449, 524, 555, 556, 572], "excluded_lines": [71, 72], "executed_branches": [], "missing_branches": []}}}, "simple_futures_backtester/bars/__init__.py": {"executed_lines": [], "summary": {"covered_lines": 0, "num_statements": 67, "percent_covered": 0.0, "percent_covered_display": "0", "missing_lines": 67, "excluded_lines": 2, "num_branches": 12, "num_partial_branches": 0, "covered_branches": 0, "missing_branches": 12}, "missing_lines": [28, 30, 31, 32, 34, 35, 37, 43, 50, 72, 75, 78, 79, 119, 120, 121, 122, 123, 124, 125, 126, 128, 137, 138, 139, 140, 141, 142, 144, 153, 154, 155, 157, 159, 161, 162, 164, 167, 170, 197, 198, 199, 200, 202, 205, 222, 223, 224, 225, 226, 227, 230, 240, 243, 254, 255, 256, 257, 260, 265, 268, 280, 281, 282, 283, 284, 285], "excluded_lines": [39, 40], "executed_branches": [], "missing_branches": [[154, -128], [154, 155], [197, 198], [197, 199], [199, 200], [199, 202], [222, 223], [222, 227], [224, 225], [224, 226], [254, 255], [254, 257]], "functions": {"BarGeneratorProtocol.__call__": {"executed_lines": [], "summary": {"covered_lines": 0, "num_statements": 1, "percent_covered": 0.0, "percent_covered_display": "0", "missing_lines": 1, "excluded_lines": 0, "num_branches": 0, "num_partial_branches": 0, "covered_branches": 0, "missing_branches": 0}, "missing_lines": [72], "excluded_lines": [], "executed_branches": [], "missing_branches": []}, "BarSeries.__post_init__": {"executed_lines": [], "summary": {"covered_lines": 0, "num_statements": 10, "percent_covered": 0.0, "percent_covered_display": "0", "missing_lines": 10, "excluded_lines": 0, "num_branches": 2, "num_partial_branches": 0, "covered_branches": 0, "missing_branches": 2}, "missing_lines": [137, 138, 139, 140, 141, 142, 144, 153, 154, 155], "excluded_lines": [], "executed_branches": [], "missing_branches": [[154, -128], [154, 155]]}, "BarSeries.__len__": {"executed_lines": [], "summary": {"covered_lines": 0, "num_statements": 1, "percent_covered": 0.0, "percent_covered_display": "0", "missing_lines": 1, "excluded_lines": 0, "num_branches": 0, "num_partial_branches": 0, "covered_branches": 0, "missing_branches": 0}, "missing_lines": [159], "excluded_lines": [], "executed_branches": [], "missing_branches": []}, "BarSeries.is_empty": {"executed_lines": [], "summary": {"covered_lines": 0, "num_statements": 1, "percent_covered": 0.0, "percent_covered_display": "0", "missing_lines": 1, "excluded_lines": 0, "num_branches": 0, "num_partial_branches": 0, "covered_branches": 0, "missing_branches": 0}, "missing_lines": [164], "excluded_lines": [], "executed_branches": [], "missing_branches": []}, "register_bar_type": {"executed_lines": [], "summary": {"covered_lines": 0, "num_statements": 5, "percent_covered": 0.0, "percent_covered_display": "0", "missing_lines": 5, "excluded_lines": 0, "num_branches": 4, "num_partial_branches": 0, "covered_branches": 0, "missing_branches": 4}, "missing_lines": [197, 198, 199, 200, 202], "excluded_lines": [], "executed_branches": [], "missing_branches": [[197, 198], [197, 199], [199, 200], [199, 202]]}, "get_bar_generator": {"executed_lines": [], "summary": {"covered_lines": 0, "num_statements": 6, "percent_covered": 0.0, "percent_covered_display": "0", "missing_lines": 6, "excluded_lines": 0, "num_branches": 4, "num_partial_branches": 0, "covered_branches": 0, "missing_branches": 4}, "missing_lines": [222, 223, 224, 225, 226, 227], "excluded_lines": [], "executed_branches": [], "missing_branches": [[222, 223], [222, 227], [224, 225], [224, 226]]}, "list_bar_types": {"executed_lines": [], "summary": {"covered_lines": 0, "num_statements": 1, "percent_covered": 0.0, "percent_covered_display": "0", "missing_lines": 1, "excluded_lines": 0, "num_branches": 0, "num_partial_branches": 0, "covered_branches": 0, "missing_branches": 0}, "missing_lines": [240], "excluded_lines": [], "executed_branches": [], "missing_branches": []}, "unregister_bar_type": {"executed_lines": [], "summary": {"covered_lines": 0, "num_statements": 4, "percent_covered": 0.0, "percent_covered_display": "0", "missing_lines": 4, "excluded_lines": 0, "num_branches": 2, "num_partial_branches": 0, "covered_branches": 0, "missing_branches": 2}, "missing_lines": [254, 255, 256, 257], "excluded_lines": [], "executed_branches": [], "missing_branches": [[254, 255], [254, 257]]}, "clear_bar_registry": {"executed_lines": [], "summary": {"covered_lines": 0, "num_statements": 1, "percent_covered": 0.0, "percent_covered_display": "0", "missing_lines": 1, "excluded_lines": 0, "num_branches": 0, "num_partial_branches": 0, "covered_branches": 0, "missing_branches": 0}, "missing_lines": [265], "excluded_lines": [], "executed_branches": [], "missing_branches": []}, "": {"executed_lines": [], "summary": {"covered_lines": 0, "num_statements": 37, "percent_covered": 0.0, "percent_covered_display": "0", "missing_lines": 37, "excluded_lines": 2, "num_branches": 0, "num_partial_branches": 0, "covered_branches": 0, "missing_branches": 0}, "missing_lines": [28, 30, 31, 32, 34, 35, 37, 43, 50, 75, 78, 79, 119, 120, 121, 122, 123, 124, 125, 126, 128, 157, 161, 162, 167, 170, 205, 230, 243, 260, 268, 280, 281, 282, 283, 284, 285], "excluded_lines": [39, 40], "executed_branches": [], "missing_branches": []}}, "classes": {"BarGeneratorProtocol": {"executed_lines": [], "summary": {"covered_lines": 0, "num_statements": 1, "percent_covered": 0.0, "percent_covered_display": "0", "missing_lines": 1, "excluded_lines": 0, "num_branches": 0, "num_partial_branches": 0, "covered_branches": 0, "missing_branches": 0}, "missing_lines": [72], "excluded_lines": [], "executed_branches": [], "missing_branches": []}, "BarSeries": {"executed_lines": [], "summary": {"covered_lines": 0, "num_statements": 12, "percent_covered": 0.0, "percent_covered_display": "0", "missing_lines": 12, "excluded_lines": 0, "num_branches": 2, "num_partial_branches": 0, "covered_branches": 0, "missing_branches": 2}, "missing_lines": [137, 138, 139, 140, 141, 142, 144, 153, 154, 155, 159, 164], "excluded_lines": [], "executed_branches": [], "missing_branches": [[154, -128], [154, 155]]}, "": {"executed_lines": [], "summary": {"covered_lines": 0, "num_statements": 54, "percent_covered": 0.0, "percent_covered_display": "0", "missing_lines": 54, "excluded_lines": 2, "num_branches": 10, "num_partial_branches": 0, "covered_branches": 0, "missing_branches": 10}, "missing_lines": [28, 30, 31, 32, 34, 35, 37, 43, 50, 75, 78, 79, 119, 120, 121, 122, 123, 124, 125, 126, 128, 157, 161, 162, 167, 170, 197, 198, 199, 200, 202, 205, 222, 223, 224, 225, 226, 227, 230, 240, 243, 254, 255, 256, 257, 260, 265, 268, 280, 281, 282, 283, 284, 285], "excluded_lines": [39, 40], "executed_branches": [], "missing_branches": [[197, 198], [197, 199], [199, 200], [199, 202], [222, 223], [222, 227], [224, 225], [224, 226], [254, 255], [254, 257]]}}}, "simple_futures_backtester/bars/dollar_bars.py": {"executed_lines": [], "summary": {"covered_lines": 0, "num_statements": 61, "percent_covered": 0.0, "percent_covered_display": "0", "missing_lines": 61, "excluded_lines": 0, "num_branches": 16, "num_partial_branches": 0, "covered_branches": 0, "missing_branches": 16}, "missing_lines": [22, 24, 25, 27, 28, 34, 37, 38, 74, 77, 78, 79, 80, 81, 82, 83, 86, 87, 88, 89, 90, 93, 95, 97, 98, 99, 100, 103, 104, 107, 109, 110, 111, 112, 113, 114, 115, 119, 120, 121, 122, 123, 126, 136, 189, 193, 196, 197, 208, 209, 212, 224, 225, 227, 228, 229, 230, 231, 233, 246, 249], "excluded_lines": [], "executed_branches": [], "missing_branches": [[95, 97], [95, 126], [97, 98], [97, 99], [99, 100], [99, 103], [107, 95], [107, 109], [196, 197], [196, 208], [208, 209], [208, 212], [227, 228], [227, 233], [228, 229], [228, 233]], "functions": {"_generate_dollar_bars_nb": {"executed_lines": [], "summary": {"covered_lines": 0, "num_statements": 35, "percent_covered": 0.0, "percent_covered_display": "0", "missing_lines": 35, "excluded_lines": 0, "num_branches": 8, "num_partial_branches": 0, "covered_branches": 0, "missing_branches": 8}, "missing_lines": [74, 77, 78, 79, 80, 81, 82, 83, 86, 87, 88, 89, 90, 93, 95, 97, 98, 99, 100, 103, 104, 107, 109, 110, 111, 112, 113, 114, 115, 119, 120, 121, 122, 123, 126], "excluded_lines": [], "executed_branches": [], "missing_branches": [[95, 97], [95, 126], [97, 98], [97, 99], [99, 100], [99, 103], [107, 95], [107, 109]]}, "generate_dollar_bars_series": {"executed_lines": [], "summary": {"covered_lines": 0, "num_statements": 15, "percent_covered": 0.0, "percent_covered_display": "0", "missing_lines": 15, "excluded_lines": 0, "num_branches": 8, "num_partial_branches": 0, "covered_branches": 0, "missing_branches": 8}, "missing_lines": [189, 193, 196, 197, 208, 209, 212, 224, 225, 227, 228, 229, 230, 231, 233], "excluded_lines": [], "executed_branches": [], "missing_branches": [[196, 197], [196, 208], [208, 209], [208, 212], [227, 228], [227, 233], [228, 229], [228, 233]]}, "": {"executed_lines": [], "summary": {"covered_lines": 0, "num_statements": 11, "percent_covered": 0.0, "percent_covered_display": "0", "missing_lines": 11, "excluded_lines": 0, "num_branches": 0, "num_partial_branches": 0, "covered_branches": 0, "missing_branches": 0}, "missing_lines": [22, 24, 25, 27, 28, 34, 37, 38, 136, 246, 249], "excluded_lines": [], "executed_branches": [], "missing_branches": []}}, "classes": {"": {"executed_lines": [], "summary": {"covered_lines": 0, "num_statements": 61, "percent_covered": 0.0, "percent_covered_display": "0", "missing_lines": 61, "excluded_lines": 0, "num_branches": 16, "num_partial_branches": 0, "covered_branches": 0, "missing_branches": 16}, "missing_lines": [22, 24, 25, 27, 28, 34, 37, 38, 74, 77, 78, 79, 80, 81, 82, 83, 86, 87, 88, 89, 90, 93, 95, 97, 98, 99, 100, 103, 104, 107, 109, 110, 111, 112, 113, 114, 115, 119, 120, 121, 122, 123, 126, 136, 189, 193, 196, 197, 208, 209, 212, 224, 225, 227, 228, 229, 230, 231, 233, 246, 249], "excluded_lines": [], "executed_branches": [], "missing_branches": [[95, 97], [95, 126], [97, 98], [97, 99], [99, 100], [99, 103], [107, 95], [107, 109], [196, 197], [196, 208], [208, 209], [208, 212], [227, 228], [227, 233], [228, 229], [228, 233]]}}}, "simple_futures_backtester/bars/imbalance_bars.py": {"executed_lines": [], "summary": {"covered_lines": 0, "num_statements": 111, "percent_covered": 0.0, "percent_covered_display": "0", "missing_lines": 111, "excluded_lines": 0, "num_branches": 32, "num_partial_branches": 0, "covered_branches": 0, "missing_branches": 32}, "missing_lines": [42, 44, 45, 47, 48, 54, 57, 58, 95, 98, 99, 100, 101, 102, 103, 104, 107, 108, 109, 110, 111, 112, 114, 116, 117, 118, 119, 121, 124, 127, 128, 129, 130, 133, 136, 138, 139, 140, 141, 142, 143, 144, 147, 148, 149, 150, 151, 154, 164, 220, 224, 227, 228, 239, 240, 243, 254, 266, 267, 304, 307, 308, 309, 310, 311, 312, 313, 316, 317, 318, 319, 320, 321, 323, 325, 326, 327, 328, 330, 333, 336, 337, 338, 339, 342, 345, 347, 348, 349, 350, 351, 352, 353, 356, 357, 358, 359, 360, 363, 373, 430, 434, 437, 438, 449, 450, 453, 464, 477, 478, 481], "excluded_lines": [], "executed_branches": [], "missing_branches": [[114, 116], [114, 154], [116, 117], [116, 118], [118, 119], [118, 121], [127, 128], [127, 129], [129, 130], [129, 133], [136, 114], [136, 138], [227, 228], [227, 239], [239, 240], [239, 243], [323, 325], [323, 363], [325, 326], [325, 327], [327, 328], [327, 330], [336, 337], [336, 338], [338, 339], [338, 342], [345, 323], [345, 347], [437, 438], [437, 449], [449, 450], [449, 453]], "functions": {"_generate_tick_imbalance_bars_nb": {"executed_lines": [], "summary": {"covered_lines": 0, "num_statements": 40, "percent_covered": 0.0, "percent_covered_display": "0", "missing_lines": 40, "excluded_lines": 0, "num_branches": 12, "num_partial_branches": 0, "covered_branches": 0, "missing_branches": 12}, "missing_lines": [95, 98, 99, 100, 101, 102, 103, 104, 107, 108, 109, 110, 111, 112, 114, 116, 117, 118, 119, 121, 124, 127, 128, 129, 130, 133, 136, 138, 139, 140, 141, 142, 143, 144, 147, 148, 149, 150, 151, 154], "excluded_lines": [], "executed_branches": [], "missing_branches": [[114, 116], [114, 154], [116, 117], [116, 118], [118, 119], [118, 121], [127, 128], [127, 129], [129, 130], [129, 133], [136, 114], [136, 138]]}, "generate_tick_imbalance_bars_series": {"executed_lines": [], "summary": {"covered_lines": 0, "num_statements": 8, "percent_covered": 0.0, "percent_covered_display": "0", "missing_lines": 8, "excluded_lines": 0, "num_branches": 4, "num_partial_branches": 0, "covered_branches": 0, "missing_branches": 4}, "missing_lines": [220, 224, 227, 228, 239, 240, 243, 254], "excluded_lines": [], "executed_branches": [], "missing_branches": [[227, 228], [227, 239], [239, 240], [239, 243]]}, "_generate_volume_imbalance_bars_nb": {"executed_lines": [], "summary": {"covered_lines": 0, "num_statements": 40, "percent_covered": 0.0, "percent_covered_display": "0", "missing_lines": 40, "excluded_lines": 0, "num_branches": 12, "num_partial_branches": 0, "covered_branches": 0, "missing_branches": 12}, "missing_lines": [304, 307, 308, 309, 310, 311, 312, 313, 316, 317, 318, 319, 320, 321, 323, 325, 326, 327, 328, 330, 333, 336, 337, 338, 339, 342, 345, 347, 348, 349, 350, 351, 352, 353, 356, 357, 358, 359, 360, 363], "excluded_lines": [], "executed_branches": [], "missing_branches": [[323, 325], [323, 363], [325, 326], [325, 327], [327, 328], [327, 330], [336, 337], [336, 338], [338, 339], [338, 342], [345, 323], [345, 347]]}, "generate_volume_imbalance_bars_series": {"executed_lines": [], "summary": {"covered_lines": 0, "num_statements": 8, "percent_covered": 0.0, "percent_covered_display": "0", "missing_lines": 8, "excluded_lines": 0, "num_branches": 4, "num_partial_branches": 0, "covered_branches": 0, "missing_branches": 4}, "missing_lines": [430, 434, 437, 438, 449, 450, 453, 464], "excluded_lines": [], "executed_branches": [], "missing_branches": [[437, 438], [437, 449], [449, 450], [449, 453]]}, "": {"exe
[...]
148, 151, 152, 154], "excluded_lines": [], "executed_branches": [], "missing_branches": []}, "": {"executed_lines": [1, 28, 30, 31, 32, 33, 35, 36, 39, 40, 55, 68, 108], "summary": {"covered_lines": 11, "num_statements": 11, "percent_covered": 100.0, "percent_covered_display": "100", "missing_lines": 0, "excluded_lines": 0, "num_branches": 0, "num_partial_branches": 0, "covered_branches": 0, "missing_branches": 0}, "missing_lines": [], "excluded_lines": [], "executed_branches": [], "missing_branches": []}}, "classes": {"MeanReversionStrategy": {"executed_lines": [], "summary": {"covered_lines": 0, "num_statements": 15, "percent_covered": 0.0, "percent_covered_display": "0", "missing_lines": 15, "excluded_lines": 0, "num_branches": 0, "num_partial_branches": 0, "covered_branches": 0, "missing_branches": 0}, "missing_lines": [64, 65, 66, 95, 98, 102, 137, 140, 143, 144, 147, 148, 151, 152, 154], "excluded_lines": [], "executed_branches": [], "missing_branches": []}, "": {"executed_lines": [1, 28, 30, 31, 32, 33, 35, 36, 39, 40, 55, 68, 108], "summary": {"covered_lines": 11, "num_statements": 11, "percent_covered": 100.0, "percent_covered_display": "100", "missing_lines": 0, "excluded_lines": 0, "num_branches": 0, "num_partial_branches": 0, "covered_branches": 0, "missing_branches": 0}, "missing_lines": [], "excluded_lines": [], "executed_branches": [], "missing_branches": []}}}, "simple_futures_backtester/strategy/examples/momentum.py": {"executed_lines": [1, 27, 29, 30, 31, 32, 34, 35, 38, 39, 56, 71, 123], "summary": {"covered_lines": 11, "num_statements": 33, "percent_covered": 33.333333333333336, "percent_covered_display": "33", "missing_lines": 22, "excluded_lines": 0, "num_branches": 0, "num_partial_branches": 0, "covered_branches": 0, "missing_branches": 0}, "missing_lines": [66, 67, 68, 69, 99, 102, 103, 106, 109, 112, 115, 117, 152, 155, 158, 159, 160, 163, 164, 167, 168, 170], "excluded_lines": [], "executed_branches": [], "missing_branches": [], "functions": {"MomentumStrategy.__init__": {"executed_lines": [], "summary": {"covered_lines": 0, "num_statements": 4, "percent_covered": 0.0, "percent_covered_display": "0", "missing_lines": 4, "excluded_lines": 0, "num_branches": 0, "num_partial_branches": 0, "covered_branches": 0, "missing_branches": 0}, "missing_lines": [66, 67, 68, 69], "excluded_lines": [], "executed_branches": [], "missing_branches": []}, "MomentumStrategy.calculate_indicators": {"executed_lines": [], "summary": {"covered_lines": 0, "num_statements": 8, "percent_covered": 0.0, "percent_covered_display": "0", "missing_lines": 8, "excluded_lines": 0, "num_branches": 0, "num_partial_branches": 0, "covered_branches": 0, "missing_branches": 0}, "missing_lines": [99, 102, 103, 106, 109, 112, 115, 117], "excluded_lines": [], "executed_branches": [], "missing_branches": []}, "MomentumStrategy.generate_signals": {"executed_lines": [], "summary": {"covered_lines": 0, "num_statements": 10, "percent_covered": 0.0, "percent_covered_display": "0", "missing_lines": 10, "excluded_lines": 0, "num_branches": 0, "num_partial_branches": 0, "covered_branches": 0, "missing_branches": 0}, "missing_lines": [152, 155, 158, 159, 160, 163, 164, 167, 168, 170], "excluded_lines": [], "executed_branches": [], "missing_branches": []}, "": {"executed_lines": [1, 27, 29, 30, 31, 32, 34, 35, 38, 39, 56, 71, 123], "summary": {"covered_lines": 11, "num_statements": 11, "percent_covered": 100.0, "percent_covered_display": "100", "missing_lines": 0, "excluded_lines": 0, "num_branches": 0, "num_partial_branches": 0, "covered_branches": 0, "missing_branches": 0}, "missing_lines": [], "excluded_lines": [], "executed_branches": [], "missing_branches": []}}, "classes": {"MomentumStrategy": {"executed_lines": [], "summary": {"covered_lines": 0, "num_statements": 22, "percent_covered": 0.0, "percent_covered_display": "0", "missing_lines": 22, "excluded_lines": 0, "num_branches": 0, "num_partial_branches": 0, "covered_branches": 0, "missing_branches": 0}, "missing_lines": [66, 67, 68, 69, 99, 102, 103, 106, 109, 112, 115, 117, 152, 155, 158, 159, 160, 163, 164, 167, 168, 170], "excluded_lines": [], "executed_branches": [], "missing_branches": []}, "": {"executed_lines": [1, 27, 29, 30, 31, 32, 34, 35, 38, 39, 56, 71, 123], "summary": {"covered_lines": 11, "num_statements": 11, "percent_covered": 100.0, "percent_covered_display": "100", "missing_lines": 0, "excluded_lines": 0, "num_branches": 0, "num_partial_branches": 0, "covered_branches": 0, "missing_branches": 0}, "missing_lines": [], "excluded_lines": [], "executed_branches": [], "missing_branches": []}}}, "simple_futures_backtester/utils/__init__.py": {"executed_lines": [1, 7, 17, 27], "summary": {"covered_lines": 3, "num_statements": 3, "percent_covered": 100.0, "percent_covered_display": "100", "missing_lines": 0, "excluded_lines": 0, "num_branches": 0, "num_partial_branches": 0, "covered_branches": 0, "missing_branches": 0}, "missing_lines": [], "excluded_lines": [], "executed_branches": [], "missing_branches": [], "functions": {"": {"executed_lines": [1, 7, 17, 27], "summary": {"covered_lines": 3, "num_statements": 3, "percent_covered": 100.0, "percent_covered_display": "100", "missing_lines": 0, "excluded_lines": 0, "num_branches": 0, "num_partial_branches": 0, "covered_branches": 0, "missing_branches": 0}, "missing_lines": [], "excluded_lines": [], "executed_branches": [], "missing_branches": []}}, "classes": {"": {"executed_lines": [1, 7, 17, 27], "summary": {"covered_lines": 3, "num_statements": 3, "percent_covered": 100.0, "percent_covered_display": "100", "missing_lines": 0, "excluded_lines": 0, "num_branches": 0, "num_partial_branches": 0, "covered_branches": 0, "missing_branches": 0}, "missing_lines": [], "excluded_lines": [], "executed_branches": [], "missing_branches": []}}}, "simple_futures_backtester/utils/benchmarks.py": {"executed_lines": [1, 27, 29, 30, 31, 32, 33, 34, 36, 38, 43, 54, 70, 79, 210, 309, 341, 386, 445, 466], "summary": {"covered_lines": 18, "num_statements": 151, "percent_covered": 8.530805687203792, "percent_covered_display": "9", "missing_lines": 133, "excluded_lines": 2, "num_branches": 60, "num_partial_branches": 0, "covered_branches": 0, "missing_branches": 60}, "missing_lines": [76, 100, 101, 102, 103, 106, 108, 112, 113, 114, 115, 117, 119, 120, 121, 124, 125, 126, 129, 134, 136, 138, 143, 149, 163, 164, 167, 168, 177, 186, 187, 188, 189, 190, 193, 194, 195, 197, 199, 200, 201, 202, 205, 206, 207, 226, 229, 230, 231, 234, 235, 236, 239, 240, 241, 245, 248, 249, 251, 252, 253, 264, 265, 275, 277, 278, 282, 284, 289, 290, 291, 292, 293, 294, 303, 304, 306, 319, 320, 321, 324, 333, 334, 335, 336, 338, 360, 363, 365, 366, 369, 370, 372, 373, 375, 378, 380, 381, 383, 399, 400, 401, 402, 403, 404, 406, 407, 408, 409, 410, 413, 416, 417, 418, 419, 421, 424, 425, 426, 427, 428, 430, 432, 434, 442, 454, 455, 456, 457, 459, 460, 461, 463], "excluded_lines": [38, 39], "executed_branches": [], "missing_branches": [[101, 102], [101, 106], [106, 108], [106, 119], [112, 113], [112, 117], [113, 112], [113, 114], [120, 121], [120, 124], [125, 126], [125, 129], [163, 164], [163, 167], [167, 168], [167, 177], [188, 189], [188, 193], [194, 195], [194, 197], [229, 230], [229, 282], [239, 240], [239, 275], [249, 239], [249, 251], [251, 252], [251, 264], [289, 290], [289, 306], [320, 321], [320, 324], [333, 334], [333, 338], [334, 333], [334, 335], [363, 365], [363, 369], [369, 370], [369, 372], [372, 373], [372, 375], [380, 381], [380, 383], [406, 407], [406, 442], [416, 417], [416, 418], [418, 419], [418, 421], [424, 425], [424, 432], [425, 426], [425, 427], [427, 428], [427, 430], [454, 455], [454, 463], [460, 454], [460, 461]], "functions": {"get_available_suites": {"executed_lines": [], "summary": {"covered_lines": 0, "num_statements": 1, "percent_covered": 0.0, "percent_covered_display": "0", "missing_lines": 1, "excluded_lines": 0, "num_branches": 0, "num_partial_branches": 0, "covered_branches": 0, "missing_branches": 0}, "missing_lines": [76], "excluded_lines": [], "executed_branches": [], "missing_branches": []}, "run_benchmark_suite": {"executed_lines": [], "summary": {"covered_lines": 0, "num_statements": 44, "percent_covered": 0.0, "percent_covered_display": "0", "missing_lines": 44, "excluded_lines": 0, "num_branches": 20, "num_partial_branches": 0, "covered_branches": 0, "missing_branches": 20}, "missing_lines": [100, 101, 102, 103, 106, 108, 112, 113, 114, 115, 117, 119, 120, 121, 124, 125, 126, 129, 134, 136, 138, 143, 149, 163, 164, 167, 168, 177, 186, 187, 188, 189, 190, 193, 194, 195, 197, 199, 200, 201, 202, 205, 206, 207], "excluded_lines": [], "executed_branches": [], "missing_branches": [[101, 102], [101, 106], [106, 108], [106, 119], [112, 113], [112, 117], [113, 112], [113, 114], [120, 121], [120, 124], [125, 126], [125, 129], [163, 164], [163, 167], [167, 168], [167, 177], [188, 189], [188, 193], [194, 195], [194, 197]]}, "parse_benchmark_output": {"executed_lines": [], "summary": {"covered_lines": 0, "num_statements": 32, "percent_covered": 0.0, "percent_covered_display": "0", "missing_lines": 32, "excluded_lines": 0, "num_branches": 10, "num_partial_branches": 0, "covered_branches": 0, "missing_branches": 10}, "missing_lines": [226, 229, 230, 231, 234, 235, 236, 239, 240, 241, 245, 248, 249, 251, 252, 253, 264, 265, 275, 277, 278, 282, 284, 289, 290, 291, 292, 293, 294, 303, 304, 306], "excluded_lines": [], "executed_branches": [], "missing_branches": [[229, 230], [229, 282], [239, 240], [239, 275], [249, 239], [249, 251], [251, 252], [251, 264], [289, 290], [289, 306]]}, "_extract_component_name": {"executed_lines": [], "summary": {"covered_lines": 0, "num_statements": 9, "percent_covered": 0.0, "percent_covered_display": "0", "missing_lines": 9, "excluded_lines": 0, "num_branches": 6, "num_partial_branches": 0, "covered_branches": 0, "missing_branches": 6}, "missing_lines": [319, 320, 321, 324, 333, 334, 335, 336, 338], "excluded_lines": [], "executed_branches": [], "missing_branches": [[320, 321], [320, 324], [333, 334], [333, 338], [334, 333], [334, 335]]}, "check_benchmark_status": {"executed_lines": [], "summary": {"covered_lines": 0, "num_statements": 13, "percent_covered": 0.0, "percent_covered_display": "0", "missing_lines": 13, "excluded_lines": 0, "num_branches": 8, "num_partial_branches": 0, "covered_branches": 0, "missing_branches": 8}, "missing_lines": [360, 363, 365, 366, 369, 370, 372, 373, 375, 378, 380, 381, 383], "excluded_lines": [], "executed_branches": [], "missing_branches": [[363, 365], [363, 369], [369, 370], [369, 372], [372, 373], [372, 375], [380, 381], [380, 383]]}, "create_benchmark_table": {"executed_lines": [], "summary": {"covered_lines": 0, "num_statements": 26, "percent_covered": 0.0, "percent_covered_display": "0", "missing_lines": 26, "excluded_lines": 0, "num_branches": 12, "num_partial_branches": 0, "covered_branches": 0, "missing_branches": 12}, "missing_lines": [399, 400, 401, 402, 403, 404, 406, 407, 408, 409, 410, 413, 416, 417, 418, 419, 421, 424, 425, 426, 427, 428, 430, 432, 434, 442], "excluded_lines": [], "executed_branches": [], "missing_branches": [[406, 407], [406, 442], [416, 417], [416, 418], [418, 419], [418, 421], [424, 425], [424, 432], [425, 426], [425, 427], [427, 428], [427, 430]]}, "check_all_passed": {"executed_lines": [], "summary": {"covered_lines": 0, "num_statements": 8, "percent_covered": 0.0, "percent_covered_display": "0", "missing_lines": 8, "excluded_lines": 0, "num_branches": 4, "num_partial_branches": 0, "covered_branches": 0, "missing_branches": 4}, "missing_lines": [454, 455, 456, 457, 459, 460, 461, 463], "excluded_lines": [], "executed_branches": [], "missing_branches": [[454, 455], [454, 463], [460, 454], [460, 461]]}, "": {"executed_lines": [1, 27, 29, 30, 31, 32, 33, 34, 36, 38, 43, 54, 70, 79, 210, 309, 341, 386, 445, 466], "summary": {"covered_lines": 18, "num_statements": 18, "percent_covered": 100.0, "percent_covered_display": "100", "missing_lines": 0, "excluded_lines": 2, "num_branches": 0, "num_partial_branches": 0, "covered_branches": 0, "missing_branches": 0}, "missing_lines": [], "excluded_lines": [38, 39], "executed_branches": [], "missing_branches": []}}, "classes": {"": {"executed_lines": [1, 27, 29, 30, 31, 32, 33, 34, 36, 38, 43, 54, 70, 79, 210, 309, 341, 386, 445, 466], "summary": {"covered_lines": 18, "num_statements": 151, "percent_covered": 8.530805687203792, "percent_covered_display": "9", "missing_lines": 133, "excluded_lines": 2, "num_branches": 60, "num_partial_branches": 0, "covered_branches": 0, "missing_branches": 60}, "missing_lines": [76, 100, 101, 102, 103, 106, 108, 112, 113, 114, 115, 117, 119, 120, 121, 124, 125, 126, 129, 134, 136, 138, 143, 149, 163, 164, 167, 168, 177, 186, 187, 188, 189, 190, 193, 194, 195, 197, 199, 200, 201, 202, 205, 206, 207, 226, 229, 230, 231, 234, 235, 236, 239, 240, 241, 245, 248, 249, 251, 252, 253, 264, 265, 275, 277, 278, 282, 284, 289, 290, 291, 292, 293, 294, 303, 304, 306, 319, 320, 321, 324, 333, 334, 335, 336, 338, 360, 363, 365, 366, 369, 370, 372, 373, 375, 378, 380, 381, 383, 399, 400, 401, 402, 403, 404, 406, 407, 408, 409, 410, 413, 416, 417, 418, 419, 421, 424, 425, 426, 427, 428, 430, 432, 434, 442, 454, 455, 456, 457, 459, 460, 461, 463], "excluded_lines": [38, 39], "executed_branches": [], "missing_branches": [[101, 102], [101, 106], [106, 108], [106, 119], [112, 113], [112, 117], [113, 112], [113, 114], [120, 121], [120, 124], [125, 126], [125, 129], [163, 164], [163, 167], [167, 168], [167, 177], [188, 189], [188, 193], [194, 195], [194, 197], [229, 230], [229, 282], [239, 240], [239, 275], [249, 239], [249, 251], [251, 252], [251, 264], [289, 290], [289, 306], [320, 321], [320, 324], [333, 334], [333, 338], [334, 333], [334, 335], [363, 365], [363, 369], [369, 370], [369, 372], [372, 373], [372, 375], [380, 381], [380, 383], [406, 407], [406, 442], [416, 417], [416, 418], [418, 419], [418, 421], [424, 425], [424, 432], [425, 426], [425, 427], [427, 428], [427, 430], [454, 455], [454, 463], [460, 454], [460, 461]]}}}, "simple_futures_backtester/utils/jit_utils.py": {"executed_lines": [1, 16, 18, 19, 21, 22, 23, 26, 29, 63, 66, 106, 153, 206, 254, 276], "summary": {"covered_lines": 15, "num_statements": 59, "percent_covered": 17.647058823529413, "percent_covered_display": "18", "missing_lines": 44, "excluded_lines": 0, "num_branches": 26, "num_partial_branches": 0, "covered_branches": 0, "missing_branches": 26}, "missing_lines": [94, 95, 97, 98, 100, 101, 102, 103, 138, 139, 141, 142, 144, 145, 147, 148, 149, 150, 191, 192, 194, 196, 197, 198, 199, 201, 203, 237, 238, 239, 240, 242, 244, 245, 246, 247, 249, 251, 273, 318, 326, 327, 328, 330], "excluded_lines": [], "executed_branches": [], "missing_branches": [[94, 95], [94, 97], [97, 98], [97, 100], [138, 139], [138, 141], [141, 142], [141, 144], [144, 145], [144, 147], [191, 192], [191, 194], [196, 197], [196, 198], [198, 199], [198, 201], [237, 238], [237, 239], [239, 240], [239, 242], [244, 245], [244, 246], [246, 247], [246, 249], [327, 328], [327, 330]], "functions": {"get_njit_decorator": {"executed_lines": [63], "summary": {"covered_lines": 1, "num_statements": 1, "percent_covered": 100.0, "percent_covered_display": "100", "missing_lines": 0, "excluded_lines": 0, "num_branches": 0, "num_partial_branches": 0, "covered_branches": 0, "missing_branches": 0}, "missing_lines": [], "excluded_lines": [], "executed_branches": [], "missing_branches": []}, "ensure_float64": {"executed_lines": [], "summary": {"covered_lines": 0, "num_statements": 8, "percent_covered": 0.0, "percent_covered_display": "0", "missing_lines": 8, "excluded_lines": 0, "num_branches": 4, "num_partial_branches": 0, "covered_branches": 0, "missing_branches": 4}, "missing_lines": [94, 95, 97, 98, 100, 101, 102, 103], "excluded_lines": [], "executed_branches": [], "missing_branches": [[94, 95], [94, 97], [97, 98], [97, 100]]}, "ensure_int64": {"executed_lines": [], "summary": {"covered_lines": 0, "num_statements": 10, "percent_covered": 0.0, "percent_covered_display": "0", "missing_lines": 10, "excluded_lines": 0, "num_branches": 6, "num_partial_branches": 0, "covered_branches": 0, "missing_branches": 6}, "missing_lines": [138, 139, 141, 142, 144, 145, 147, 148, 149, 150], "excluded_lines": [], "executed_branches": [], "missing_branches": [[138, 139], [138, 141], [141, 142], [141, 144], [144, 145], [144, 147]]}, "preallocate_array": {"executed_lines": [], "summary": {"covered_lines": 0, "num_statements": 9, "percent_covered": 0.0, "percent_covered_display": "0", "missing_lines": 9, "excluded_lines": 0, "num_branches": 6, "num_partial_branches": 0, "covered_branches": 0, "missing_branches": 6}, "missing_lines": [191, 192, 194, 196, 197, 198, 199, 201, 203], "excluded_lines": [], "executed_branches": [], "missing_branches": [[191, 192], [191, 194], [196, 197], [196, 198], [198, 199], [198, 201]]}, "preallocate_2d_array": {"executed_lines": [], "summary": {"covered_lines": 0, "num_statements": 11, "percent_covered": 0.0, "percent_covered_display": "0", "missing_lines": 11, "excluded_lines": 0, "num_branches": 8, "num_partial_branches": 0, "covered_branches": 0, "missing_branches": 8}, "missing_lines": [237, 238, 239, 240, 242, 244, 245, 246, 247, 249, 251], "excluded_lines": [], "executed_branches": [], "missing_branches": [[237, 238], [237, 239], [239, 240], [239, 242], [244, 245], [244, 246], [246, 247], [246, 249]]}, "is_contiguous": {"executed_lines": [], "summary": {"covered_lines": 0, "num_statements": 1, "percent_covered": 0.0, "percent_covered_display": "0", "missing_lines": 1, "excluded_lines": 0, "num_branches": 0, "num_partial_branches": 0, "covered_branches": 0, "missing_branches": 0}, "missing_lines": [273], "excluded_lines": [], "executed_branches": [], "missing_branches": []}, "validate_ohlcv_arrays": {"executed_lines": [], "summary": {"covered_lines": 0, "num_statements": 5, "percent_covered": 0.0, "percent_covered_display": "0", "missing_lines": 5, "excluded_lines": 0, "num_branches": 2, "num_partial_branches": 0, "covered_branches": 0, "missing_branches": 2}, "missing_lines": [318, 326, 327, 328, 330], "excluded_lines": [], "executed_branches": [], "missing_branches": [[327, 328], [327, 330]]}, "": {"executed_lines": [1, 16, 18, 19, 21, 22, 23, 26, 29, 66, 106, 153, 206, 254, 276], "summary": {"covered_lines": 14, "num_statements": 14, "percent_covered": 100.0, "percent_covered_display": "100", "missing_lines": 0, "excluded_lines": 0, "num_branches": 0, "num_partial_branches": 0, "covered_branches": 0, "missing_branches": 0}, "missing_lines": [], "excluded_lines": [], "executed_branches": [], "missing_branches": []}}, "classes": {"": {"executed_lines": [1, 16, 18, 19, 21, 22, 23, 26, 29, 63, 66, 106, 153, 206, 254, 276], "summary": {"covered_lines": 15, "num_statements": 59, "percent_covered": 17.647058823529413, "percent_covered_display": "18", "missing_lines": 44, "excluded_lines": 0, "num_branches": 26, "num_partial_branches": 0, "covered_branches": 0, "missing_branches": 26}, "missing_lines": [94, 95, 97, 98, 100, 101, 102, 103, 138, 139, 141, 142, 144, 145, 147, 148, 149, 150, 191, 192, 194, 196, 197, 198, 199, 201, 203, 237, 238, 239, 240, 242, 244, 245, 246, 247, 249, 251, 273, 318, 326, 327, 328, 330], "excluded_lines": [], "executed_branches": [], "missing_branches": [[94, 95], [94, 97], [97, 98], [97, 100], [138, 139], [138, 141], [141, 142], [141, 144], [144, 145], [144, 147], [191, 192], [191, 194], [196, 197], [196, 198], [198, 199], [198, 201], [237, 238], [237, 239], [239, 240], [239, 242], [244, 245], [244, 246], [246, 247], [246, 249], [327, 328], [327, 330]]}}}}, "totals": {"covered_lines": 313, "num_statements": 3474, "percent_covered": 8.421814671814673, "percent_covered_display": "8", "missing_lines": 3161, "excluded_lines": 201, "num_branches": 670, "num_partial_branches": 2, "covered_branches": 36, "missing_branches": 634}}