{"meta": {"format": 3, "version": "7.11.0", "timestamp": "2025-12-02T10:30:48.091963", "branch_coverage": true, "show_contexts": false}, "files": {"simple_futures_backtester/__init__.py": {"executed_lines": [1, 8, 10, 11, 14, 16, 17, 19, 30, 42, 43], "summary": {"covered_lines": 10, "num_statements": 10, "percent_covered": 85.71428571428571, "percent_covered_display": "86", "missing_lines": 0, "excluded_lines": 0, "num_branches": 4, "num_partial_branches": 2, "covered_branches": 2, "missing_branches": 2}, "missing_lines": [], "excluded_lines": [], "executed_branches": [[16, 17], [42, 43]], "missing_branches": [[16, 19], [42, -1]], "functions": {"": {"executed_lines": [1, 8, 10, 11, 14, 16, 17, 19, 30, 42, 43], "summary": {"covered_lines": 10, "num_statements": 10, "percent_covered": 85.71428571428571, "percent_covered_display": "86", "missing_lines": 0, "excluded_lines": 0, "num_branches": 4, "num_partial_branches": 2, "covered_branches": 2, "missing_branches": 2}, "missing_lines": [], "excluded_lines": [], "executed_branches": [[16, 17], [42, 43]], "missing_branches": [[16, 19], [42, -1]]}}, "classes": {"": {"executed_lines": [1, 8, 10, 11, 14, 16, 17, 19, 30, 42, 43], "summary": {"covered_lines": 10, "num_statements": 10, "percent_covered": 85.71428571428571, "percent_covered_display": "86", "missing_lines": 0, "excluded_lines": 0, "num_branches": 4, "num_partial_branches": 2, "covered_branches": 2, "missing_branches": 2}, "missing_lines": [], "excluded_lines": [], "executed_branches": [[16, 17], [42, 43]], "missing_branches": [[16, 19], [42, -1]]}}}, "simple_futures_backtester/backtest/__init__.py": {"executed_lines": [1, 8, 9, 11], "summary": {"covered_lines": 3, "num_statements": 3, "percent_covered": 100.0, "percent_covered_display": "100", "missing_lines": 0, "excluded_lines": 0, "num_branches": 0, "num_partial_branches": 0, "covered_branches": 0, "missing_branches": 0}, "missing_lines": [], "excluded_lines": [], "executed_branches": [], "missing_branches": [], "functions": {"": {"executed_lines": [1, 8, 9, 11], "summary": {"covered_lines": 3, "num_statements": 3, "percent_covered": 100.0, "percent_covered_display": "100", "missing_lines": 0, "excluded_lines": 0, "num_branches": 0, "num_partial_branches": 0, "covered_branches": 0, "missing_branches": 0}, "missing_lines": [], "excluded_lines": [], "executed_branches": [], "missing_branches": []}}, "classes": {"": {"executed_lines": [1, 8, 9, 11], "summary": {"covered_lines": 3, "num_statements": 3, "percent_covered": 100.0, "percent_covered_display": "100", "missing_lines": 0, "excluded_lines": 0, "num_branches": 0, "num_partial_branches": 0, "covered_branches": 0, "missing_branches": 0}, "missing_lines": [], "excluded_lines": [], "executed_branches": [], "missing_branches": []}}}, "simple_futures_backtester/backtest/engine.py": {"executed_lines": [1, 27, 29, 30, 31, 32, 33, 35, 36, 37, 38, 40, 42, 49, 61, 62, 63, 86, 87, 88, 89, 90, 91, 92, 93, 96, 97, 98, 101, 102, 105, 115, 117, 118, 119, 121, 126, 136, 138, 139, 140, 142, 147, 156, 164, 167, 168, 183, 212, 219, 220, 221, 222, 226, 229, 232, 235, 236, 239, 240, 243, 249, 254, 267, 268, 270, 285, 289, 292, 295, 296, 301, 302, 307, 308, 313, 314, 319, 320, 321, 322, 328, 329, 330, 335, 336, 337, 342, 345, 346, 363, 364, 366, 383], "summary": {"covered_lines": 90, "num_statements": 108, "percent_covered": 76.86567164179104, "percent_covered_display": "77", "missing_lines": 18, "excluded_lines": 2, "num_branches": 26, "num_partial_branches": 13, "covered_branches": 13, "missing_branches": 13}, "missing_lines": [116, 120, 122, 123, 137, 141, 143, 144, 213, 223, 298, 304, 310, 316, 324, 325, 332, 349], "excluded_lines": [42, 43], "executed_branches": [[115, 117], [119, 121], [136, 138], [140, 142], [212, 219], [222, 226], [295, 296], [301, 302], [307, 308], [313, 314], [319, 320], [329, 330], [345, 346]], "missing_branches": [[115, 116], [119, 120], [136, 137], [140, 141], [212, 213], [222, 223], [295, 298], [301, 304], [307, 310], [313, 316], [319, 324], [329, 332], [345, 349]], "functions": {"_safe_float": {"executed_lines": [115, 117, 118, 119, 121], "summary": {"covered_lines": 5, "num_statements": 9, "percent_covered": 53.84615384615385, "percent_covered_display": "54", "missing_lines": 4, "excluded_lines": 0, "num_branches": 4, "num_partial_branches": 2, "covered_branches": 2, "missing_branches": 2}, "missing_lines": [116, 120, 122, 123], "excluded_lines": [], "executed_branches": [[115, 117], [119, 121]], "missing_branches": [[115, 116], [119, 120]]}, "_safe_int": {"executed_lines": [136, 138, 139, 140, 142], "summary": {"covered_lines": 5, "num_statements": 9, "percent_covered": 53.84615384615385, "percent_covered_display": "54", "missing_lines": 4, "excluded_lines": 0, "num_branches": 4, "num_partial_branches": 2, "covered_branches": 2, "missing_branches": 2}, "missing_lines": [137, 141, 143, 144], "excluded_lines": [], "executed_branches": [[136, 138], [140, 142]], "missing_branches": [[136, 137], [140, 141]]}, "_compute_config_hash": {"executed_lines": [156, 164], "summary": {"covered_lines": 2, "num_statements": 2, "percent_covered": 100.0, "percent_covered_display": "100", "missing_lines": 0, "excluded_lines": 0, "num_branches": 0, "num_partial_branches": 0, "covered_branches": 0, "missing_branches": 0}, "missing_lines": [], "excluded_lines": [], "executed_branches": [], "missing_branches": []}, "BacktestEngine.run": {"executed_lines": [212, 219, 220, 221, 222, 226, 229, 232, 235, 236, 239, 240, 243, 249, 254, 267, 268], "summary": {"covered_lines": 17, "num_statements": 19, "percent_covered": 82.6086956521739, "percent_covered_display": "83", "missing_lines": 2, "excluded_lines": 0, "num_branches": 4, "num_partial_branches": 2, "covered_branches": 2, "missing_branches": 2}, "missing_lines": [213, 223], "excluded_lines": [], "executed_branches": [[212, 219], [222, 226]], "missing_branches": [[212, 213], [222, 223]]}, "BacktestEngine._extract_metrics": {"executed_lines": [285, 289, 292, 295, 296, 301, 302, 307, 308, 313, 314, 319, 320, 321, 322, 328, 329, 330, 335, 336, 337, 342, 345, 346, 363, 364, 366], "summary": {"covered_lines": 27, "num_statements": 35, "percent_covered": 69.38775510204081, "percent_covered_display": "69", "missing_lines": 8, "excluded_lines": 0, "num_branches": 14, "num_partial_branches": 7, "covered_branches": 7, "missing_branches": 7}, "missing_lines": [298, 304, 310, 316, 324, 325, 332, 349], "excluded_lines": [], "executed_branches": [[295, 296], [301, 302], [307, 308], [313, 314], [319, 320], [329, 330], [345, 346]], "missing_branches": [[295, 298], [301, 304], [307, 310], [313, 316], [319, 324], [329, 332], [345, 349]]}, "": {"executed_lines": [1, 27, 29, 30, 31, 32, 33, 35, 36, 37, 38, 40, 42, 49, 61, 62, 63, 86, 87, 88, 89, 90, 91, 92, 93, 96, 97, 98, 101, 102, 105, 126, 147, 167, 168, 183, 270, 383], "summary": {"covered_lines": 34, "num_statements": 34, "percent_covered": 100.0, "percent_covered_display": "100", "missing_lines": 0, "excluded_lines": 2, "num_branches": 0, "num_partial_branches": 0, "covered_branches": 0, "missing_branches": 0}, "missing_lines": [], "excluded_lines": [42, 43], "executed_branches": [], "missing_branches": []}}, "classes": {"BacktestResult": {"executed_lines": [], "summary": {"covered_lines": 0, "num_statements": 0, "percent_covered": 100.0, "percent_covered_display": "100", "missing_lines": 0, "excluded_lines": 0, "num_branches": 0, "num_partial_branches": 0, "covered_branches": 0, "missing_branches": 0}, "missing_lines": [], "excluded_lines": [], "executed_branches": [], "missing_branches": []}, "BacktestEngine": {"executed_lines": [212, 219, 220, 221, 222, 226, 229, 232, 235, 236, 239, 240, 243, 249, 254, 267, 268, 285, 289, 292, 295, 296, 301, 302, 307, 308, 313, 314, 319, 320, 321, 322, 328, 329, 330, 335, 336, 337, 342, 345, 346, 363, 364, 366], "summary": {"covered_lines": 44, "num_statements": 54, "percent_covered": 73.61111111111111, "percent_covered_display": "74", "missing_lines": 10, "excluded_lines": 0, "num_branches": 18, "num_partial_branches": 9, "covered_branches": 9, "missing_branches": 9}, "missing_lines": [213, 223, 298, 304, 310, 316, 324, 325, 332, 349], "excluded_lines": [], "executed_branches": [[212, 219], [222, 226], [295, 296], [301, 302], [307, 308], [313, 314], [319, 320], [329, 330], [345, 346]], "missing_branches": [[212, 213], [222, 223], [295, 298], [301, 304], [307, 310], [313, 316], [319, 324], [329, 332], [345, 349]]}, "": {"executed_lines": [1, 27, 29, 30, 31, 32, 33, 35, 36, 37, 38, 40, 42, 49, 61, 62, 63, 86, 87, 88, 89, 90, 91, 92, 93, 96, 97, 98, 101, 102, 105, 115, 117, 118, 119, 121, 126, 136, 138, 139, 140, 142, 147, 156, 164, 167, 168, 183, 270, 383], "summary": {"covered_lines": 46, "num_statements": 54, "percent_covered": 80.64516129032258, "percent_covered_display": "81", "missing_lines": 8, "excluded_lines": 2, "num_branches": 8, "num_partial_branches": 4, "covered_branches": 4, "missing_branches": 4}, "missing_lines": [116, 120, 122, 123, 137, 141, 143, 144], "excluded_lines": [42, 43], "executed_branches": [[115, 117], [119, 121], [136, 138], [140, 142]], "missing_branches": [[115, 116], [119, 120], [136, 137], [140, 141]]}}}, "simple_futures_backtester/backtest/sweep.py": {"executed_lines": [1, 49, 51, 52, 53, 54, 55, 56, 57, 59, 60, 64, 65, 66, 67, 68, 69, 71, 75, 76, 77, 98, 99, 100, 103, 166, 167, 212, 227, 229, 232, 235, 237, 305, 313, 319, 320, 321, 322, 324, 326, 328, 343, 358, 365, 366, 367, 372, 378, 413, 415, 417, 419, 422, 426, 429, 438, 441, 444, 445, 447, 449, 486, 488, 490, 507, 508, 509, 510, 519, 520, 522, 524, 538, 539, 541, 542, 544, 555, 556, 567, 569, 572], "summary": {"covered_lines": 79, "num_statements": 96, "percent_covered": 80.83333333333333, "percent_covered_display": "81", "missing_lines": 17, "excluded_lines": 2, "num_branches": 24, "num_partial_branches": 6, "covered_branches": 18, "missing_branches": 6}, "missing_lines": [138, 141, 144, 148, 151, 160, 161, 163, 228, 230, 306, 369, 370, 511, 513, 514, 568], "excluded_lines": [71, 72], "executed_branches": [[227, 229], [229, 232], [305, 313], [326, 328], [326, 343], [365, 366], [417, 419], [417, 447], [444, 417], [444, 445], [507, 508], [507, 522], [519, 520], [538, 539], [538, 541], [541, 542], [541, 544], [567, 569]], "missing_branches": [[227, 228], [229, 230], [305, 306], [365, 369], [519, 507], [567, 568]], "functions": {"_run_single_backtest": {"executed_lines": [], "summary": {"covered_lines": 0, "num_statements": 8, "percent_covered": 0.0, "percent_covered_display": "0", "missing_lines": 8, "excluded_lines": 0, "num_branches": 0, "num_partial_branches": 0, "covered_branches": 0, "missing_branches": 0}, "missing_lines": [138, 141, 144, 148, 151, 160, 161, 163], "excluded_lines": [], "executed_branches": [], "missing_branches": []}, "ParameterSweep.__init__": {"executed_lines": [227, 229, 232, 235], "summary": {"covered_lines": 4, "num_statements": 6, "percent_covered": 60.0, "percent_covered_display": "60", "missing_lines": 2, "excluded_lines": 0, "num_branches": 4, "num_partial_branches": 2, "covered_branches": 2, "missing_branches": 2}, "missing_lines": [228, 230], "excluded_lines": [], "executed_branches": [[227, 229], [229, 232]], "missing_branches": [[227, 228], [229, 230]]}, "ParameterSweep.run": {"executed_lines": [305, 313, 319, 320, 321, 322, 324, 326, 328, 343, 358, 365, 366, 367, 372], "summary": {"covered_lines": 15, "num_statements": 18, "percent_covered": 79.16666666666667, "percent_covered_display": "79", "missing_lines": 3, "excluded_lines": 0, "num_branches": 6, "num_partial_branches": 2, "covered_branches": 4, "missing_branches": 2}, "missing_lines": [306, 369, 370], "excluded_lines": [], "executed_branches": [[305, 313], [326, 328], [326, 343], [365, 366]], "missing_branches": [[305, 306], [365, 369]]}, "ParameterSweep._run_sequential": {"executed_lines": [413, 415, 417, 419, 422, 426, 429, 438, 441, 444, 445, 447], "summary": {"covered_lines": 12, "num_statements": 12, "percent_covered": 100.0, "percent_covered_display": "100", "missing_lines": 0, "excluded_lines": 0, "num_branches": 4, "num_partial_branches": 0, "covered_branches": 4, "missing_branches": 0}, "missing_lines": [], "excluded_lines": [], "executed_branches": [[417, 419], [417, 447], [444, 417], [444, 445]], "missing_branches": []}, "ParameterSweep._run_parallel": {"executed_lines": [486, 488, 490, 507, 508, 509, 510, 519, 520, 522], "summary": {"covered_lines": 10, "num_statements": 13, "percent_covered": 76.47058823529412, "percent_covered_display": "76", "missing_lines": 3, "excluded_lines": 0, "num_branches": 4, "num_partial_branches": 1, "covered_branches": 3, "missing_branches": 1}, "missing_lines": [511, 513, 514], "excluded_lines": [], "executed_branches": [[507, 508], [507, 522], [519, 520]], "missing_branches": [[519, 507]]}, "ParameterSweep._build_backtest_config": {"executed_lines": [538, 539, 541, 542, 544], "summary": {"covered_lines": 5, "num_statements": 5, "percent_covered": 100.0, "percent_covered_display": "100", "missing_lines": 0, "excluded_lines": 0, "num_branches": 4, "num_partial_branches": 0, "covered_branches": 4, "missing_branches": 0}, "missing_lines": [], "excluded_lines": [], "executed_branches": [[538, 539], [538, 541], [541, 542], [541, 544]], "missing_branches": []}, "ParameterSweep._safe_sharpe": {"executed_lines": [567, 569], "summary": {"covered_lines": 2, "num_statements": 3, "percent_covered": 60.0, "percent_covered_display": "60", "missing_lines": 1, "excluded_lines": 0, "num_branches": 2, "num_partial_branches": 1, "covered_branches": 1, "missing_branches": 1}, "missing_lines": [568], "excluded_lines": [], "executed_branches": [[567, 569]], "missing_branches": [[567, 568]]}, "": {"executed_lines": [1, 49, 51, 52, 53, 54, 55, 56, 57, 59, 60, 64, 65, 66, 67, 68, 69, 71, 75, 76, 77, 98, 99, 100, 103, 166, 167, 212, 237, 378, 449, 524, 555, 556, 572], "summary": {"covered_lines": 31, "num_statements": 31, "percent_covered": 100.0, "percent_covered_display": "100", "missing_lines": 0, "excluded_lines": 2, "num_branches": 0, "num_partial_branches": 0, "covered_branches": 0, "missing_branches": 0}, "missing_lines": [], "excluded_lines": [71, 72], "executed_branches": [], "missing_branches": []}}, "classes": {"SweepResult": {"executed_lines": [], "summary": {"covered_lines": 0, "num_statements": 0, "percent_covered": 100.0, "percent_covered_display": "100", "missing_lines": 0, "excluded_lines": 0, "num_branches": 0, "num_partial_branches": 0, "covered_branches": 0, "missing_branches": 0}, "missing_lines": [], "excluded_lines": [], "executed_branches": [], "missing_branches": []}, "ParameterSweep": {"executed_lines": [227, 229, 232, 235, 305, 313, 319, 320, 321, 322, 324, 326, 328, 343, 358, 365, 366, 367, 372, 413, 415, 417, 419, 422, 426, 429, 438, 441, 444, 445, 447, 486, 488, 490, 507, 508, 509, 510, 519, 520, 522, 538, 539, 541, 542, 544, 567, 569], "summary": {"covered_lines": 48, "num_statements": 57, "percent_covered": 81.48148148148148, "percent_covered_display": "81", "missing_lines": 9, "excluded_lines": 0, "num_branches": 24, "num_partial_branches": 6, "covered_branches": 18, "missing_branches": 6}, "missing_lines": [228, 230, 306, 369, 370, 511, 513, 514, 568], "excluded_lines": [], "executed_branches": [[227, 229], [229, 232], [305, 313], [326, 328], [326, 343], [365, 366], [417, 419], [417, 447], [444, 417], [444, 445], [507, 508], [507, 522], [519, 520], [538, 539], [538, 541], [541, 542], [541, 544], [567, 569]], "missing_branches": [[227, 228], [229, 230], [305, 306], [365, 369], [519, 507], [567, 568]]}, "": {"executed_lines": [1, 49, 51, 52, 53, 54, 55, 56, 57, 59, 60, 64, 65, 66, 67, 68, 69, 71, 75, 76, 77, 98, 99, 100, 103, 166, 167, 212, 237, 378, 449, 524, 555, 556, 572], "summary": {"covered_lines": 31, "num_statements": 39, "percent_covered": 79.48717948717949, "percent_covered_display": "79", "missing_lines": 8, "excluded_lines": 2, "num_branches": 0, "num_partial_branches": 0, "covered_branches": 0, "missing_branches": 0}, "missing_lines": [138, 141, 144, 148, 151, 160, 161, 163], "excluded_lines": [71, 72], "executed_branches": [], "missing_branches": []}}}, "simple_futures_backtester/bars/__init__.py": {"executed_lines": [1, 28, 30, 31, 32, 34, 35, 37, 39, 43, 44, 50, 75, 78, 79, 80, 119, 120, 121, 122, 123, 124, 125, 126, 128, 137, 138, 139, 140, 141, 142, 144, 153, 154, 157, 159, 161, 162, 164, 167, 170, 197, 199, 202, 205, 222, 227, 230, 240, 243, 260, 268, 280, 281, 282, 283, 284, 285], "summary": {"covered_lines": 54, "num_statements": 67, "percent_covered": 73.41772151898734, "percent_covered_display": "73", "missing_lines": 13, "excluded_lines": 2, "num_branches": 12, "num_partial_branches": 4, "covered_branches": 4, "missing_branches": 8}, "missing_lines": [72, 155, 198, 200, 223, 224, 225, 226, 254, 255, 256, 257, 265], "excluded_lines": [39, 40], "executed_branches": [[154, -128], [197, 199], [199, 202], [222, 227]], "missing_branches": [[154, 155], [197, 198], [199, 200], [222, 223], [224, 225], [224, 226], [254, 255], [254, 257]], "functions": {"BarGeneratorProtocol.__call__": {"executed_lines": [], "summary": {"covered_lines": 0, "num_statements": 1, "percent_covered": 0.0, "percent_covered_display": "0", "missing_lines": 1, "excluded_lines": 0, "num_branches": 0, "num_partial_branches": 0, "covered_branches": 0, "missing_branches": 0}, "missing_lines": [72], "excluded_lines": [], "executed_branches": [], "missing_branches": []}, "BarSeries.__post_init__": {"executed_lines": [137, 138, 139, 140, 141, 142, 144, 153, 154], "summary": {"covered_lines": 9, "num_statements": 10, "percent_covered": 83.33333333333333, "percent_covered_display": "83", "missing_lines": 1, "excluded_lines": 0, "num_branches": 2, "num_partial_branches": 1, "covered_branches": 1, "missing_branches": 1}, "missing_lines": [155], "excluded_lines": [], "executed_branches": [[154, -128]], "missing_branches": [[154, 155]]}, "BarSeries.__len__": {"executed_lines": [159], "summary": {"covered_lines": 1, "num_statements": 1, "percent_covered": 100.0, "percent_covered_display": "100", "missing_lines": 0, "excluded_lines": 0, "num_branches": 0, "num_partial_branches": 0, "covered_branches": 0, "missing_branches": 0}, "missing_lines": [], "excluded_lines": [], "executed_branches": [], "missing_branches": []}, "BarSeries.is_empty": {"executed_lines": [164], "summary": {"covered_lines": 1, "num_statements": 1, "percent_covered": 100.0, "percent_covered_display": "100", "missing_lines": 0, "excluded_lines": 0, "num_branches": 0, "num_partial_branches": 0, "covered_branches": 0, "missing_branches": 0}, "missing_lines": [], "excluded_lines": [], "executed_branches": [], "missing_branches": []}, "register_bar_type": {"executed_lines": [197, 199, 202], "summary": {"covered_lines": 3, "num_statements": 5, "percent_covered": 55.55555555555556, "percent_covered_display": "56", "missing_lines": 2, "excluded_lines": 0, "num_branches": 4, "num_partial_branches": 2, "covered_branches": 2, "missing_branches": 2}, "missing_lines": [198, 200], "excluded_lines": [], "executed_branches": [[197, 199], [199, 202]], "missing_branches": [[197, 198], [199, 200]]}, "get_bar_generator": {"executed_lines": [222, 227], "summary": {"covered_lines": 2, "num_statements": 6, "percent_covered": 30.0, "percent_covered_display": "30", "missing_lines": 4, "excluded_lines": 0, "num_branches": 4, "num_partial_branches": 1, "covered_branches": 1, "missing_branches": 3}, "missing_lines": [223, 224, 225, 226], "excluded_lines": [], "executed_branches": [[222, 227]], "missing_branches": [[222, 223], [224, 225], [224, 226]]}, "list_bar_types": {"executed_lines": [240], "summary": {"covered_lines": 1, "num_statements": 1, "percent_covered": 100.0, "percent_covered_display": "100", "missing_lines": 0, "excluded_lines": 0, "num_branches": 0, "num_partial_branches": 0, "covered_branches": 0, "missing_branches": 0}, "missing_lines": [], "excluded_lines": [], "executed_branches": [], "missing_branches": []}, "unregister_bar_type": {"executed_lines": [], "summary": {"covered_lines": 0, "num_statements": 4, "percent_covered": 0.0, "percent_covered_display": "0", "missing_lines": 4, "excluded_lines": 0, "num_branches": 2, "num_partial_branches": 0, "covered_branches": 0, "missing_branches": 2}, "missing_lines": [254, 255, 256, 257], "excluded_lines": [], "executed_branches": [], "missing_branches": [[254, 255], [254, 257]]}, "clear_bar_registry": {"executed_lines": [], "summary": {"covered_lines": 0, "num_statements": 1, "percent_covered": 0.0, "percent_covered_display": "0", "missing_lines": 1, "excluded_lines": 0, "num_branches": 0, "num_partial_branches": 0, "covered_branches": 0, "missing_branches": 0}, "missing_lines": [265], "excluded_lines": [], "executed_branches": [], "missing_branches": []}, "": {"executed_lines": [1, 28, 30, 31, 32, 34, 35, 37, 39, 43, 44, 50, 75, 78, 79, 80, 119, 120, 121, 122, 123, 124, 125, 126, 128, 157, 161, 162, 167, 170, 205, 230, 243, 260, 268, 280, 281, 282, 283, 284, 285], "summary": {"covered_lines": 37, "num_statements": 37, "percent_covered": 100.0, "percent_covered_display": "100", "missing_lines": 0, "excluded_lines": 2, "num_branches": 0, "num_partial_branches": 0, "covered_branches": 0, "missing_branches": 0}, "missing_lines": [], "excluded_lines": [39, 40], "executed_branches": [], "missing_branches": []}}, "classes": {"BarGeneratorProtocol": {"executed_lines": [], "summary": {"covered_lines": 0, "num_statements": 1, "percent_covered": 0.0, "percent_covered_display": "0", "missing_lines": 1, "excluded_lines": 0, "num_branches": 0, "num_partial_branches": 0, "covered_branches": 0, "missing_branches": 0}, "missing_lines": [72], "excluded_lines": [], "executed_branches": [], "missing_branches": []}, "BarSeries": {"executed_lines": [137, 138, 139, 140, 141, 142, 144, 153, 154, 159, 164], "summary": {"covered_lines": 11, "num_statements": 12, "percent_covered": 85.71428571428571, "percent_covered_display": "86", "missing_lines": 1, "excluded_lines": 0, "num_branches": 2, "num_partial_branches": 1, "covered_branches": 1, "missing_branches": 1}, "missing_lines": [155], "excluded_lines": [], "executed_branches": [[154, -128]], "missing_branches": [[154, 155]]}, "": {"executed_lines": [1, 28, 30, 31, 32, 34, 35, 37, 39, 43, 44, 50, 75, 78, 79, 80, 119, 120, 121, 122, 123, 124, 125, 126, 128, 157, 161, 162, 167, 170, 197, 199, 202, 205, 222, 227, 230, 240, 243, 260, 268, 280, 281, 282, 283, 284, 285], "summary": {"covered_lines": 43, "num_statements": 54, "percent_covered": 71.875, "percent_covered_display": "72", "missing_lines": 11, "excluded_lines": 2, "num_branches": 10, "num_partial_branches": 3, "covered_branches": 3, "missing_branches": 7}, "missing_lines": [198, 200, 223, 224, 225, 226, 254, 255, 256, 257, 265], "excluded_lines": [39, 40], "executed_branches": [[197, 199], [199, 202], [222, 227]], "missing_branches": [[197, 198], [199, 200], [222, 223], [224, 225], [224, 226], [254, 255], [254, 257]]}}}, "simple_futures_backtester/bars/dollar_bars.py": {"executed_lines": [1, 22, 24, 25, 27, 28, 34, 37, 38, 136, 189, 193, 196, 197, 208, 209, 212, 224, 225, 227, 228, 229, 230, 231, 233, 246, 249], "summary": {"covered_lines": 26, "num_statements": 61, "percent_covered": 44.15584415584416, "percent_covered_display": "44", "missing_lines": 35, "excluded_lines": 0, "num_branches": 16, "num_partial_branches": 0, "covered_branches": 8, "missing_branches": 8}, "missing_lines": [74, 77, 78, 79, 80, 81, 82, 83, 86, 87, 88, 89, 90, 93, 95, 97, 98, 99, 100, 103, 104, 107, 109, 110, 111, 112, 113, 114, 115, 119, 120, 121, 122, 123, 126], "excluded_lines": [], "executed_branches": [[196, 197], [196, 208], [208, 209], [208, 212], [227, 228], [227, 233], [228, 229], [228, 233]], "missing_branches": [[95, 97], [95, 126], [97, 98], [97, 99], [99, 100], [99, 103], [107, 95], [107, 109]], "functions": {"_generate_dollar_bars_nb": {"executed_lines": [], "summary": {"covered_lines": 0, "num_statements": 35, "percent_covered": 0.0, "percent_covered_display": "0", "missing_lines": 35, "excluded_lines": 0, "num_branches": 8, "num_partial_branches": 0, "covered_branches": 0, "missing_branches": 8}, "missing_lines": [74, 77, 78, 79, 80, 81, 82, 83, 86, 87, 88, 89, 90, 93, 95, 97, 98, 99, 100, 103, 104, 107, 109, 110, 111, 112, 113, 114, 115, 119, 120, 121, 122, 123, 126], "excluded_lines": [], "executed_branches": [], "missing_branches": [[95, 97], [95, 126], [97, 98], [97, 99], [99, 100], [99, 103], [107, 95], [107, 109]]}, "generate_dollar_bars_series": {"executed_lines": [189, 193, 196, 197, 208, 209, 212, 224, 225, 227, 228, 229, 230, 231, 233], "summary": {"covered_lines": 15, "num_statements": 15, "percent_covered": 100.0, "percent_covered_display": "100", "missing_lines": 0, "excluded_lines": 0, "num_branches": 8, "num_partial_branches": 0, "covered_branches": 8, "missing_branches": 0}, "missing_lines": [], "excluded_lines": [], "executed_branches": [[196, 197], [196, 208], [208, 209], [208, 212], [227, 228], [227, 233], [228, 229], [228, 233]], "missing_branches": []}, "": {"executed_lines": [1, 22, 24, 25, 27, 28, 34, 37, 38, 136, 246, 249], "summary": {"covered_lines": 11, "num_statements": 11, "percent_covered": 100.0, "percent_covered_display": "100", "missing_lines": 0, "excluded_lines": 0, "num_branches": 0, "num_partial_branches": 0, "covered_branches": 0, "missing_branches": 0}, "missing_lines": [], "excluded_lines": [], "executed_branches": [], "missing_branches": []}}, "classes": {"": {"executed_lines": [1, 22, 24, 25, 27, 28, 34, 37, 38, 136, 189, 193, 196, 197, 208, 209, 212, 224, 225, 227, 228, 229, 230, 231, 233, 246, 249], "summary": {"covered_lines": 26, "num_statements": 61, "percent_covered": 44.15584415584416, "percent_covered_display": "44", "missing_lines": 35, "excluded_lines": 0, "num_branches": 16, "num_partial_branches": 0, "covered_branches": 8, "missing_branches": 8}, "missing_lines": [74, 77, 78, 79, 80, 81, 82, 83, 86, 87, 88, 89, 90, 93, 95, 97, 98, 99, 100, 103, 104, 107, 109, 110, 111, 112, 113, 114, 115, 119, 120, 121, 122, 123, 126], "excluded_lines": [], "executed_branches": [[196, 197], [196, 208], [208, 209], [208, 212], [227, 228], [227, 233], [228, 229], [228, 233]], "missing_branches": [[95, 97], [95, 126], [97, 98], [97, 99], [99, 100], [99, 103], [107, 95], [107, 109]]}}}, "simple_futures_backtester/bars/imbalance_bars.py": {"executed_lines": [1, 42, 44, 45, 47, 48, 54, 57, 58, 164, 220, 224, 227, 228, 239, 240, 243, 254, 266, 267, 373, 430, 434, 437, 438, 449, 450, 453, 464, 477, 478, 481], "summary": {"covered_lines": 31, "num_statements": 111, "percent_covered": 27.272727272727273, "percent_covered_display": "27", "missing_lines": 80, "excluded_lines": 0, "num_branches": 32, "num_partial_branches": 0, "covered_branches": 8, "missing_branches": 24}, "missing_lines": [95, 98, 99, 100, 101, 102, 103, 104, 107, 108, 109, 110, 111, 112, 114, 116, 117, 118, 119, 121, 124, 127, 128, 129, 130, 133, 136, 138, 139, 140, 141, 142, 143, 144, 147, 148, 149, 150, 151, 154, 304, 307, 308, 309, 310, 311, 312, 313, 316, 317, 318, 319, 320, 321, 323, 325, 326, 327, 328, 330, 333, 336, 337, 338, 339, 342, 345, 347, 348, 349, 350, 351, 352, 353, 356, 357, 358, 359, 360, 363], "excluded_lines": [], "executed_branches": [[227, 228], [227, 239], [239, 240], [239, 243], [437, 438], [437, 449], [449, 450], [449, 453]], "missing_branches": [[114, 116], [114, 154], [116, 117], [116, 118], [118, 119], [118, 121], [127, 128], [127, 129], [129, 130], [129, 133], [136, 114], [136, 138], [323, 325], [323, 363], [325, 326], [325, 327], [327, 328], [327, 330], [336, 337], [336, 338], [338, 339], [338, 342], [345, 323], [345, 347]], "functions": {"_generate_tick_imbalance_bars_nb": {"executed_lines": [], "summary": {"covered_lines": 0, "num_statements": 40, "percent_covered": 0.0, "percent_covered_display": "0", "missing_lines": 40, "excluded_lines": 0, "num_branches": 12, "num_partial_branches": 0, "covered_branches": 0, "missing_branches": 12}, "missing_lines": [95, 98, 99, 100, 101, 102, 103, 104, 107, 108, 109, 110, 111, 112, 114, 116, 117, 118, 119, 121, 124, 127, 128, 129, 130, 133, 136, 138, 139, 140, 141, 142, 143, 144, 147, 148, 149, 150, 151, 154], "excluded_lines": [], "executed_branches": [], "missing_branches": [[114, 116], [114, 154], [116, 117], [116, 118], [118, 119], [118, 121], [127, 128], [127, 129], [129, 130], [129, 133], [136, 114], [136, 138]]}, "generate_tick_imbalance_bars_series": {"executed_lines": [220, 224, 227, 228, 239, 240, 243, 254], "summary": {"covered_lines": 8, "num_statements": 8, "percent_covered": 100.0, "percent_covered_display": "100", "missing_lines": 0, "excluded_lines": 0, "num_branches": 4, "num_partial_branches": 0, "covered_branches": 4, "missing_branches": 0}, "missing_lines": [], "excluded_lines": [], "executed_branches": [[227, 228], [227, 239], [239, 240], [239, 243]], "missing_branches": []}, "_generate_volume_imbalance_bars_nb": {"executed_lines": [], "summary": {"covered_lines": 0, "num_statements": 40, "percent_covered": 0.0, "percent_covered_display": "0", "missing_lines": 40, "excluded_lines": 0, "num_branches": 12, "num_partial_branches": 0, "covered_branches": 0, "missing_branches": 12}, "missing_lines": [304, 307, 308, 309, 310, 311, 312, 313, 316, 317, 318, 319, 320, 321, 323, 325, 326, 327, 328, 330, 333, 336, 337, 338, 339, 342, 345, 347, 348, 349, 350, 351, 352, 353, 356, 357, 358, 359, 360, 363], "excluded_lines": [], "executed_branches": [], "missing_branches": [[323, 325], [323, 363], [325, 326], [325, 327], [327, 328], [327, 330], [336, 337], [336, 338], [338, 339], [338, 342], [345, 323], [345, 347]]}, "generate_volume_imbalance_bars_series": {"executed_lines": [430, 434, 437, 438, 449, 450, 453, 464], "summary": {"covered_lines": 8, "num_statements": 8, "percent_covered": 100.0, "percent_covered_display": "100", "missing_lines": 0, "excluded_lines": 0, "num_branches": 4, "num_partial_branches": 0, "covered_branches": 4, "missing_branches": 0}, "missing_lines": [], "excluded_lines": [], "executed_branches": [[437, 438], [437, 449], [449, 450], [449, 453]], "missing_branches": []}, "": {"executed_lines": [1, 42, 44, 45, 47, 48, 54, 57, 58, 164, 266, 267, 373, 477, 478, 481], "summary": {"covered_lines": 15, "num_statements": 15, "percent_covered": 100.0, "percent_covered_display": "100", "missing_lines": 0, "excluded_lines": 0, "num_branches": 0, "num_partial_branches": 0, "covered_branches": 0, "missing_branches": 0}, "missing_lines": [], "excluded_lines": [], "executed_branches": [], "missing_branches": []}}, "classes": {"": {"executed_lines": [1, 42, 44, 45, 47, 48, 54, 57, 58, 164, 220, 224, 227, 228, 239, 240, 243, 254, 266, 267, 373, 430, 434, 437, 438, 449, 450, 453, 464, 477, 478, 481], "summary": {"covered_lines": 31, "num_statements": 111, "percent_covered": 27.272727272727273, "percent_covered_display": "27", "missing_lines": 80, "excluded_lines": 0, "num_branches": 32, "num_partial_branches": 0, "covered_branches": 8, "missing_branches": 24}, "missing_lines": [95, 98, 99, 100, 101, 102, 103, 104, 107, 108, 109, 110, 111, 112, 114, 116, 117, 118, 119, 121, 124, 127, 128, 129, 130, 133, 136, 138, 139, 140, 141, 142, 143, 144, 147, 148, 149, 150, 151, 154, 304, 307, 308, 309, 310, 311, 312, 313, 316, 317, 318, 319, 320, 321, 323, 325, 326, 327, 328, 330, 333, 336, 337, 338, 339, 342, 345, 347, 348, 349, 350, 351, 352, 353, 356, 357, 358, 359, 360, 363], "excluded_lines": [], "executed_branches": [[227, 228], [227, 239], [239, 240], [239, 243], [437, 438], [437, 449], [449, 450], [449, 453]], "missing_branches": [[114, 116], [114, 154], [116, 117], [116, 118], [118, 119], [118, 121], [127, 128], [127, 129], [129, 130], [129, 133], [136, 114], [136, 138], [323, 325], [323, 363], [325, 326], [325, 327], [327, 328], [327, 330], [336, 337], [336, 338], [338, 339], [338, 342], [345, 323], [345, 347]]}}}, "simple_futures_backtester/bars/range_bars.py": {"executed_lines": [1, 22, 24, 25, 27, 28, 34, 37, 38, 120, 172, 176, 179, 180, 191, 192, 195, 200, 201, 203, 205, 208, 209, 210, 211, 213, 226, 229], "summary": {"covered_lines": 25, "num_statements": 25, "percent_covered": 100.0, "percent_covered_display": "100", "missing_lines": 0, "excluded_lines": 81, "num_branches": 8, "num_partial_branches": 0, "covered_branches": 8, "missing_branches": 0}, "missing_lines": [], "excluded_lines": [37, 38, 39, 40, 41, 42, 43, 44, 45, 46, 47, 48, 49, 50, 51, 52, 53, 54, 55, 56, 57, 58, 59, 60, 61, 62, 63, 64, 65, 66, 67, 68, 69, 70, 71, 72, 73, 74, 75, 76, 77, 78, 79, 80, 81, 82, 83, 84, 85, 86, 87, 88, 89, 90, 91, 92, 93, 94, 95, 96, 97, 98, 99, 100, 101, 102, 103, 104, 105, 106, 107, 108, 109, 110, 111, 112, 113, 114, 115, 116, 117], "executed_branches": [[179, 180], [179, 191], [191, 192], [191, 195], [203, 205], [203, 213], [208, 209], [208, 213]], "missing_branches": [], "functions": {"_generate_range_bars_nb": {"executed_lines": [], "summary": {"covered_lines": 0, "num_statements": 0, "percent_covered": 100.0, "percent_covered_display": "100", "missing_lines": 0, "excluded_lines": 67, "num_branches": 0, "num_partial_branches": 0, "covered_branches": 0, "missing_branches": 0}, "missing_lines": [], "excluded_lines": [51, 52, 53, 54, 55, 56, 57, 58, 59, 60, 61, 62, 63, 64, 65, 66, 67, 68, 69, 70, 71, 72, 73, 74, 75, 76, 77, 78, 79, 80, 81, 82, 83, 84, 85, 86, 87, 88, 89, 90, 91, 92, 93, 94, 95, 96, 97, 98, 99, 100, 101, 102, 103, 104, 105, 106, 107, 108, 109, 110, 111, 112, 113, 114, 115, 116, 117], "executed_branches": [], "missing_branches": []}, "generate_range_bars_series": {"executed_lines": [172, 176, 179, 180, 191, 192, 195, 200, 201, 203, 205, 208, 209, 210, 211, 213], "summary": {"covered_lines": 16, "num_statements": 16, "percent_covered": 100.0, "percent_covered_display": "100", "missing_lines": 0, "excluded_lines": 0, "num_branches": 8, "num_partial_branches": 0, "covered_branches": 8, "missing_branches": 0}, "missing_lines": [], "excluded_lines": [], "executed_branches": [[179, 180], [179, 191], [191, 192], [191, 195], [203, 205], [203, 213], [208, 209], [208, 213]], "missing_branches": []}, "": {"executed_lines": [1, 22, 24, 25, 27, 28, 34, 37, 38, 120, 226, 229], "summary": {"covered_lines": 9, "num_statements": 9, "percent_covered": 100.0, "percent_covered_display": "100", "missing_lines": 0, "excluded_lines": 14, "num_branches": 0, "num_partial_branches": 0, "covered_branches": 0, "missing_branches": 0}, "missing_lines": [], "excluded_lines": [37, 38, 39, 40, 41, 42, 43, 44, 45, 46, 47, 48, 49, 50], "executed_branches": [], "missing_branches": []}}, "classes": {"": {"executed_lines": [1, 22, 24, 25, 27, 28, 34, 37, 38, 120, 172, 176, 179, 180, 191, 192, 195, 200, 201, 203, 205, 208, 209, 210, 211, 213, 226, 229], "summary": {"covered_lines": 25, "num_statements": 25, "percent_covered": 100.0, "percent_covered_display": "100", "missing_lines": 0, "excluded_lines": 81, "num_branches": 8, "num_partial_branches": 0, "covered_branches": 8, "missing_branches": 0}, "missing_lines": [], "excluded_lines": [37, 38, 39, 40, 41, 42, 43, 44, 45, 46, 47, 48, 49, 50, 51, 52, 53, 54, 55, 56, 57, 58, 59, 60, 61, 62, 63, 64, 65, 66, 67, 68, 69, 70, 71, 72, 73, 74, 75, 76, 77, 78, 79, 80, 81, 82, 83, 84, 85, 86, 87, 88, 89, 90, 91, 92, 93, 94, 95, 96, 97, 98, 99, 100, 101, 102, 103, 104, 105, 106, 107, 108, 109, 110, 111, 112, 113, 114, 115, 116, 117], "executed_branches": [[179, 180], [179, 191], [191, 192], [191, 195], [203, 205], [203, 213], [208, 209], [208, 213]], "missing_branches": []}}}, "simple_futures_backtester/bars/renko.py": {"executed_lines": [1, 19, 21, 23, 24, 26, 27, 32, 37, 40, 41, 190, 247, 251, 254, 255, 267, 268, 269, 270, 271, 273, 275, 276, 277, 280, 290, 291, 293, 295, 298, 299, 300, 301, 304, 306, 319, 322], "summary": {"covered_lines": 34, "num_statements": 34, "percent_covered": 100.0, "percent_covered_display": "100", "missing_lines": 0, "excluded_lines": 150, "num_branches": 14, "num_partial_branches": 0, "covered_branches": 14, "missing_branches": 0}, "missing_lines": [], "excluded_lines": [32, 33, 40, 41, 42, 43, 44, 45, 46, 47, 48, 49, 50, 51, 52, 53, 54, 55, 56, 57, 58, 59, 60, 61, 62, 63, 64, 65, 66, 67, 68, 69, 70, 71, 72, 73, 74, 75, 76, 77, 78, 79, 80, 81, 82, 83, 84, 85, 86, 87, 88, 89, 90, 91, 92, 93, 94, 95, 96, 97, 98, 99, 100, 101, 102, 103, 104, 105, 106, 107, 108, 109, 110, 111, 112, 113, 114, 115, 116, 117, 118, 119, 120, 121, 122, 123, 124, 125, 126, 127, 128, 129, 130, 131, 132, 133, 134, 135, 136, 137, 138, 139, 140, 141, 142, 143, 144, 145, 146, 147, 148, 149, 150, 151, 152, 153, 154, 155, 156, 157, 158, 159, 160, 161, 162, 163, 164, 165, 166, 167, 168, 169, 170, 171, 172, 173, 174, 175, 176, 177, 178, 179, 180, 181, 182, 183, 184, 185, 186, 187], "executed_branches": [[254, 255], [254, 267], [267, 268], [267, 275], [268, 269], [268, 270], [270, 271], [270, 273], [276, 277], [276, 280], [293, 295], [293, 304], [298, 299], [298, 304]], "missing_branches": [], "functions": {"_generate_renko_bars_nb": {"executed_lines": [], "summary": {"covered_lines": 0, "num_statements": 0, "percent_covered": 100.0, "percent_covered_display": "100", "missing_lines": 0, "excluded_lines": 133, "num_branches": 0, "num_partial_branches": 0, "covered_branches": 0, "missing_branches": 0}, "missing_lines": [], "excluded_lines": [55, 56, 57, 58, 59, 60, 61, 62, 63, 64, 65, 66, 67, 68, 69, 70, 71, 72, 73, 74, 75, 76, 77, 78, 79, 80, 81, 82, 83, 84, 85, 86, 87, 88, 89, 90, 91, 92, 93, 94, 95, 96, 97, 98, 99, 100, 101, 102, 103, 104, 105, 106, 107, 108, 109, 110, 111, 112, 113, 114, 115, 116, 117, 118, 119, 120, 121, 122, 123, 124, 125, 126, 127, 128, 129, 130, 131, 132, 133, 134, 135, 136, 137, 138, 139, 140, 141, 142, 143, 144, 145, 146, 147, 148, 149, 150, 151, 152, 153, 154, 155, 156, 157, 158, 159, 160, 161, 162, 163, 164, 165, 166, 167, 168, 169, 170, 171, 172, 173, 174, 175, 176, 177, 178, 179, 180, 181, 182, 183, 184, 185, 186, 187], "executed_branches": [], "missing_branches": []}, "generate_renko_bars_series": {"executed_lines": [247, 251, 254, 255, 267, 268, 269, 270, 271, 273, 275, 276, 277, 280, 290, 291, 293, 295, 298, 299, 300, 301, 304, 306], "summary": {"covered_lines": 24, "num_statements": 24, "percent_covered": 100.0, "percent_covered_display": "100", "missing_lines": 0, "excluded_lines": 0, "num_branches": 14, "num_partial_branches": 0, "covered_branches": 14, "missing_branches": 0}, "missing_lines": [], "excluded_lines": [], "executed_branches": [[254, 255], [254, 267], [267, 268], [267, 275], [268, 269], [268, 270], [270, 271], [270, 273], [276, 277], [276, 280], [293, 295], [293, 304], [298, 299], [298, 304]], "missing_branches": []}, "": {"executed_lines": [1, 19, 21, 23, 24, 26, 27, 32, 37, 40, 41, 190, 319, 322], "summary": {"covered_lines": 10, "num_statements": 10, "percent_covered": 100.0, "percent_covered_display": "100", "missing_lines": 0, "excluded_lines": 17, "num_branches": 0, "num_partial_branches": 0, "covered_branches": 0, "missing_branches": 0}, "missing_lines": [], "excluded_lines": [32, 33, 40, 41, 42, 43, 44, 45, 46, 47, 48, 49, 50, 51, 52, 53, 54], "executed_branches": [], "missing_branches": []}}, "classes": {"": {"executed_lines": [1, 19, 21, 23, 24, 26, 27, 32, 37, 40, 41, 190, 247, 251, 254, 255, 267, 268, 269, 270, 271, 273, 275, 276, 277, 280, 290, 291, 293, 295, 298, 299, 300, 301, 304, 306, 319, 322], "summary": {"covered_lines": 34, "num_statements": 34, "percent_covered": 100.0, "percent_covered_display": "100", "missing_lines": 0, "excluded_lines": 150, "num_branches": 14, "num_partial_branches": 0, "covered_branches": 14, "missing_branches": 0}, "missing_lines": [], "excluded_lines": [32, 33, 40, 41, 42, 43, 44, 45, 46, 47, 48, 49, 50, 51, 52, 53, 54, 55, 56, 57, 58, 59, 60, 61, 62, 63, 64, 65, 66, 67, 68, 69, 70, 71, 72, 73, 74, 75, 76, 77, 78, 79, 80, 81, 82, 83, 84, 85, 86, 87, 88, 89, 90, 91, 92, 93, 94, 95, 96, 97, 98, 99, 100, 101, 102, 103, 104, 105, 106, 107, 108, 109, 110, 111, 112, 113, 114, 115, 116, 117, 118, 119, 120, 121, 122, 123, 124, 125, 126, 127, 128, 129, 130, 131, 132, 133, 134, 135, 136, 137, 138, 139, 140, 141, 142, 143, 144, 145, 146, 147, 148, 149, 150, 151, 152, 153, 154, 155, 156, 157, 158, 159, 160, 161, 162, 163, 164, 165, 166, 167, 168, 169, 170, 171, 172, 173, 174, 175, 176, 177, 178, 179, 180, 181, 182, 183, 184, 185, 186, 187], "executed_branches": [[254, 255], [254, 267], [267, 268], [267, 275], [268, 269], [268, 270], [270, 271], [270, 273], [276, 277], [276, 280], [293, 295], [293, 304], [298, 299], [298, 304]], "missing_branches": []}}}, "simple_futures_backtester/bars/tick_bars.py": {"executed_lines": [1, 22, 24, 25, 27, 28, 34, 37, 38, 118, 167, 171, 174, 175, 186, 187, 190, 195, 196, 198, 200, 203, 204, 205, 206, 208, 221, 224], "summary": {"covered_lines": 25, "num_statements": 25, "percent_covered": 96.96969696969697, "percent_covered_display": "97", "missing_lines": 0, "excluded_lines": 79, "num_branches": 8, "num_partial_branches": 1, "covered_branches": 7, "missing_branches": 1}, "missing_lines": [], "excluded_lines": [37, 38, 39, 40, 41, 42, 43, 44, 45, 46, 47, 48, 49, 50, 51, 52, 53, 54, 55, 56, 57, 58, 59, 60, 61, 62, 63, 64, 65, 66, 67, 68, 69, 70, 71, 72, 73, 74, 75, 76, 77, 78, 79, 80, 81, 82, 83, 84, 85, 86, 87, 88, 89, 90, 91, 92, 93, 94, 95, 96, 97, 98, 99, 100, 101, 102, 103, 104, 105, 106, 107, 108, 109, 110, 111, 112, 113, 114, 115], "executed_branches": [[174, 175], [174, 186], [186, 187], [186, 190], [198, 200], [203, 204], [203, 208]], "missing_branches": [[198, 208]], "functions": {"_generate_tick_bars_nb": {"executed_lines": [], "summary": {"covered_lines": 0, "num_statements": 0, "percent_covered": 100.0, "percent_covered_display": "100", "missing_lines": 0, "excluded_lines": 65, "num_branches": 0, "num_partial_branches": 0, "covered_branches": 0, "missing_branches": 0}, "missing_lines": [], "excluded_lines": [51, 52, 53, 54, 55, 56, 57, 58, 59, 60, 61, 62, 63, 64, 65, 66, 67, 68, 69, 70, 71, 72, 73, 74, 75, 76, 77, 78, 79, 80, 81, 82, 83, 84, 85, 86, 87, 88, 89, 90, 91, 92, 93, 94, 95, 96, 97, 98, 99, 100, 101, 102, 103, 104, 105, 106, 107, 108, 109, 110, 111, 112, 113, 114, 115], "executed_branches": [], "missing_branches": []}, "generate_tick_bars_series": {"executed_lines": [167, 171, 174, 175, 186, 187, 190, 195, 196, 198, 200, 203, 204, 205, 206, 208], "summary": {"covered_lines": 16, "num_statements": 16, "percent_covered": 95.83333333333333, "percent_covered_display": "96", "missing_lines": 0, "excluded_lines": 0, "num_branches": 8, "num_partial_branches": 1, "covered_branches": 7, "missing_branches": 1}, "missing_lines": [], "excluded_lines": [], "executed_branches": [[174, 175], [174, 186], [186, 187], [186, 190], [198, 200], [203, 204], [203, 208]], "missing_branches": [[198, 208]]}, "": {"executed_lines": [1, 22, 24, 25, 27, 28, 34, 37, 38, 118, 221, 224], "summary": {"covered_lines": 9, "num_statements": 9, "percent_covered": 100.0, "percent_covered_display": "100", "missing_lines": 0, "excluded_lines": 14, "num_branches": 0, "num_partial_branches": 0, "covered_branches": 0, "missing_branches": 0}, "missing_lines": [], "excluded_lines": [37, 38, 39, 40, 41, 42, 43, 44, 45, 46, 47, 48, 49, 50], "executed_branches": [], "missing_branches": []}}, "classes": {"": {"executed_lines": [1, 22, 24, 25, 27, 28, 34, 37, 38, 118, 167, 171, 174, 175, 186, 187, 190, 195, 196, 198, 200, 203, 204, 205, 206, 208, 221, 224], "summary": {"covered_lines": 25, "num_statements": 25, "percent_covered": 96.96969696969697, "percent_covered_display": "97", "missing_lines": 0, "excluded_lines": 79, "num_branches": 8, "num_partial_branches": 1, "covered_branches": 7, "missing_branches": 1}, "missing_lines": [], "excluded_lines": [37, 38, 39, 40, 41, 42, 43, 44, 45, 46, 47, 48, 49, 50, 51, 52, 53, 54, 55, 56, 57, 58, 59, 60, 61, 62, 63, 64, 65, 66, 67, 68, 69, 70, 71, 72, 73, 74, 75, 76, 77, 78, 79, 80, 81, 82, 83, 84, 85, 86, 87, 88, 89, 90, 91, 92, 93, 94, 95, 96, 97, 98, 99, 100, 101, 102, 103, 104, 105, 106, 107, 108, 109, 110, 111, 112, 113, 114, 115], "executed_branches": [[174, 175], [174, 186], [186, 187], [186, 190], [198, 200], [203, 204], [203, 208]], "missing_branches": [[198, 208]]}}}, "simple_futures_backtester/bars/volume_bars.py": {"executed_lines": [1, 21, 23, 24, 26, 27, 33, 36, 37, 130, 182, 186, 189, 190, 201, 202, 205, 216, 229, 232], "summary": {"covered_lines": 17, "num_statements": 17, "percent_covered": 100.0, "percent_covered_display": "100", "missing_lines": 0, "excluded_lines": 92, "num_branches": 4, "num_partial_branches": 0, "covered_branches": 4, "missing_branches": 0}, "missing_lines": [], "excluded_lines": [36, 37, 38, 39, 40, 41, 42, 43, 44, 45, 46, 47, 48, 49, 50, 51, 52, 53, 54, 55, 56, 57, 58, 59, 60, 61, 62, 63, 64, 65, 66, 67, 68, 69, 70, 71, 72, 73, 74, 75, 76, 77, 78, 79, 80, 81, 82, 83, 84, 85, 86, 87, 88, 89, 90, 91, 92, 93, 94, 95, 96, 97, 98, 99, 100, 101, 102, 103, 104, 105, 106, 107, 108, 109, 110, 111, 112, 113, 114, 115, 116, 117, 118, 119, 120, 121, 122, 123, 124, 125, 126, 127], "executed_branches": [[189, 190], [189, 201], [201, 202], [201, 205]], "missing_branches": [], "functions": {"_generate_volume_bars_nb": {"executed_lines": [], "summary": {"covered_lines": 0, "num_statements": 0, "percent_covered": 100.0, "percent_covered_display": "100", "missing_lines": 0, "excluded_lines": 76, "num_branches": 0, "num_partial_branches": 0, "covered_branches": 0, "missing_branches": 0}, "missing_lines": [], "excluded_lines": [52, 53, 54, 55, 56, 57, 58, 59, 60, 61, 62, 63, 64, 65, 66, 67, 68, 69, 70, 71, 72, 73, 74, 75, 76, 77, 78, 79, 80, 81, 82, 83, 84, 85, 86, 87, 88, 89, 90, 91, 92, 93, 94, 95, 96, 97, 98, 99, 100, 101, 102, 103, 104, 105, 106, 107, 108, 109, 110, 111, 112, 113, 114, 115, 116, 117, 118, 119, 120, 121, 122, 123, 124, 125, 126, 127], "executed_branches": [], "missing_branches": []}, "generate_volume_bars_series": {"executed_lines": [182, 186, 189, 190, 201, 202, 205, 216], "summary": {"covered_lines": 8, "num_statements": 8, "percent_covered": 100.0, "percent_covered_display": "100", "missing_lines": 0, "excluded_lines": 0, "num_branches": 4, "num_partial_branches": 0, "covered_branches": 4, "missing_branches": 0}, "missing_lines": [], "excluded_lines": [], "executed_branches": [[189, 190], [189, 201], [201, 202], [201, 205]], "missing_branches": []}, "": {"executed_lines": [1, 21, 23, 24, 26, 27, 33, 36, 37, 130, 229, 232], "summary": {"covered_lines": 9, "num_statements": 9, "percent_covered": 100.0, "percent_covered_display": "100", "missing_lines": 0, "excluded_lines": 16, "num_branches": 0, "num_partial_branches": 0, "covered_branches": 0, "missing_branches": 0}, "missing_lines": [], "excluded_lines": [36, 37, 38, 39, 40, 41, 42, 43, 44, 45, 46, 47, 48, 49, 50, 51], "executed_branches": [], "missing_branches": []}}, "classes": {"": {"executed_lines": [1, 21, 23, 24, 26, 27, 33, 36, 37, 130, 182, 186, 189, 190, 201, 202, 205, 216, 229, 232], "summary": {"covered_lines": 17, "num_statements": 17, "percent_covered": 100.0, "percent_covered_display": "100", "missing_lines": 0, "excluded_lines": 92, "num_branches": 4, "num_partial_branches": 0, "covered_branches": 4, "missing_branches": 0}, "missing_lines": [], "excluded_lines": [36, 37, 38, 39, 40, 41, 42, 43, 44, 45, 46, 47, 48, 49, 50, 51, 52, 53, 54, 55, 56, 57, 58, 59, 60, 61, 62, 63, 64, 65, 66, 67, 68, 69, 70, 71, 72, 73, 74, 75, 76, 77, 78, 79, 80, 81, 82, 83, 84, 85, 86, 87, 88, 89, 90, 91, 92, 93, 94, 95, 96, 97, 98, 99, 100, 101, 102, 103, 104, 105, 106, 107, 108, 109, 110, 111, 112, 113, 114, 115, 116, 117, 118, 119, 120, 121, 122, 123, 124, 125, 126, 127], "executed_branches": [[189, 190], [189, 201], [201, 202], [201, 205]], "missing_branches": []}}}, "simple_futures_backtester/cli.py": {"executed_lines": [1, 7, 8, 9, 11, 12, 13, 14, 17, 18, 25, 26, 27, 29, 34, 37, 38, 40, 42, 45, 46, 58, 59, 64, 65, 66, 68, 70, 71, 73, 74, 75, 77, 78, 80, 81, 84, 85, 86, 87, 88, 89, 90, 92, 93, 96, 97, 105, 106, 114, 115, 126, 127, 129, 130, 131, 132, 133, 134, 135, 137, 138, 140, 143, 144, 151, 154, 159, 160, 161, 162, 163, 166, 167, 168, 171, 172, 173, 179, 181, 183, 184, 185, 186, 187, 188, 189, 190, 191, 192, 193, 194, 195, 196, 197, 198, 200, 201, 204, 205, 225, 226, 227, 229, 231, 232, 234, 235, 236, 238, 239, 241, 242, 245, 246, 248, 249, 250, 252, 253, 256, 257, 259, 260, 261, 262, 263, 264, 265, 266, 269, 270, 272, 279, 280, 282, 283, 284, 286, 292, 295, 296, 297, 298, 299, 301, 310, 312, 313, 315, 326, 329, 330, 331, 332, 333, 334, 335, 336, 338, 339, 348, 351, 352, 353, 356, 357, 358, 360, 361, 362, 363, 374, 375, 386, 390, 391, 392, 393, 394, 395, 398, 399, 400, 401, 402, 403, 404, 405, 406, 407, 408, 409, 410, 411, 412, 414, 415, 418, 419, 448, 450, 451, 454, 464, 466, 467, 468, 469, 470, 473, 474, 475, 477, 480, 481, 482, 483, 486, 487, 490, 493, 494, 496, 497, 498, 500, 501, 503, 504, 507, 508, 509, 510, 511, 514, 515, 516, 517, 520, 521, 522, 524, 525, 531, 532, 534, 537, 538, 540, 553, 554, 555, 557, 558, 559, 560, 561, 562, 563, 564, 565, 568, 569, 570, 571, 572, 573, 574, 575, 576, 578, 579, 582, 583, 603, 613, 614, 615, 616, 617, 619, 620, 622, 624, 627, 635, 636, 637, 640, 642, 644, 645, 646, 647, 650, 651, 654, 655, 657, 660, 661, 662, 664, 665, 667, 668, 669, 670, 671, 672, 673, 674, 676, 677, 680, 681, 701, 703, 704, 706, 707, 710, 712, 714, 715, 716, 717, 720, 721, 722, 723, 725, 726, 728, 731, 732, 735, 736, 737, 738, 739, 740, 743, 746, 747, 748, 750, 763, 779, 782, 783, 785, 789, 791, 798, 799, 802, 805, 807, 808, 813, 815, 816, 821, 823, 824, 825, 829, 830, 832, 833, 834, 835, 836, 837, 838, 839, 840, 841, 842, 843, 844, 845, 846, 847, 848, 850, 851, 854, 859], "summary": {"covered_lines": 389, "num_statements": 400, "percent_covered": 96.07438016528926, "percent_covered_display": "96", "missing_lines": 11, "excluded_lines": 2, "num_branches": 84, "num_partial_branches": 8, "covered_branches": 76, "missing_branches": 8}, "missing_lines": [396, 397, 489, 566, 567, 628, 629, 630, 631, 632, 856], "excluded_lines": [859, 860], "executed_branches": [[73, 74], [73, 77], [77, 78], [77, 80], [84, 85], [84, 92], [86, 87], [86, 89], [96, 97], [96, 105], [105, 106], [105, 114], [114, 115], [114, 126], [134, 135], [134, 137], [171, -45], [171, 172], [193, 194], [234, 235], [234, 238], [238, 239], [238, 241], [248, 249], [248, 252], [264, 265], [269, 270], [269, 279], [282, 283], [282, 286], [338, 339], [338, 348], [351, 352], [356, -204], [356, 357], [374, 375], [374, 386], [407, 408], [467, 468], [467, 473], [473, 474], [473, 477], [486, 487], [496, 497], [496, 500], [500, 501], [500, 503], [531, 532], [531, 534], [562, 563], [614, 615], [614, 619], [627, 635], [635, 636], [635, 640], [642, 644], [642, 650], [660, 661], [660, 664], [714, 715], [714, 720], [721, 722], [721, 725], [725, 726], [725, 728], [737, 738], [737, 743], [747, 748], [747, 750], [789, 791], [789, 807], [807, 808], [807, 815], [815, 816], [815, 823], [823, 824]], "missing_branches": [[193, 195], [264, 266], [351, 356], [407, 409], [486, 489], [562, 564], [627, 628], [823, 829]], "functions": {"version": {"executed_lines": [40, 42], "summary": {"covered_lines": 2, "num_statements": 2, "percent_covered": 100.0, "percent_covered_display": "100", "missing_lines": 0, "excluded_lines": 0, "num_branches": 0, "num_partial_branches": 0, "covered_branches": 0, "missing_branches": 0}, "missing_lines": [], "excluded_lines": [], "executed_branches": [], "missing_branches": []}, "backtest": {"executed_lines": [58, 59, 64, 65, 66, 68, 70, 71, 73, 74, 75, 77, 78, 80, 81, 84, 85, 86, 87, 88, 89, 90, 92, 93, 96, 97, 105, 106, 114, 115, 126, 127, 129, 130, 131, 132, 133, 134, 135, 137, 138, 140, 143, 144, 151, 154, 159, 160, 161, 162, 163, 166, 167, 168, 171, 172, 173, 179, 181, 183, 184, 185, 186, 187, 188, 189, 190, 191, 192, 193, 194, 195, 196, 197, 198, 200, 201], "summary": {"covered_lines": 77, "num_statements": 77, "percent_covered": 98.96907216494846, "percent_covered_display": "99", "missing_lines": 0, "excluded_lines": 0, "num_branches": 20, "num_partial_branches": 1, "covered_branches": 19, "missing_branches": 1}, "missing_lines": [], "excluded_lines": [], "executed_branches": [[73, 74], [73, 77], [77, 78], [77, 80], [84, 85], [84, 92], [86, 87], [86, 89], [96, 97], [96, 105], [105, 106], [105, 114], [114, 115], [114, 126], [134, 135], [134, 137], [171, -45], [171, 172], [193, 194]], "missing_branches": [[193, 195]]}, "sweep": {"executed_lines": [225, 226, 227, 229, 231, 232, 234, 235, 236, 238, 239, 241, 242, 245, 246, 248, 249, 250, 252, 253, 256, 257, 259, 260, 261, 262, 263, 264, 265, 266, 269, 270, 272, 279, 280, 282, 283, 284, 286, 292, 295, 296, 297, 298, 299, 301, 310, 312, 315, 326, 329, 330, 331, 332, 333, 334, 335, 336, 338, 339, 348, 351, 352, 353, 356, 357, 358, 360, 361, 362, 363, 374, 375, 386, 390, 391, 392, 393, 394, 395, 398, 399, 400, 401, 402, 403, 404, 405, 406, 407, 408, 409, 410, 411, 412, 414, 415], "summary": {"covered_lines": 97, "num_statements": 99, "percent_covered": 95.86776859504133, "percent_covered_display": "96", "missing_lines": 2, "excluded_lines": 0, "num_branches": 22, "num_partial_branches": 3, "covered_branches": 19, "missing_branches": 3}, "missing_lines": [396, 397], "excluded_lines": [], "executed_branches": [[234, 235], [234, 238], [238, 239], [238, 241], [248, 249], [248, 252], [264, 265], [269, 270], [269, 279], [282, 283], [282, 286], [338, 339], [338, 348], [351, 352], [356, -204], [356, 357], [374, 375], [374, 386], [407, 408]], "missing_branches": [[264, 266], [351, 356], [407, 409]]}, "sweep.update_progress": {"executed_lines": [313], "summary": {"covered_lines": 1, "num_statements": 1, "percent_covered": 100.0, "percent_covered_display": "100", "missing_lines": 0, "excluded_lines": 0, "num_branches": 0, "num_partial_branches": 0, "covered_branches": 0, "missing_branches": 0}, "missing_lines": [], "excluded_lines": [], "executed_branches": [], "missing_branches": []}, "generate_bars": {"executed_lines": [448, 450, 451, 454, 464, 466, 467, 468, 469, 470, 473, 474, 475, 477, 480, 481, 482, 483, 486, 487, 490, 493, 494, 496, 497, 498, 500, 501, 503, 504, 507, 508, 509, 510, 511, 514, 515, 516, 517, 520, 521, 522, 524, 525, 531, 532, 534, 537, 538, 540, 553, 554, 555, 557, 558, 559, 560, 561, 562, 563, 564, 565, 568, 569, 570, 571, 572, 573, 574, 575, 576, 578, 579], "summary": {"covered_lines": 73, "num_statements": 76, "percent_covered": 94.44444444444444, "percent_covered_display": "94", "missing_lines": 3, "excluded_lines": 0, "num_branches": 14, "num_partial_branches": 2, "covered_branches": 12, "missing_branches": 2}, "missing_lines": [489, 566, 567], "excluded_lines": [], "executed_branches": [[467, 468], [467, 473], [473, 474], [473, 477], [486, 487], [496, 497], [496, 500], [500, 501], [500, 503], [531, 532], [531, 534], [562, 563]], "missing_branches": [[486, 489], [562, 564]]}, "benchmark": {"executed_lines": [603, 613, 614, 615, 616, 617, 619, 620, 622, 624, 627, 635, 636, 637, 640, 642, 644, 645, 646, 647, 650, 651, 654, 655, 657, 660, 661, 662, 664, 665, 667, 668, 669, 670, 671, 672, 673, 674, 676, 677], "summary": {"covered_lines": 40, "num_statements": 45, "percent_covered": 89.0909090909091, "percent_covered_display": "89", "missing_lines": 5, "excluded_lines": 0, "num_branches": 10, "num_partial_branches": 1, "covered_branches": 9, "missing_branches": 1}, "missing_lines": [628, 629, 630, 631, 632], "excluded_lines": [], "executed_branches": [[614, 615], [614, 619], [627, 635], [635, 636], [635, 640], [642, 644], [642, 650], [660, 661], [660, 664]], "missing_branches": [[627, 628]]}, "export": {"executed_lines": [701, 703, 704, 706, 707, 710, 712, 714, 715, 716, 717, 720, 721, 722, 723, 725, 726, 728, 731, 732, 735, 736, 737, 738, 739, 740, 743, 746, 747, 748, 750, 763, 779, 782, 783, 785, 789, 791, 798, 799, 802, 805, 807, 808, 813, 815, 816, 821, 823, 824, 825, 829, 830, 832, 833, 834, 835, 836, 837, 838, 839, 840, 841, 842, 843, 844, 845, 846, 847, 848, 850, 851], "summary": {"covered_lines": 72, "num_statements": 72, "percent_covered": 98.88888888888889, "percent_covered_display": "99", "missing_lines": 0, "excluded_lines": 0, "num_branches": 18, "num_partial_branches": 1, "covered_branches": 17, "missing_branches": 1}, "missing_lines": [], "excluded_lines": [], "executed_branches": [[714, 715], [714, 720], [721, 722], [721, 725], [725, 726], [725, 728], [737, 738], [737, 743], [747, 748], [747, 750], [789, 791], [789, 807], [807, 808], [807, 815], [815, 816], [815, 823], [823, 824]], "missing_branches": [[823, 829]]}, "main": {"executed_lines": [], "summary": {"covered_lines": 0, "num_statements": 1, "percent_covered": 0.0, "percent_covered_display": "0", "missing_lines": 1, "excluded_lines": 0, "num_branches": 0, "num_partial_branches": 0, "covered_branches": 0, "missing_branches": 0}, "missing_lines": [856], "excluded_lines": [], "executed_branches": [], "missing_branches": []}, "": {"executed_lines": [1, 7, 8, 9, 11, 12, 13, 14, 17, 18, 25, 26, 27, 29, 34, 37, 38, 45, 46, 204, 205, 418, 419, 582, 583, 680, 681, 854, 859], "summary": {"covered_lines": 27, "num_statements": 27, "percent_covered": 100.0, "percent_covered_display": "100", "missing_lines": 0, "excluded_lines": 2, "num_branches": 0, "num_partial_branches": 0, "covered_branches": 0, "missing_branches": 0}, "missing_lines": [], "excluded_lines": [859, 860], "executed_branches": [], "missing_branches": []}}, "classes": {"": {"executed_lines": [1, 7, 8, 9, 11, 12, 13, 14, 17, 18, 25, 26, 27, 29, 34, 37, 38, 40, 42, 45, 46, 58, 59, 64, 65, 66, 68, 70, 71, 73, 74, 75, 77, 78, 80, 81, 84, 85, 86, 87, 88, 89, 90, 92, 93, 96, 97, 105, 106, 114, 115, 126, 127, 129, 130, 131, 132, 133, 134, 135, 137, 138, 140, 143, 144, 151, 154, 159, 160, 161, 162, 163, 166, 167, 168, 171, 172, 173, 179, 181, 183, 184, 185, 186, 187, 188, 189, 190, 191, 192, 193, 194, 195, 196, 197, 198, 200, 201, 204, 205, 225, 226, 227, 229, 231, 232, 234, 235, 236, 238, 239, 241, 242, 245, 246, 248, 249, 250, 252, 253, 256, 257, 259, 260, 261, 262, 263, 264, 265, 266, 269, 270, 272, 279, 280, 282, 283, 284, 286, 292, 295, 296, 297, 298, 299, 301, 310, 312, 313, 315, 326, 329, 330, 331, 332, 333, 334, 335, 336, 338, 339, 348, 351, 352, 353, 356, 357, 358, 360, 361, 362, 363, 374, 375, 386, 390, 391, 392, 393, 394, 395, 398, 399, 400, 401, 402, 403, 404, 405, 406, 407, 408, 409, 410, 411, 412, 414, 415, 418, 419, 448, 450, 451, 454, 464, 466, 467, 468, 469, 470, 473, 474, 475, 477, 480, 481, 482, 483, 486, 487, 490, 493, 494, 496, 497, 498, 500, 501, 503, 504, 507, 508, 509, 510, 511, 514, 515, 516, 517, 520, 521, 522, 524, 525, 531, 532, 534, 537, 538, 540, 553, 554, 555, 557, 558, 559, 560, 561, 562, 563, 564, 565, 568, 569, 570, 571, 572, 573, 574, 575, 576, 578, 579, 582, 583, 603, 613, 614, 615, 616, 617, 619, 620, 622, 624, 627, 635, 636, 637, 640, 642, 644, 645, 646, 647, 650, 651, 654, 655, 657, 660, 661, 662, 664, 665, 667, 668, 669, 670, 671, 672, 673, 674, 676, 677, 680, 681, 701, 703, 704, 706, 707, 710, 712, 714, 715, 716, 717, 720, 721, 722, 723, 725, 726, 728, 731, 732, 735, 736, 737, 738, 739, 740, 743, 746, 747, 748, 750, 763, 779, 782, 783, 785, 789, 791, 798, 799, 802, 805, 807, 808, 813, 815, 816, 821, 823, 824, 825, 829, 830, 832, 833, 834, 835, 836, 837, 838, 839, 840, 841, 842, 843, 844, 845, 846, 847, 848, 850, 851, 854, 859], "summary": {"covered_lines": 389, "num_statements": 400, "percent_covered": 96.07438016528926, "percent_covered_display": "96", "missing_lines": 11, "excluded_lines": 2, "num_branches": 84, "num_partial_branches": 8, "covered_branches": 76, "missing_branches": 8}, "missing_lines": [396, 397, 489, 566, 567, 628, 629, 630, 631, 632, 856], "excluded_lines": [859, 860], "executed_branches": [[73, 74], [73, 77], [77, 78], [77, 80], [84, 85], [84, 92], [86, 87], [86, 89], [96, 97], [96, 105], [105, 106], [105, 114], [114, 115], [114, 126], [134, 135], [134, 137], [171, -45], [171, 172], [193, 194], [234, 235], [234, 238], [238, 239], [238, 241], [248, 249], [248, 252], [264, 265], [269, 270], [269, 279], [282, 283], [282, 286], [338, 339], [338, 348], [351, 352], [356, -204], [356, 357], [374, 375], [374, 386], [407, 408], [467, 468], [467, 473], [473, 474], [473, 477], [486, 487], [496, 497], [496, 500], [500, 501], [500, 503], [531, 532], [531, 534], [562, 563], [614, 615], [614, 619], [627, 635], [635, 636], [635, 640], [642, 644], [642, 650], [660, 661], [660, 664], [714, 715], [714, 720], [721, 722], [721, 725], [725, 726], [725, 728], [737, 738], [737, 743], [747, 748], [747, 750], [789, 791], [789, 807], [807, 808], [807, 815], [815, 816], [815, 823], [823, 824]], "missing_branches": [[193, 195], [264, 266], [351, 356], [407, 409], [486, 489], [562, 564], [627, 628], [823, 829]]}}}, "simple_futures_backtester/config.py": {"executed_lines": [1, 8, 10, 11, 12, 13, 14, 16, 19, 20, 21, 28, 29, 32, 33, 34, 45, 46, 47, 48, 49, 50, 53, 54, 55, 65, 66, 67, 70, 79, 80, 83, 101, 102, 112, 113, 123, 124, 134, 135, 145, 146, 156, 157, 167, 170, 171, 172, 182, 183, 184, 185, 186, 189, 210, 211, 214, 215, 217, 218, 221, 222, 223, 225, 226, 227, 228, 230, 235, 236, 237, 238, 247, 248, 249, 250, 252, 258, 260, 269, 281, 282, 284, 287, 299, 300, 303, 304, 305, 306, 317], "summary": {"covered_lines": 86, "num_statements": 98, "percent_covered": 79.41176470588235, "percent_covered_display": "79", "missing_lines": 12, "excluded_lines": 0, "num_branches": 38, "num_partial_branches": 16, "covered_branches": 22, "missing_branches": 16}, "missing_lines": [103, 114, 125, 136, 147, 158, 212, 219, 229, 251, 283, 301], "excluded_lines": [], "executed_branches": [[102, 112], [113, 123], [124, 134], [135, 145], [146, 156], [157, 167], [211, 214], [218, 221], [225, 226], [225, 235], [227, 228], [228, 230], [235, 236], [237, 238], [247, 248], [247, 258], [249, 250], [250, 252], [282, 284], [300, 303], [304, 305], [304, 317]], "missing_branches": [[102, 103], [113, 114], [124, 125], [135, 136], [146, 147], [157, 158], [211, 212], [218, 219], [227, 235], [228, 229], [235, 247], [237, 247], [249, 258], [250, 251], [282, 283], [300, 301]], "functions": {"compute_config_hash": {"executed_lines": [79, 80], "summary": {"covered_lines": 2, "num_statements": 2, "percent_covered": 100.0, "percent_covered_display": "100", "missing_lines": 0, "excluded_lines": 0, "num_branches": 0, "num_partial_branches": 0, "covered_branches": 0, "missing_branches": 0}, "missing_lines": [], "excluded_lines": [], "executed_branches": [], "missing_branches": []}, "_apply_env_overrides_backtest": {"executed_lines": [101, 102, 112, 113, 123, 124, 134, 135, 145, 146, 156, 157, 167], "summary": {"covered_lines": 13, "num_statements": 19, "percent_covered": 61.29032258064516, "percent_covered_display": "61", "missing_lines": 6, "excluded_lines": 0, "num_branches": 12, "num_partial_branches": 6, "covered_branches": 6, "missing_branches": 6}, "missing_lines": [103, 114, 125, 136, 147, 158], "excluded_lines": [], "executed_branches": [[102, 112], [113, 123], [124, 134], [135, 145], [146, 156], [157, 167]], "missing_branches": [[102, 103], [113, 114], [124, 125], [135, 136], [146, 147], [157, 158]]}, "load_config": {"executed_lines": [210, 211, 214, 215, 217, 218, 221, 222, 223, 225, 226, 227, 228, 230, 235, 236, 237, 238, 247, 248, 249, 250, 252, 258, 260], "summary": {"covered_lines": 25, "num_statements": 29, "percent_covered": 75.51020408163265, "percent_covered_display": "76", "missing_lines": 4, "excluded_lines": 0, "num_branches": 20, "num_partial_branches": 8, "covered_branches": 12, "missing_branches": 8}, "missing_lines": [212, 219, 229, 251], "excluded_lines": [], "executed_branches": [[211, 214], [218, 221], [225, 226], [225, 235], [227, 228], [228, 230], [235, 236], [237, 238], [247, 248], [247, 258], [249, 250], [250, 252]], "missing_branches": [[211, 212], [218, 219], [227, 235], [228, 229], [235, 247], [237, 247], [249, 258], [250, 251]]}, "load_strategy_config": {"executed_lines": [281, 282, 284], "summary": {"covered_lines": 3, "num_statements": 4, "percent_covered": 66.66666666666667, "percent_covered_display": "67", "missing_lines": 1, "excluded_lines": 0, "num_branches": 2, "num_partial_branches": 1, "covered_branches": 1, "missing_branches": 1}, "missing_lines": [283], "excluded_lines": [], "executed_branches": [[282, 284]], "missing_branches": [[282, 283]]}, "load_sweep_config": {"executed_lines": [299, 300, 303, 304, 305, 306, 317], "summary": {"covered_lines": 7, "num_statements": 8, "percent_covered": 83.33333333333333, "percent_covered_display": "83", "missing_lines": 1, "excluded_lines": 0, "num_branches": 4, "num_partial_branches": 1, "covered_branches": 3, "missing_branches": 1}, "missing_lines": [301], "excluded_lines": [], "executed_branches": [[300, 303], [304, 305], [304, 317]], "missing_branches": [[300, 301]]}, "": {"executed_lines": [1, 8, 10, 11, 12, 13, 14, 16, 19, 20, 21, 28, 29, 32, 33, 34, 45, 46, 47, 48, 49, 50, 53, 54, 55, 65, 66, 67, 70, 83, 170, 171, 172, 182, 183, 184, 185, 186, 189, 269, 287], "summary": {"covered_lines": 36, "num_statements": 36, "percent_covered": 100.0, "percent_covered_display": "100", "missing_lines": 0, "excluded_lines": 0, "num_branches": 0, "num_partial_branches": 0, "covered_branches": 0, "missing_branches": 0}, "missing_lines": [], "excluded_lines": [], "executed_branches": [], "missing_branches": []}}, "classes": {"StrategyConfig": {"executed_lines": [], "summary": {"covered_lines": 0, "num_statements": 0, "percent_covered": 100.0, "percent_covered_display": "100", "missing_lines": 0, "excluded_lines": 0, "num_branches": 0, "num_partial_branches": 0, "covered_branches": 0, "missing_branches": 0}, "missing_lines": [], "excluded_lines": [], "executed_branches": [], "missing_branches": []}, "BacktestConfig": {"executed_lines": [], "summary": {"covered_lines": 0, "num_statements": 0, "percent_covered": 100.0, "percent_covered_display": "100", "missing_lines": 0, "excluded_lines": 0, "num_branches": 0, "num_partial_branches": 0, "covered_branches": 0, "missing_branches": 0}, "missing_lines": [], "excluded_lines": [], "executed_branches": [], "missing_branches": []}, "SweepConfig": {"executed_lines": [], "summary": {"covered_lines": 0, "num_statements": 0, "percent_covered": 100.0, "percent_covered_display": "100", "missing_lines": 0, "excluded_lines": 0, "num_branches": 0, "num_partial_branches": 0, "covered_branches": 0, "missing_branches": 0}, "missing_lines": [], "excluded_lines": [], "executed_branches": [], "missing_branches": []}, "LoadedConfig": {"executed_lines": [], "summary": {"covered_lines": 0, "num_statements": 0, "percent_covered": 100.0, "percent_covered_display": "100", "missing_lines": 0, "excluded_lines": 0, "num_branches": 0, "num_partial_branches": 0, "covered_branches": 0, "missing_branches": 0}, "missing_lines": [], "excluded_lines": [], "executed_branches": [], "missing_branches": []}, "": {"executed_lines": [1, 8, 10, 11, 12, 13, 14, 16, 19, 20, 21, 28, 29, 32, 33, 34, 45, 46, 47, 48, 49, 50, 53, 54, 55, 65, 66, 67, 70, 79, 80, 83, 101, 102, 112, 113, 123, 124, 134, 135, 145, 146, 156, 157, 167, 170, 171, 172, 182, 183, 184, 185, 186, 189, 210, 211, 214, 215, 217, 218, 221, 222, 223, 225, 226, 227, 228, 230, 235, 236, 237, 238, 247, 248, 249, 250, 252, 258, 260, 269, 281, 282, 284, 287, 299, 300, 303, 304, 305, 306, 317], "summary": {"covered_lines": 86, "num_statements": 98, "percent_covered": 79.41176470588235, "percent_covered_display": "79", "missing_lines": 12, "excluded_lines": 0, "num_branches": 38, "num_partial_branches": 16, "covered_branches": 22, "missing_branches": 16}, "missing_lines": [103, 114, 125, 136, 147, 158, 212, 219, 229, 251, 283, 301], "excluded_lines": [], "executed_branches": [[102, 112], [113, 123], [124, 134], [135, 145], [146, 156], [157, 167], [211, 214], [218, 221], [225, 226], [225, 235], [227, 228], [228, 230], [235, 236], [237, 238], [247, 248], [247, 258], [249, 250], [250, 252], [282, 284], [300, 303], [304, 305], [304, 317]], "missing_branches": [[102, 103], [113, 114], [124, 125], [135, 136], [146, 147], [157, 158], [211, 212], [218, 219], [227, 235], [228, 229], [235, 247], [237, 247], [249, 258], [250, 251], [282, 283], [300, 301]]}}}, "simple_futures_backtester/data/__init__.py": {"executed_lines": [1, 7, 12, 17], "summary": {"covered_lines": 3, "num_statements": 3, "percent_covered": 100.0, "percent_covered_display": "100", "missing_lines": 0, "excluded_lines": 0, "num_branches": 0, "num_partial_branches": 0, "covered_branches": 0, "missing_branches": 0}, "missing_lines": [], "excluded_lines": [], "executed_branches": [], "missing_branches": [], "functions": {"": {"executed_lines": [1, 7, 12, 17], "summary": {"covered_lines": 3, "num_statements": 3, "percent_covered": 100.0, "percent_covered_display": "100", "missing_lines": 0, "excluded_lines": 0, "num_branches": 0, "num_partial_branches": 0, "covered_branches": 0, "missing_branches": 0}, "missing_lines": [], "excluded_lines": [], "executed_branches": [], "missing_branches": []}}, "classes": {"": {"executed_lines": [1, 7, 12, 17], "summary": {"covered_lines": 3, "num_statements": 3, "percent_covered": 100.0, "percent_covered_display": "100", "missing_lines": 0, "excluded_lines": 0, "num_branches": 0, "num_partial_branches": 0, "covered_branches": 0, "missing_branches": 0}, "missing_lines": [], "excluded_lines": [], "executed_branches": [], "missing_branches": []}}}, "simple_futures_backtester/data/loader.py": {"executed_lines": [1, 7, 9, 11, 14, 15, 24, 28, 30, 39, 48, 49, 52, 62, 63, 64, 65, 72, 82, 83, 88, 101, 102, 103, 111, 114, 127, 129, 136, 139, 160, 163, 166, 169, 172, 174, 177, 210, 211, 213, 216, 217, 223, 226, 259, 260, 262, 265, 266, 270], "summary": {"covered_lines": 48, "num_statements": 60, "percent_covered": 80.0, "percent_covered_display": "80", "missing_lines": 12, "excluded_lines": 0, "num_branches": 10, "num_partial_branches": 2, "covered_branches": 8, "missing_branches": 2}, "missing_lines": [104, 105, 130, 131, 214, 218, 219, 220, 221, 263, 267, 268], "excluded_lines": [], "executed_branches": [[63, -52], [63, 64], [82, -72], [82, 83], [101, 102], [101, 111], [213, 216], [262, 265]], "missing_branches": [[213, 214], [262, 263]], "functions": {"_normalize_column_names": {"executed_lines": [48, 49], "summary": {"covered_lines": 2, "num_statements": 2, "percent_covered": 100.0, "percent_covered_display": "100", "missing_lines": 0, "excluded_lines": 0, "num_branches": 0, "num_partial_branches": 0, "covered_branches": 0, "missing_branches": 0}, "missing_lines": [], "excluded_lines": [], "executed_branches": [], "missing_branches": []}, "_validate_required_columns": {"executed_lines": [62, 63, 64, 65], "summary": {"covered_lines": 4, "num_statements": 4, "percent_covered": 100.0, "percent_covered_display": "100", "missing_lines": 0, "excluded_lines": 0, "num_branches": 2, "num_partial_branches": 0, "covered_branches": 2, "missing_branches": 0}, "missing_lines": [], "excluded_lines": [], "executed_branches": [[63, -52], [63, 64]], "missing_branches": []}, "_validate_not_empty": {"executed_lines": [82, 83], "summary": {"covered_lines": 2, "num_statements": 2, "percent_covered": 100.0, "percent_covered_display": "100", "missing_lines": 0, "excluded_lines": 0, "num_branches": 2, "num_partial_branches": 0, "covered_branches": 2, "missing_branches": 0}, "missing_lines": [], "excluded_lines": [], "executed_branches": [[82, -72], [82, 83]], "missing_branches": []}, "_normalize_dtypes": {"executed_lines": [101, 102, 103, 111], "summary": {"covered_lines": 4, "num_statements": 6, "percent_covered": 75.0, "percent_covered_display": "75", "missing_lines": 2, "excluded_lines": 0, "num_branches": 2, "num_partial_branches": 0, "covered_branches": 2, "missing_branches": 0}, "missing_lines": [104, 105], "excluded_lines": [], "executed_branches": [[101, 102], [101, 111]], "missing_branches": []}, "_parse_datetime": {"executed_lines": [127, 129, 136], "summary": {"covered_lines": 3, "num_statements": 5, "percent_covered": 60.0, "percent_covered_display": "60", "missing_lines": 2, "excluded_lines": 0, "num_branches": 0, "num_partial_branches": 0, "covered_branches": 0, "missing_branches": 0}, "missing_lines": [130, 131], "excluded_lines": [], "executed_branches": [], "missing_branches": []}, "_validate_schema": {"executed_lines": [160, 163, 166, 169, 172, 174], "summary": {"covered_lines": 6, "num_statements": 6, "percent_covered": 100.0, "percent_covered_display": "100", "missing_lines": 0, "excluded_lines": 0, "num_branches": 0, "num_partial_branches": 0, "covered_branches": 0, "missing_branches": 0}, "missing_lines": [], "excluded_lines": [], "executed_branches": [], "missing_branches": []}, "load_csv": {"executed_lines": [210, 211, 213, 216, 217, 223], "summary": {"covered_lines": 6, "num_statements": 11, "percent_covered": 53.84615384615385, "percent_covered_display": "54", "missing_lines": 5, "excluded_lines": 0, "num_branches": 2, "num_partial_branches": 1, "covered_branches": 1, "missing_branches": 1}, "missing_lines": [214, 218, 219, 220, 221], "excluded_lines": [], "executed_branches": [[213, 216]], "missing_branches": [[213, 214]]}, "load_parquet": {"executed_lines": [259, 260, 262, 265, 266, 270], "summary": {"covered_lines": 6, "num_statements": 9, "percent_covered": 63.63636363636363, "percent_covered_display": "64", "missing_lines": 3, "excluded_lines": 0, "num_branches": 2, "num_partial_branches": 1, "covered_branches": 1, "missing_branches": 1}, "missing_lines": [263, 267, 268], "excluded_lines": [], "executed_branches": [[262, 265]], "missing_branches": [[262, 263]]}, "": {"executed_lines": [1, 7, 9, 11, 14, 15, 24, 28, 30, 39, 52, 72, 88, 114, 139, 177, 226], "summary": {"covered_lines": 15, "num_statements": 15, "percent_covered": 100.0, "percent_covered_display": "100", "missing_lines": 0, "excluded_lines": 0, "num_branches": 0, "num_partial_branches": 0, "covered_branches": 0, "missing_branches": 0}, "missing_lines": [], "excluded_lines": [], "executed_branches": [], "missing_branches": []}}, "classes": {"DataLoadError": {"executed_lines": [], "summary": {"covered_lines": 0, "num_statements": 0, "percent_covered": 100.0, "percent_covered_display": "100", "missing_lines": 0, "excluded_lines": 0, "num_branches": 0, "num_partial_branches": 0, "covered_branches": 0, "missing_branches": 0}, "missing_lines": [], "excluded_lines": [], "executed_branches": [], "missing_branches": []}, "": {"executed_lines": [1, 7, 9, 11, 14, 15, 24, 28, 30, 39, 48, 49, 52, 62, 63, 64, 65, 72, 82, 83, 88, 101, 102, 103, 111, 114, 127, 129, 136, 139, 160, 163, 166, 169, 172, 174, 177, 210, 211, 213, 216, 217, 223, 226, 259, 260, 262, 265, 266, 270], "summary": {"covered_lines": 48, "num_statements": 60, "percent_covered": 80.0, "percent_covered_display": "80", "missing_lines": 12, "excluded_lines": 0, "num_branches": 10, "num_partial_branches": 2, "covered_branches": 8, "missing_branches": 2}, "missing_lines": [104, 105, 130, 131, 214, 218, 219, 220, 221, 263, 267, 268], "excluded_lines": [], "executed_branches": [[63, -52], [63, 64], [82, -72], [82, 83], [101, 102], [101, 111], [213, 216], [262, 265]], "missing_branches": [[213, 214], [262, 263]]}}}, "simple_futures_backtester/data/validation.py": {"executed_lines": [1, 13, 15, 17, 18, 21, 22, 37, 52, 53, 54, 55, 56, 59, 68, 70, 71, 72, 73, 74, 82, 91, 92, 94, 95, 97, 98, 99, 100, 101, 102, 110, 119, 120, 121, 122, 124, 125, 126, 127, 128, 135, 136, 137, 138, 139, 146, 147, 157, 166, 167, 168, 169, 177, 206, 207, 208, 209, 211], "summary": {"covered_lines": 57, "num_statements": 59, "percent_covered": 96.0, "percent_covered_display": "96", "missing_lines": 2, "excluded_lines": 0, "num_branches": 16, "num_partial_branches": 1, "covered_branches": 15, "missing_branches": 1}, "missing_lines": [148, 149], "excluded_lines": [], "executed_branches": [[70, -59], [70, 71], [72, 70], [72, 73], [91, 92], [91, 94], [97, -82], [97, 98], [126, 127], [126, 135], [137, 138], [137, 146], [147, -110], [167, -157], [167, 168]], "missing_branches": [[147, 148]], "functions": {"DataValidationError.__init__": {"executed_lines": [52, 53, 54, 55, 56], "summary": {"covered_lines": 5, "num_statements": 5, "percent_covered": 100.0, "percent_covered_display": "100", "missing_lines": 0, "excluded_lines": 0, "num_branches": 0, "num_partial_branches": 0, "covered_branches": 0, "missing_branches": 0}, "missing_lines": [], "excluded_lines": [], "executed_branches": [], "missing_branches": []}, "_check_nan_values": {"executed_lines": [68, 70, 71, 72, 73, 74], "summary": {"covered_lines": 6, "num_statements": 6, "percent_covered": 100.0, "percent_covered_display": "100", "missing_lines": 0, "excluded_lines": 0, "num_branches": 4, "num_partial_branches": 0, "covered_branches": 4, "missing_branches": 0}, "missing_lines": [], "excluded_lines": [], "executed_branches": [[70, -59], [70, 71], [72, 70], [72, 73]], "missing_branches": []}, "_check_timestamp_monotonicity": {"executed_lines": [91, 92, 94, 95, 97, 98, 99, 100, 101, 102], "summary": {"covered_lines": 10, "num_statements": 10, "percent_covered": 100.0, "percent_covered_display": "100", "missing_lines": 0, "excluded_lines": 0, "num_branches": 4, "num_partial_branches": 0, "covered_branches": 4, "missing_branches": 0}, "missing_lines": [], "excluded_lines": [], "executed_branches": [[91, 92], [91, 94], [97, -82], [97, 98]], "missing_branches": []}, "_check_ohlc_bounds": {"executed_lines": [119, 120, 121, 122, 124, 125, 126, 127, 128, 135, 136, 137, 138, 139, 146, 147], "summary": {"covered_lines": 16, "num_statements": 18, "percent_covered": 87.5, "percent_covered_display": "88", "missing_lines": 2, "excluded_lines": 0, "num_branches": 6, "num_partial_branches": 1, "covered_branches": 5, "missing_branches": 1}, "missing_lines": [148, 149], "excluded_lines": [], "executed_branches": [[126, 127], [126, 135], [137, 138], [137, 146], [147, -110]], "missing_branches": [[147, 148]]}, "_check_volume_non_negative": {"executed_lines": [166, 167, 168, 169], "summary": {"covered_lines": 4, "num_statements": 4, "percent_covered": 100.0, "percent_covered_display": "100", "missing_lines": 0, "excluded_lines": 0, "num_branches": 2, "num_partial_branches": 0, "covered_branches": 2, "missing_branches": 0}, "missing_lines": [], "excluded_lines": [], "executed_branches": [[167, -157], [167, 168]], "missing_branches": []}, "validate_data": {"executed_lines": [206, 207, 208, 209, 211], "summary": {"covered_lines": 5, "num_statements": 5, "percent_covered": 100.0, "percent_covered_display": "100", "missing_lines": 0, "excluded_lines": 0, "num_branches": 0, "num_partial_branches": 0, "covered_branches": 0, "missing_branches": 0}, "missing_lines": [], "excluded_lines": [], "executed_branches": [], "missing_branches": []}, "": {"executed_lines": [1, 13, 15, 17, 18, 21, 22, 37, 59, 82, 110, 157, 177], "summary": {"covered_lines": 11, "num_statements": 11, "percent_covered": 100.0, "percent_covered_display": "100", "missing_lines": 0, "excluded_lines": 0, "num_branches": 0, "num_partial_branches": 0, "covered_branches": 0, "missing_branches": 0}, "missing_lines": [], "excluded_lines": [], "executed_branches": [], "missing_branches": []}}, "classes": {"DataValidationError": {"executed_lines": [52, 53, 54, 55, 56], "summary": {"covered_lines": 5, "num_statements": 5, "percent_covered": 100.0, "percent_covered_display": "100", "missing_lines": 0, "excluded_lines": 0, "num_branches": 0, "num_partial_branches": 0, "covered_branches": 0, "missing_branches": 0}, "missing_lines": [], "excluded_lines": [], "executed_branches": [], "missing_branches": []}, "": {"executed_lines": [1, 13, 15, 17, 18, 21, 22, 37, 59, 68, 70, 71, 72, 73, 74, 82, 91, 92, 94, 95, 97, 98, 99, 100, 101, 102, 
[...]
 {"executed_lines": [1, 28, 30, 31, 32, 33, 35, 36, 39, 40, 55, 68, 108], "summary": {"covered_lines": 11, "num_statements": 11, "percent_covered": 100.0, "percent_covered_display": "100", "missing_lines": 0, "excluded_lines": 0, "num_branches": 0, "num_partial_branches": 0, "covered_branches": 0, "missing_branches": 0}, "missing_lines": [], "excluded_lines": [], "executed_branches": [], "missing_branches": []}}, "classes": {"MeanReversionStrategy": {"executed_lines": [], "summary": {"covered_lines": 0, "num_statements": 15, "percent_covered": 0.0, "percent_covered_display": "0", "missing_lines": 15, "excluded_lines": 0, "num_branches": 0, "num_partial_branches": 0, "covered_branches": 0, "missing_branches": 0}, "missing_lines": [64, 65, 66, 95, 98, 102, 137, 140, 143, 144, 147, 148, 151, 152, 154], "excluded_lines": [], "executed_branches": [], "missing_branches": []}, "": {"executed_lines": [1, 28, 30, 31, 32, 33, 35, 36, 39, 40, 55, 68, 108], "summary": {"covered_lines": 11, "num_statements": 11, "percent_covered": 100.0, "percent_covered_display": "100", "missing_lines": 0, "excluded_lines": 0, "num_branches": 0, "num_partial_branches": 0, "covered_branches": 0, "missing_branches": 0}, "missing_lines": [], "excluded_lines": [], "executed_branches": [], "missing_branches": []}}}, "simple_futures_backtester/strategy/examples/momentum.py": {"executed_lines": [1, 31, 33, 34, 35, 37, 38, 41, 42, 59, 69, 70, 71, 72, 74, 102, 105, 106, 107, 110, 111, 114, 115, 116, 119, 122, 124, 130, 159, 162, 165, 166, 167, 170, 171, 174, 175, 177], "summary": {"covered_lines": 36, "num_statements": 36, "percent_covered": 100.0, "percent_covered_display": "100", "missing_lines": 0, "excluded_lines": 0, "num_branches": 0, "num_partial_branches": 0, "covered_branches": 0, "missing_branches": 0}, "missing_lines": [], "excluded_lines": [], "executed_branches": [], "missing_branches": [], "functions": {"MomentumStrategy.__init__": {"executed_lines": [69, 70, 71, 72], "summary": {"covered_lines": 4, "num_statements": 4, "percent_covered": 100.0, "percent_covered_display": "100", "missing_lines": 0, "excluded_lines": 0, "num_branches": 0, "num_partial_branches": 0, "covered_branches": 0, "missing_branches": 0}, "missing_lines": [], "excluded_lines": [], "executed_branches": [], "missing_branches": []}, "MomentumStrategy.calculate_indicators": {"executed_lines": [102, 105, 106, 107, 110, 111, 114, 115, 116, 119, 122, 124], "summary": {"covered_lines": 12, "num_statements": 12, "percent_covered": 100.0, "percent_covered_display": "100", "missing_lines": 0, "excluded_lines": 0, "num_branches": 0, "num_partial_branches": 0, "covered_branches": 0, "missing_branches": 0}, "missing_lines": [], "excluded_lines": [], "executed_branches": [], "missing_branches": []}, "MomentumStrategy.generate_signals": {"executed_lines": [159, 162, 165, 166, 167, 170, 171, 174, 175, 177], "summary": {"covered_lines": 10, "num_statements": 10, "percent_covered": 100.0, "percent_covered_display": "100", "missing_lines": 0, "excluded_lines": 0, "num_branches": 0, "num_partial_branches": 0, "covered_branches": 0, "missing_branches": 0}, "missing_lines": [], "excluded_lines": [], "executed_branches": [], "missing_branches": []}, "": {"executed_lines": [1, 31, 33, 34, 35, 37, 38, 41, 42, 59, 74, 130], "summary": {"covered_lines": 10, "num_statements": 10, "percent_covered": 100.0, "percent_covered_display": "100", "missing_lines": 0, "excluded_lines": 0, "num_branches": 0, "num_partial_branches": 0, "covered_branches": 0, "missing_branches": 0}, "missing_lines": [], "excluded_lines": [], "executed_branches": [], "missing_branches": []}}, "classes": {"MomentumStrategy": {"executed_lines": [69, 70, 71, 72, 102, 105, 106, 107, 110, 111, 114, 115, 116, 119, 122, 124, 159, 162, 165, 166, 167, 170, 171, 174, 175, 177], "summary": {"covered_lines": 26, "num_statements": 26, "percent_covered": 100.0, "percent_covered_display": "100", "missing_lines": 0, "excluded_lines": 0, "num_branches": 0, "num_partial_branches": 0, "covered_branches": 0, "missing_branches": 0}, "missing_lines": [], "excluded_lines": [], "executed_branches": [], "missing_branches": []}, "": {"executed_lines": [1, 31, 33, 34, 35, 37, 38, 41, 42, 59, 74, 130], "summary": {"covered_lines": 10, "num_statements": 10, "percent_covered": 100.0, "percent_covered_display": "100", "missing_lines": 0, "excluded_lines": 0, "num_branches": 0, "num_partial_branches": 0, "covered_branches": 0, "missing_branches": 0}, "missing_lines": [], "excluded_lines": [], "executed_branches": [], "missing_branches": []}}}, "simple_futures_backtester/utils/__init__.py": {"executed_lines": [1, 7, 17, 27], "summary": {"covered_lines": 3, "num_statements": 3, "percent_covered": 100.0, "percent_covered_display": "100", "missing_lines": 0, "excluded_lines": 0, "num_branches": 0, "num_partial_branches": 0, "covered_branches": 0, "missing_branches": 0}, "missing_lines": [], "excluded_lines": [], "executed_branches": [], "missing_branches": [], "functions": {"": {"executed_lines": [1, 7, 17, 27], "summary": {"covered_lines": 3, "num_statements": 3, "percent_covered": 100.0, "percent_covered_display": "100", "missing_lines": 0, "excluded_lines": 0, "num_branches": 0, "num_partial_branches": 0, "covered_branches": 0, "missing_branches": 0}, "missing_lines": [], "excluded_lines": [], "executed_branches": [], "missing_branches": []}}, "classes": {"": {"executed_lines": [1, 7, 17, 27], "summary": {"covered_lines": 3, "num_statements": 3, "percent_covered": 100.0, "percent_covered_display": "100", "missing_lines": 0, "excluded_lines": 0, "num_branches": 0, "num_partial_branches": 0, "covered_branches": 0, "missing_branches": 0}, "missing_lines": [], "excluded_lines": [], "executed_branches": [], "missing_branches": []}}}, "simple_futures_backtester/utils/benchmarks.py": {"executed_lines": [1, 27, 29, 30, 31, 32, 33, 34, 36, 38, 43, 54, 70, 76, 79, 100, 101, 106, 108, 112, 113, 114, 115, 119, 120, 124, 125, 129, 134, 136, 138, 143, 149, 163, 167, 177, 186, 187, 188, 189, 190, 193, 194, 197, 205, 206, 210, 226, 229, 282, 284, 289, 290, 291, 292, 293, 294, 306, 309, 341, 360, 363, 365, 366, 369, 370, 372, 375, 378, 380, 381, 383, 386, 399, 400, 401, 402, 403, 404, 406, 407, 408, 409, 410, 413, 416, 417, 418, 419, 424, 425, 426, 434, 442, 445, 454, 455, 456, 457, 459, 460, 463, 466], "summary": {"covered_lines": 101, "num_statements": 151, "percent_covered": 62.08530805687204, "percent_covered_display": "62", "missing_lines": 50, "excluded_lines": 2, "num_branches": 60, "num_partial_branches": 16, "covered_branches": 30, "missing_branches": 30}, "missing_lines": [102, 103, 117, 121, 126, 164, 168, 195, 199, 200, 201, 202, 207, 230, 231, 234, 235, 236, 239, 240, 241, 245, 248, 249, 251, 252, 253, 264, 265, 275, 277, 278, 303, 304, 319, 320, 321, 324, 333, 334, 335, 336, 338, 373, 421, 427, 428, 430, 432, 461], "excluded_lines": [38, 39], "executed_branches": [[101, 106], [106, 108], [112, 113], [113, 114], [120, 124], [125, 129], [163, 167], [167, 177], [188, 189], [194, 197], [229, 282], [289, 290], [289, 306], [363, 365], [363, 369], [369, 370], [369, 372], [372, 375], [380, 381], [380, 383], [406, 407], [406, 442], [416, 417], [416, 418], [418, 419], [424, 425], [425, 426], [454, 455], [454, 463], [460, 454]], "missing_branches": [[101, 102], [106, 119], [112, 117], [113, 112], [120, 121], [125, 126], [163, 164], [167, 168], [188, 193], [194, 195], [229, 230], [239, 240], [239, 275], [249, 239], [249, 251], [251, 252], [251, 264], [320, 321], [320, 324], [333, 334], [333, 338], [334, 333], [334, 335], [372, 373], [418, 421], [424, 432], [425, 427], [427, 428], [427, 430], [460, 461]], "functions": {"get_available_suites": {"executed_lines": [76], "summary": {"covered_lines": 1, "num_statements": 1, "percent_covered": 100.0, "percent_covered_display": "100", "missing_lines": 0, "excluded_lines": 0, "num_branches": 0, "num_partial_branches": 0, "covered_branches": 0, "missing_branches": 0}, "missing_lines": [], "excluded_lines": [], "executed_branches": [], "missing_branches": []}, "run_benchmark_suite": {"executed_lines": [100, 101, 106, 108, 112, 113, 114, 115, 119, 120, 124, 125, 129, 134, 136, 138, 143, 149, 163, 167, 177, 186, 187, 188, 189, 190, 193, 194, 197, 205, 206], "summary": {"covered_lines": 31, "num_statements": 44, "percent_covered": 64.0625, "percent_covered_display": "64", "missing_lines": 13, "excluded_lines": 0, "num_branches": 20, "num_partial_branches": 10, "covered_branches": 10, "missing_branches": 10}, "missing_lines": [102, 103, 117, 121, 126, 164, 168, 195, 199, 200, 201, 202, 207], "excluded_lines": [], "executed_branches": [[101, 106], [106, 108], [112, 113], [113, 114], [120, 124], [125, 129], [163, 167], [167, 177], [188, 189], [194, 197]], "missing_branches": [[101, 102], [106, 119], [112, 117], [113, 112], [120, 121], [125, 126], [163, 164], [167, 168], [188, 193], [194, 195]]}, "parse_benchmark_output": {"executed_lines": [226, 229, 282, 284, 289, 290, 291, 292, 293, 294, 306], "summary": {"covered_lines": 11, "num_statements": 32, "percent_covered": 33.333333333333336, "percent_covered_display": "33", "missing_lines": 21, "excluded_lines": 0, "num_branches": 10, "num_partial_branches": 1, "covered_branches": 3, "missing_branches": 7}, "missing_lines": [230, 231, 234, 235, 236, 239, 240, 241, 245, 248, 249, 251, 252, 253, 264, 265, 275, 277, 278, 303, 304], "excluded_lines": [], "executed_branches": [[229, 282], [289, 290], [289, 306]], "missing_branches": [[229, 230], [239, 240], [239, 275], [249, 239], [249, 251], [251, 252], [251, 264]]}, "_extract_component_name": {"executed_lines": [], "summary": {"covered_lines": 0, "num_statements": 9, "percent_covered": 0.0, "percent_covered_display": "0", "missing_lines": 9, "excluded_lines": 0, "num_branches": 6, "num_partial_branches": 0, "covered_branches": 0, "missing_branches": 6}, "missing_lines": [319, 320, 321, 324, 333, 334, 335, 336, 338], "excluded_lines": [], "executed_branches": [], "missing_branches": [[320, 321], [320, 324], [333, 334], [333, 338], [334, 333], [334, 335]]}, "check_benchmark_status": {"executed_lines": [360, 363, 365, 366, 369, 370, 372, 375, 378, 380, 381, 383], "summary": {"covered_lines": 12, "num_statements": 13, "percent_covered": 90.47619047619048, "percent_covered_display": "90", "missing_lines": 1, "excluded_lines": 0, "num_branches": 8, "num_partial_branches": 1, "covered_branches": 7, "missing_branches": 1}, "missing_lines": [373], "excluded_lines": [], "executed_branches": [[363, 365], [363, 369], [369, 370], [369, 372], [372, 375], [380, 381], [380, 383]], "missing_branches": [[372, 373]]}, "create_benchmark_table": {"executed_lines": [399, 400, 401, 402, 403, 404, 406, 407, 408, 409, 410, 413, 416, 417, 418, 419, 424, 425, 426, 434, 442], "summary": {"covered_lines": 21, "num_statements": 26, "percent_covered": 73.6842105263158, "percent_covered_display": "74", "missing_lines": 5, "excluded_lines": 0, "num_branches": 12, "num_partial_branches": 3, "covered_branches": 7, "missing_branches": 5}, "missing_lines": [421, 427, 428, 430, 432], "excluded_lines": [], "executed_branches": [[406, 407], [406, 442], [416, 417], [416, 418], [418, 419], [424, 425], [425, 426]], "missing_branches": [[418, 421], [424, 432], [425, 427], [427, 428], [427, 430]]}, "check_all_passed": {"executed_lines": [454, 455, 456, 457, 459, 460, 463], "summary": {"covered_lines": 7, "num_statements": 8, "percent_covered": 83.33333333333333, "percent_covered_display": "83", "missing_lines": 1, "excluded_lines": 0, "num_branches": 4, "num_partial_branches": 1, "covered_branches": 3, "missing_branches": 1}, "missing_lines": [461], "excluded_lines": [], "executed_branches": [[454, 455], [454, 463], [460, 454]], "missing_branches": [[460, 461]]}, "": {"executed_lines": [1, 27, 29, 30, 31, 32, 33, 34, 36, 38, 43, 54, 70, 79, 210, 309, 341, 386, 445, 466], "summary": {"covered_lines": 18, "num_statements": 18, "percent_covered": 100.0, "percent_covered_display": "100", "missing_lines": 0, "excluded_lines": 2, "num_branches": 0, "num_partial_branches": 0, "covered_branches": 0, "missing_branches": 0}, "missing_lines": [], "excluded_lines": [38, 39], "executed_branches": [], "missing_branches": []}}, "classes": {"": {"executed_lines": [1, 27, 29, 30, 31, 32, 33, 34, 36, 38, 43, 54, 70, 76, 79, 100, 101, 106, 108, 112, 113, 114, 115, 119, 120, 124, 125, 129, 134, 136, 138, 143, 149, 163, 167, 177, 186, 187, 188, 189, 190, 193, 194, 197, 205, 206, 210, 226, 229, 282, 284, 289, 290, 291, 292, 293, 294, 306, 309, 341, 360, 363, 365, 366, 369, 370, 372, 375, 378, 380, 381, 383, 386, 399, 400, 401, 402, 403, 404, 406, 407, 408, 409, 410, 413, 416, 417, 418, 419, 424, 425, 426, 434, 442, 445, 454, 455, 456, 457, 459, 460, 463, 466], "summary": {"covered_lines": 101, "num_statements": 151, "percent_covered": 62.08530805687204, "percent_covered_display": "62", "missing_lines": 50, "excluded_lines": 2, "num_branches": 60, "num_partial_branches": 16, "covered_branches": 30, "missing_branches": 30}, "missing_lines": [102, 103, 117, 121, 126, 164, 168, 195, 199, 200, 201, 202, 207, 230, 231, 234, 235, 236, 239, 240, 241, 245, 248, 249, 251, 252, 253, 264, 265, 275, 277, 278, 303, 304, 319, 320, 321, 324, 333, 334, 335, 336, 338, 373, 421, 427, 428, 430, 432, 461], "excluded_lines": [38, 39], "executed_branches": [[101, 106], [106, 108], [112, 113], [113, 114], [120, 124], [125, 129], [163, 167], [167, 177], [188, 189], [194, 197], [229, 282], [289, 290], [289, 306], [363, 365], [363, 369], [369, 370], [369, 372], [372, 375], [380, 381], [380, 383], [406, 407], [406, 442], [416, 417], [416, 418], [418, 419], [424, 425], [425, 426], [454, 455], [454, 463], [460, 454]], "missing_branches": [[101, 102], [106, 119], [112, 117], [113, 112], [120, 121], [125, 126], [163, 164], [167, 168], [188, 193], [194, 195], [229, 230], [239, 240], [239, 275], [249, 239], [249, 251], [251, 252], [251, 264], [320, 321], [320, 324], [333, 334], [333, 338], [334, 333], [334, 335], [372, 373], [418, 421], [424, 432], [425, 427], [427, 428], [427, 430], [460, 461]]}}}, "simple_futures_backtester/utils/jit_utils.py": {"executed_lines": [1, 16, 18, 19, 21, 22, 23, 26, 29, 63, 66, 94, 95, 97, 98, 106, 138, 141, 142, 153, 206, 254, 276, 318, 326, 327, 328, 330], "summary": {"covered_lines": 27, "num_statements": 59, "percent_covered": 40.0, "percent_covered_display": "40", "missing_lines": 32, "excluded_lines": 0, "num_branches": 26, "num_partial_branches": 3, "covered_branches": 7, "missing_branches": 19}, "missing_lines": [100, 101, 102, 103, 139, 144, 145, 147, 148, 149, 150, 191, 192, 194, 196, 197, 198, 199, 201, 203, 237, 238, 239, 240, 242, 244, 245, 246, 247, 249, 251, 273], "excluded_lines": [], "executed_branches": [[94, 95], [94, 97], [97, 98], [138, 141], [141, 142], [327, 328], [327, 330]], "missing_branches": [[97, 100], [138, 139], [141, 144], [144, 145], [144, 147], [191, 192], [191, 194], [196, 197], [196, 198], [198, 199], [198, 201], [237, 238], [237, 239], [239, 240], [239, 242], [244, 245], [244, 246], [246, 247], [246, 249]], "functions": {"get_njit_decorator": {"executed_lines": [63], "summary": {"covered_lines": 1, "num_statements": 1, "percent_covered": 100.0, "percent_covered_display": "100", "missing_lines": 0, "excluded_lines": 0, "num_branches": 0, "num_partial_branches": 0, "covered_branches": 0, "missing_branches": 0}, "missing_lines": [], "excluded_lines": [], "executed_branches": [], "missing_branches": []}, "ensure_float64": {"executed_lines": [94, 95, 97, 98], "summary": {"covered_lines": 4, "num_statements": 8, "percent_covered": 58.333333333333336, "percent_covered_display": "58", "missing_lines": 4, "excluded_lines": 0, "num_branches": 4, "num_partial_branches": 1, "covered_branches": 3, "missing_branches": 1}, "missing_lines": [100, 101, 102, 103], "excluded_lines": [], "executed_branches": [[94, 95], [94, 97], [97, 98]], "missing_branches": [[97, 100]]}, "ensure_int64": {"executed_lines": [138, 141, 142], "summary": {"covered_lines": 3, "num_statements": 10, "percent_covered": 31.25, "percent_covered_display": "31", "missing_lines": 7, "excluded_lines": 0, "num_branches": 6, "num_partial_branches": 2, "covered_branches": 2, "missing_branches": 4}, "missing_lines": [139, 144, 145, 147, 148, 149, 150], "excluded_lines": [], "executed_branches": [[138, 141], [141, 142]], "missing_branches": [[138, 139], [141, 144], [144, 145], [144, 147]]}, "preallocate_array": {"executed_lines": [], "summary": {"covered_lines": 0, "num_statements": 9, "percent_covered": 0.0, "percent_covered_display": "0", "missing_lines": 9, "excluded_lines": 0, "num_branches": 6, "num_partial_branches": 0, "covered_branches": 0, "missing_branches": 6}, "missing_lines": [191, 192, 194, 196, 197, 198, 199, 201, 203], "excluded_lines": [], "executed_branches": [], "missing_branches": [[191, 192], [191, 194], [196, 197], [196, 198], [198, 199], [198, 201]]}, "preallocate_2d_array": {"executed_lines": [], "summary": {"covered_lines": 0, "num_statements": 11, "percent_covered": 0.0, "percent_covered_display": "0", "missing_lines": 11, "excluded_lines": 0, "num_branches": 8, "num_partial_branches": 0, "covered_branches": 0, "missing_branches": 8}, "missing_lines": [237, 238, 239, 240, 242, 244, 245, 246, 247, 249, 251], "excluded_lines": [], "executed_branches": [], "missing_branches": [[237, 238], [237, 239], [239, 240], [239, 242], [244, 245], [244, 246], [246, 247], [246, 249]]}, "is_contiguous": {"executed_lines": [], "summary": {"covered_lines": 0, "num_statements": 1, "percent_covered": 0.0, "percent_covered_display": "0", "missing_lines": 1, "excluded_lines": 0, "num_branches": 0, "num_partial_branches": 0, "covered_branches": 0, "missing_branches": 0}, "missing_lines": [273], "excluded_lines": [], "executed_branches": [], "missing_branches": []}, "validate_ohlcv_arrays": {"executed_lines": [318, 326, 327, 328, 330], "summary": {"covered_lines": 5, "num_statements": 5, "percent_covered": 100.0, "percent_covered_display": "100", "missing_lines": 0, "excluded_lines": 0, "num_branches": 2, "num_partial_branches": 0, "covered_branches": 2, "missing_branches": 0}, "missing_lines": [], "excluded_lines": [], "executed_branches": [[327, 328], [327, 330]], "missing_branches": []}, "": {"executed_lines": [1, 16, 18, 19, 21, 22, 23, 26, 29, 66, 106, 153, 206, 254, 276], "summary": {"covered_lines": 14, "num_statements": 14, "percent_covered": 100.0, "percent_covered_display": "100", "missing_lines": 0, "excluded_lines": 0, "num_branches": 0, "num_partial_branches": 0, "covered_branches": 0, "missing_branches": 0}, "missing_lines": [], "excluded_lines": [], "executed_branches": [], "missing_branches": []}}, "classes": {"": {"executed_lines": [1, 16, 18, 19, 21, 22, 23, 26, 29, 63, 66, 94, 95, 97, 98, 106, 138, 141, 142, 153, 206, 254, 276, 318, 326, 327, 328, 330], "summary": {"covered_lines": 27, "num_statements": 59, "percent_covered": 40.0, "percent_covered_display": "40", "missing_lines": 32, "excluded_lines": 0, "num_branches": 26, "num_partial_branches": 3, "covered_branches": 7, "missing_branches": 19}, "missing_lines": [100, 101, 102, 103, 139, 144, 145, 147, 148, 149, 150, 191, 192, 194, 196, 197, 198, 199, 201, 203, 237, 238, 239, 240, 242, 244, 245, 246, 247, 249, 251, 273], "excluded_lines": [], "executed_branches": [[94, 95], [94, 97], [97, 98], [138, 141], [141, 142], [327, 328], [327, 330]], "missing_branches": [[97, 100], [138, 139], [141, 144], [144, 145], [144, 147], [191, 192], [191, 194], [196, 197], [196, 198], [198, 199], [198, 201], [237, 238], [237, 239], [239, 240], [239, 242], [244, 245], [244, 246], [246, 247], [246, 249]]}}}}, "totals": {"covered_lines": 1742, "num_statements": 2091, "percent_covered": 80.97598170034311, "percent_covered_display": "81", "missing_lines": 349, "excluded_lines": 583, "num_branches": 532, "num_partial_branches": 82, "covered_branches": 382, "missing_branches": 150}}